{"numTotalTestSuites":248,"numPassedTestSuites":161,"numFailedTestSuites":87,"numPendingTestSuites":0,"numTotalTests":762,"numPassedTests":619,"numFailedTests":143,"numPendingTests":0,"numTodoTests":0,"snapshot":{"added":0,"failure":false,"filesAdded":0,"filesRemoved":0,"filesRemovedList":[],"filesUnmatched":0,"filesUpdated":0,"matched":0,"total":0,"unchecked":0,"uncheckedKeysByFile":[],"unmatched":0,"updated":0,"didUpdate":false},"startTime":1779926889379,"success":false,"testResults":[{"assertionResults":[{"ancestorTitles":["Router — Tests Unitaires"],"fullName":"Router — Tests Unitaires 1 — le router a exactement 3 routes","status":"passed","title":"1 — le router a exactement 3 routes","duration":4.080800000000181,"failureMessages":[],"meta":{},"tags":[]},{"ancestorTitles":["Router — Tests Unitaires"],"fullName":"Router — Tests Unitaires 2 — la route '/' a le nom 'home'","status":"passed","title":"2 — la route '/' a le nom 'home'","duration":0.7040999999999258,"failureMessages":[],"meta":{},"tags":[]},{"ancestorTitles":["Router — Tests Unitaires"],"fullName":"Router — Tests Unitaires 3 — la route '/about' a le nom 'about'","status":"passed","title":"3 — la route '/about' a le nom 'about'","duration":0.4161000000003696,"failureMessages":[],"meta":{},"tags":[]},{"ancestorTitles":["Router — Tests Unitaires"],"fullName":"Router — Tests Unitaires 4 — la route '/login' a le nom 'login'","status":"passed","title":"4 — la route '/login' a le nom 'login'","duration":0.35669999999981883,"failureMessages":[],"meta":{},"tags":[]},{"ancestorTitles":["Router — Tests Unitaires"],"fullName":"Router — Tests Unitaires 5 — AboutView utilise le lazy loading (component est une fonction)","status":"passed","title":"5 — AboutView utilise le lazy loading (component est une fonction)","duration":0.2899999999999636,"failureMessages":[],"meta":{},"tags":[]},{"ancestorTitles":["Router — Tests Unitaires"],"fullName":"Router — Tests Unitaires 6 — push({ name: 'login' }) navigue vers '/login'","status":"passed","title":"6 — push({ name: 'login' }) navigue vers '/login'","duration":21.821500000000015,"failureMessages":[],"meta":{},"tags":[]},{"ancestorTitles":["Router — Tests Unitaires"],"fullName":"Router — Tests Unitaires 7 — une route inconnue retourne un tableau matched vide","status":"passed","title":"7 — une route inconnue retourne un tableau matched vide","duration":19.663500000000113,"failureMessages":[],"meta":{},"tags":[]},{"ancestorTitles":["Router — Tests d'Intégration"],"fullName":"Router — Tests d'Intégration 8 — \"/\" affiche HomeView","status":"passed","title":"8 — \"/\" affiche HomeView","duration":67.39799999999968,"failureMessages":[],"meta":{},"tags":[]},{"ancestorTitles":["Router — Tests d'Intégration"],"fullName":"Router — Tests d'Intégration 9 — \"/login\" affiche LoginView","status":"passed","title":"9 — \"/login\" affiche LoginView","duration":9.658699999999953,"failureMessages":[],"meta":{},"tags":[]},{"ancestorTitles":["Router — Tests d'Intégration"],"fullName":"Router — Tests d'Intégration 10 — \"/about\" affiche AboutView (lazy loading)","status":"passed","title":"10 — \"/about\" affiche AboutView (lazy loading)","duration":11.147600000000239,"failureMessages":[],"meta":{},"tags":[]}],"startTime":1779926921725,"endTime":1779926921862.1477,"status":"passed","message":"","name":"C:/Users/F_B/Desktop/Trusty/frontend/tests/router/router.test.js"},{"assertionResults":[{"ancestorTitles":["auth.service.js — Tests Unitaires"],"fullName":"auth.service.js — Tests Unitaires 1 — login appelle POST /auth/login avec credentials","status":"failed","title":"1 — login appelle POST /auth/login avec credentials","duration":125.3778000000002,"failureMessages":["AxiosError: Network Error\n    at XMLHttpRequest.handleError (file:///C:/Users/F_B/Desktop/Trusty/frontend/node_modules/axios/lib/adapters/xhr.js:124:21)\n    at XMLHttpRequest.invokeTheCallbackFunction (C:\\Users\\F_B\\Desktop\\Trusty\\frontend\\node_modules\\jsdom\\lib\\generated\\idl\\EventHandlerNonNull.js:14:28)\n    at XMLHttpRequest.<anonymous> (C:\\Users\\F_B\\Desktop\\Trusty\\frontend\\node_modules\\jsdom\\lib\\jsdom\\living\\helpers\\create-event-accessor.js:57:32)\n    at innerInvokeEventListeners (C:\\Users\\F_B\\Desktop\\Trusty\\frontend\\node_modules\\jsdom\\lib\\jsdom\\living\\events\\EventTarget-impl.js:360:16)\n    at invokeEventListeners (C:\\Users\\F_B\\Desktop\\Trusty\\frontend\\node_modules\\jsdom\\lib\\jsdom\\living\\events\\EventTarget-impl.js:296:3)\n    at XMLHttpRequestImpl._dispatch (C:\\Users\\F_B\\Desktop\\Trusty\\frontend\\node_modules\\jsdom\\lib\\jsdom\\living\\events\\EventTarget-impl.js:243:9)\n    at fireAnEvent (C:\\Users\\F_B\\Desktop\\Trusty\\frontend\\node_modules\\jsdom\\lib\\jsdom\\living\\helpers\\events.js:18:36)\n    at requestErrorSteps (C:\\Users\\F_B\\Desktop\\Trusty\\frontend\\node_modules\\jsdom\\lib\\jsdom\\living\\xhr\\XMLHttpRequest-impl.js:157:3)\n    at dispatchError (C:\\Users\\F_B\\Desktop\\Trusty\\frontend\\node_modules\\jsdom\\lib\\jsdom\\living\\xhr\\XMLHttpRequest-impl.js:131:3)\n    at C:\\Users\\F_B\\Desktop\\Trusty\\frontend\\node_modules\\jsdom\\lib\\jsdom\\living\\xhr\\XMLHttpRequest-impl.js:752:13\n    at Axios.request (file:///C:/Users/F_B/Desktop/Trusty/frontend/node_modules/axios/lib/core/Axios.js:46:41)\n    at processTicksAndRejections (node:internal/process/task_queues:104:5)\n    at Object.login (C:/Users/F_B/Desktop/Trusty/frontend/src/services/auth.service.js:13:22)\n    at C:/Users/F_B/Desktop/Trusty/frontend/tests/services/authservices.test.js:31:1\n    at file:///C:/Users/F_B/Desktop/Trusty/frontend/node_modules/@vitest/runner/dist/chunk-artifact.js:1903:20"],"meta":{},"tags":[]},{"ancestorTitles":["auth.service.js — Tests Unitaires"],"fullName":"auth.service.js — Tests Unitaires 2 — register appelle POST /auth/register avec userData","status":"failed","title":"2 — register appelle POST /auth/register avec userData","duration":16.88040000000001,"failureMessages":["AxiosError: Network Error\n    at XMLHttpRequest.handleError (file:///C:/Users/F_B/Desktop/Trusty/frontend/node_modules/axios/lib/adapters/xhr.js:124:21)\n    at XMLHttpRequest.invokeTheCallbackFunction (C:\\Users\\F_B\\Desktop\\Trusty\\frontend\\node_modules\\jsdom\\lib\\generated\\idl\\EventHandlerNonNull.js:14:28)\n    at XMLHttpRequest.<anonymous> (C:\\Users\\F_B\\Desktop\\Trusty\\frontend\\node_modules\\jsdom\\lib\\jsdom\\living\\helpers\\create-event-accessor.js:57:32)\n    at innerInvokeEventListeners (C:\\Users\\F_B\\Desktop\\Trusty\\frontend\\node_modules\\jsdom\\lib\\jsdom\\living\\events\\EventTarget-impl.js:360:16)\n    at invokeEventListeners (C:\\Users\\F_B\\Desktop\\Trusty\\frontend\\node_modules\\jsdom\\lib\\jsdom\\living\\events\\EventTarget-impl.js:296:3)\n    at XMLHttpRequestImpl._dispatch (C:\\Users\\F_B\\Desktop\\Trusty\\frontend\\node_modules\\jsdom\\lib\\jsdom\\living\\events\\EventTarget-impl.js:243:9)\n    at fireAnEvent (C:\\Users\\F_B\\Desktop\\Trusty\\frontend\\node_modules\\jsdom\\lib\\jsdom\\living\\helpers\\events.js:18:36)\n    at requestErrorSteps (C:\\Users\\F_B\\Desktop\\Trusty\\frontend\\node_modules\\jsdom\\lib\\jsdom\\living\\xhr\\XMLHttpRequest-impl.js:157:3)\n    at dispatchError (C:\\Users\\F_B\\Desktop\\Trusty\\frontend\\node_modules\\jsdom\\lib\\jsdom\\living\\xhr\\XMLHttpRequest-impl.js:131:3)\n    at C:\\Users\\F_B\\Desktop\\Trusty\\frontend\\node_modules\\jsdom\\lib\\jsdom\\living\\xhr\\XMLHttpRequest-impl.js:752:13\n    at Axios.request (file:///C:/Users/F_B/Desktop/Trusty/frontend/node_modules/axios/lib/core/Axios.js:46:41)\n    at processTicksAndRejections (node:internal/process/task_queues:104:5)\n    at Object.register (C:/Users/F_B/Desktop/Trusty/frontend/src/services/auth.service.js:7:22)\n    at C:/Users/F_B/Desktop/Trusty/frontend/tests/services/authservices.test.js:43:1\n    at file:///C:/Users/F_B/Desktop/Trusty/frontend/node_modules/@vitest/runner/dist/chunk-artifact.js:1903:20"],"meta":{},"tags":[]},{"ancestorTitles":["auth.service.js — Tests Unitaires"],"fullName":"auth.service.js — Tests Unitaires 3 — getMe appelle GET /auth/me","status":"failed","title":"3 — getMe appelle GET /auth/me","duration":14.344299999999748,"failureMessages":["AxiosError: Network Error\n    at XMLHttpRequest.handleError (file:///C:/Users/F_B/Desktop/Trusty/frontend/node_modules/axios/lib/adapters/xhr.js:124:21)\n    at XMLHttpRequest.invokeTheCallbackFunction (C:\\Users\\F_B\\Desktop\\Trusty\\frontend\\node_modules\\jsdom\\lib\\generated\\idl\\EventHandlerNonNull.js:14:28)\n    at XMLHttpRequest.<anonymous> (C:\\Users\\F_B\\Desktop\\Trusty\\frontend\\node_modules\\jsdom\\lib\\jsdom\\living\\helpers\\create-event-accessor.js:57:32)\n    at innerInvokeEventListeners (C:\\Users\\F_B\\Desktop\\Trusty\\frontend\\node_modules\\jsdom\\lib\\jsdom\\living\\events\\EventTarget-impl.js:360:16)\n    at invokeEventListeners (C:\\Users\\F_B\\Desktop\\Trusty\\frontend\\node_modules\\jsdom\\lib\\jsdom\\living\\events\\EventTarget-impl.js:296:3)\n    at XMLHttpRequestImpl._dispatch (C:\\Users\\F_B\\Desktop\\Trusty\\frontend\\node_modules\\jsdom\\lib\\jsdom\\living\\events\\EventTarget-impl.js:243:9)\n    at fireAnEvent (C:\\Users\\F_B\\Desktop\\Trusty\\frontend\\node_modules\\jsdom\\lib\\jsdom\\living\\helpers\\events.js:18:36)\n    at requestErrorSteps (C:\\Users\\F_B\\Desktop\\Trusty\\frontend\\node_modules\\jsdom\\lib\\jsdom\\living\\xhr\\XMLHttpRequest-impl.js:157:3)\n    at dispatchError (C:\\Users\\F_B\\Desktop\\Trusty\\frontend\\node_modules\\jsdom\\lib\\jsdom\\living\\xhr\\XMLHttpRequest-impl.js:131:3)\n    at C:\\Users\\F_B\\Desktop\\Trusty\\frontend\\node_modules\\jsdom\\lib\\jsdom\\living\\xhr\\XMLHttpRequest-impl.js:752:13\n    at Axios.request (file:///C:/Users/F_B/Desktop/Trusty/frontend/node_modules/axios/lib/core/Axios.js:46:41)\n    at processTicksAndRejections (node:internal/process/task_queues:104:5)\n    at Object.getMe (C:/Users/F_B/Desktop/Trusty/frontend/src/services/auth.service.js:19:22)\n    at C:/Users/F_B/Desktop/Trusty/frontend/tests/services/authservices.test.js:54:1\n    at file:///C:/Users/F_B/Desktop/Trusty/frontend/node_modules/@vitest/runner/dist/chunk-artifact.js:1903:20"],"meta":{},"tags":[]},{"ancestorTitles":["auth.service.js — Tests Unitaires"],"fullName":"auth.service.js — Tests Unitaires 4 — forgotPassword appelle POST /auth/forgot-password avec email","status":"failed","title":"4 — forgotPassword appelle POST /auth/forgot-password avec email","duration":33.63299999999981,"failureMessages":["AxiosError: Network Error\n    at XMLHttpRequest.handleError (file:///C:/Users/F_B/Desktop/Trusty/frontend/node_modules/axios/lib/adapters/xhr.js:124:21)\n    at XMLHttpRequest.invokeTheCallbackFunction (C:\\Users\\F_B\\Desktop\\Trusty\\frontend\\node_modules\\jsdom\\lib\\generated\\idl\\EventHandlerNonNull.js:14:28)\n    at XMLHttpRequest.<anonymous> (C:\\Users\\F_B\\Desktop\\Trusty\\frontend\\node_modules\\jsdom\\lib\\jsdom\\living\\helpers\\create-event-accessor.js:57:32)\n    at innerInvokeEventListeners (C:\\Users\\F_B\\Desktop\\Trusty\\frontend\\node_modules\\jsdom\\lib\\jsdom\\living\\events\\EventTarget-impl.js:360:16)\n    at invokeEventListeners (C:\\Users\\F_B\\Desktop\\Trusty\\frontend\\node_modules\\jsdom\\lib\\jsdom\\living\\events\\EventTarget-impl.js:296:3)\n    at XMLHttpRequestImpl._dispatch (C:\\Users\\F_B\\Desktop\\Trusty\\frontend\\node_modules\\jsdom\\lib\\jsdom\\living\\events\\EventTarget-impl.js:243:9)\n    at fireAnEvent (C:\\Users\\F_B\\Desktop\\Trusty\\frontend\\node_modules\\jsdom\\lib\\jsdom\\living\\helpers\\events.js:18:36)\n    at requestErrorSteps (C:\\Users\\F_B\\Desktop\\Trusty\\frontend\\node_modules\\jsdom\\lib\\jsdom\\living\\xhr\\XMLHttpRequest-impl.js:157:3)\n    at dispatchError (C:\\Users\\F_B\\Desktop\\Trusty\\frontend\\node_modules\\jsdom\\lib\\jsdom\\living\\xhr\\XMLHttpRequest-impl.js:131:3)\n    at C:\\Users\\F_B\\Desktop\\Trusty\\frontend\\node_modules\\jsdom\\lib\\jsdom\\living\\xhr\\XMLHttpRequest-impl.js:752:13\n    at Axios.request (file:///C:/Users/F_B/Desktop/Trusty/frontend/node_modules/axios/lib/core/Axios.js:46:41)\n    at processTicksAndRejections (node:internal/process/task_queues:104:5)\n    at Object.forgotPassword (C:/Users/F_B/Desktop/Trusty/frontend/src/services/auth.service.js:25:22)\n    at C:/Users/F_B/Desktop/Trusty/frontend/tests/services/authservices.test.js:65:1\n    at file:///C:/Users/F_B/Desktop/Trusty/frontend/node_modules/@vitest/runner/dist/chunk-artifact.js:1903:20"],"meta":{},"tags":[]},{"ancestorTitles":["auth.service.js — Tests Unitaires"],"fullName":"auth.service.js — Tests Unitaires 5 — resetPassword appelle POST /auth/reset-password avec token et nouveau mot de passe","status":"failed","title":"5 — resetPassword appelle POST /auth/reset-password avec token et nouveau mot de passe","duration":21.92410000000018,"failureMessages":["AxiosError: Network Error\n    at XMLHttpRequest.handleError (file:///C:/Users/F_B/Desktop/Trusty/frontend/node_modules/axios/lib/adapters/xhr.js:124:21)\n    at XMLHttpRequest.invokeTheCallbackFunction (C:\\Users\\F_B\\Desktop\\Trusty\\frontend\\node_modules\\jsdom\\lib\\generated\\idl\\EventHandlerNonNull.js:14:28)\n    at XMLHttpRequest.<anonymous> (C:\\Users\\F_B\\Desktop\\Trusty\\frontend\\node_modules\\jsdom\\lib\\jsdom\\living\\helpers\\create-event-accessor.js:57:32)\n    at innerInvokeEventListeners (C:\\Users\\F_B\\Desktop\\Trusty\\frontend\\node_modules\\jsdom\\lib\\jsdom\\living\\events\\EventTarget-impl.js:360:16)\n    at invokeEventListeners (C:\\Users\\F_B\\Desktop\\Trusty\\frontend\\node_modules\\jsdom\\lib\\jsdom\\living\\events\\EventTarget-impl.js:296:3)\n    at XMLHttpRequestImpl._dispatch (C:\\Users\\F_B\\Desktop\\Trusty\\frontend\\node_modules\\jsdom\\lib\\jsdom\\living\\events\\EventTarget-impl.js:243:9)\n    at fireAnEvent (C:\\Users\\F_B\\Desktop\\Trusty\\frontend\\node_modules\\jsdom\\lib\\jsdom\\living\\helpers\\events.js:18:36)\n    at requestErrorSteps (C:\\Users\\F_B\\Desktop\\Trusty\\frontend\\node_modules\\jsdom\\lib\\jsdom\\living\\xhr\\XMLHttpRequest-impl.js:157:3)\n    at dispatchError (C:\\Users\\F_B\\Desktop\\Trusty\\frontend\\node_modules\\jsdom\\lib\\jsdom\\living\\xhr\\XMLHttpRequest-impl.js:131:3)\n    at C:\\Users\\F_B\\Desktop\\Trusty\\frontend\\node_modules\\jsdom\\lib\\jsdom\\living\\xhr\\XMLHttpRequest-impl.js:752:13\n    at Axios.request (file:///C:/Users/F_B/Desktop/Trusty/frontend/node_modules/axios/lib/core/Axios.js:46:41)\n    at processTicksAndRejections (node:internal/process/task_queues:104:5)\n    at Object.resetPassword (C:/Users/F_B/Desktop/Trusty/frontend/src/services/auth.service.js:31:22)\n    at C:/Users/F_B/Desktop/Trusty/frontend/tests/services/authservices.test.js:76:1\n    at file:///C:/Users/F_B/Desktop/Trusty/frontend/node_modules/@vitest/runner/dist/chunk-artifact.js:1903:20"],"meta":{},"tags":[]},{"ancestorTitles":["auth.service.js — Tests d'intégration"],"fullName":"auth.service.js — Tests d'intégration 6 — workflow login retourne correctement les données utilisateur","status":"failed","title":"6 — workflow login retourne correctement les données utilisateur","duration":69.1823000000004,"failureMessages":["AxiosError: Network Error\n    at XMLHttpRequest.handleError (file:///C:/Users/F_B/Desktop/Trusty/frontend/node_modules/axios/lib/adapters/xhr.js:124:21)\n    at XMLHttpRequest.invokeTheCallbackFunction (C:\\Users\\F_B\\Desktop\\Trusty\\frontend\\node_modules\\jsdom\\lib\\generated\\idl\\EventHandlerNonNull.js:14:28)\n    at XMLHttpRequest.<anonymous> (C:\\Users\\F_B\\Desktop\\Trusty\\frontend\\node_modules\\jsdom\\lib\\jsdom\\living\\helpers\\create-event-accessor.js:57:32)\n    at innerInvokeEventListeners (C:\\Users\\F_B\\Desktop\\Trusty\\frontend\\node_modules\\jsdom\\lib\\jsdom\\living\\events\\EventTarget-impl.js:360:16)\n    at invokeEventListeners (C:\\Users\\F_B\\Desktop\\Trusty\\frontend\\node_modules\\jsdom\\lib\\jsdom\\living\\events\\EventTarget-impl.js:296:3)\n    at XMLHttpRequestImpl._dispatch (C:\\Users\\F_B\\Desktop\\Trusty\\frontend\\node_modules\\jsdom\\lib\\jsdom\\living\\events\\EventTarget-impl.js:243:9)\n    at fireAnEvent (C:\\Users\\F_B\\Desktop\\Trusty\\frontend\\node_modules\\jsdom\\lib\\jsdom\\living\\helpers\\events.js:18:36)\n    at requestErrorSteps (C:\\Users\\F_B\\Desktop\\Trusty\\frontend\\node_modules\\jsdom\\lib\\jsdom\\living\\xhr\\XMLHttpRequest-impl.js:157:3)\n    at dispatchError (C:\\Users\\F_B\\Desktop\\Trusty\\frontend\\node_modules\\jsdom\\lib\\jsdom\\living\\xhr\\XMLHttpRequest-impl.js:131:3)\n    at C:\\Users\\F_B\\Desktop\\Trusty\\frontend\\node_modules\\jsdom\\lib\\jsdom\\living\\xhr\\XMLHttpRequest-impl.js:752:13\n    at Axios.request (file:///C:/Users/F_B/Desktop/Trusty/frontend/node_modules/axios/lib/core/Axios.js:46:41)\n    at processTicksAndRejections (node:internal/process/task_queues:104:5)\n    at Object.login (C:/Users/F_B/Desktop/Trusty/frontend/src/services/auth.service.js:13:22)\n    at C:/Users/F_B/Desktop/Trusty/frontend/tests/services/authservices.test.js:101:1\n    at file:///C:/Users/F_B/Desktop/Trusty/frontend/node_modules/@vitest/runner/dist/chunk-artifact.js:1903:20"],"meta":{},"tags":[]},{"ancestorTitles":["auth.service.js — Tests d'intégration"],"fullName":"auth.service.js — Tests d'intégration 7 — getMe retourne les données du profil connecté","status":"failed","title":"7 — getMe retourne les données du profil connecté","duration":15.320099999999911,"failureMessages":["AxiosError: Network Error\n    at XMLHttpRequest.handleError (file:///C:/Users/F_B/Desktop/Trusty/frontend/node_modules/axios/lib/adapters/xhr.js:124:21)\n    at XMLHttpRequest.invokeTheCallbackFunction (C:\\Users\\F_B\\Desktop\\Trusty\\frontend\\node_modules\\jsdom\\lib\\generated\\idl\\EventHandlerNonNull.js:14:28)\n    at XMLHttpRequest.<anonymous> (C:\\Users\\F_B\\Desktop\\Trusty\\frontend\\node_modules\\jsdom\\lib\\jsdom\\living\\helpers\\create-event-accessor.js:57:32)\n    at innerInvokeEventListeners (C:\\Users\\F_B\\Desktop\\Trusty\\frontend\\node_modules\\jsdom\\lib\\jsdom\\living\\events\\EventTarget-impl.js:360:16)\n    at invokeEventListeners (C:\\Users\\F_B\\Desktop\\Trusty\\frontend\\node_modules\\jsdom\\lib\\jsdom\\living\\events\\EventTarget-impl.js:296:3)\n    at XMLHttpRequestImpl._dispatch (C:\\Users\\F_B\\Desktop\\Trusty\\frontend\\node_modules\\jsdom\\lib\\jsdom\\living\\events\\EventTarget-impl.js:243:9)\n    at fireAnEvent (C:\\Users\\F_B\\Desktop\\Trusty\\frontend\\node_modules\\jsdom\\lib\\jsdom\\living\\helpers\\events.js:18:36)\n    at requestErrorSteps (C:\\Users\\F_B\\Desktop\\Trusty\\frontend\\node_modules\\jsdom\\lib\\jsdom\\living\\xhr\\XMLHttpRequest-impl.js:157:3)\n    at dispatchError (C:\\Users\\F_B\\Desktop\\Trusty\\frontend\\node_modules\\jsdom\\lib\\jsdom\\living\\xhr\\XMLHttpRequest-impl.js:131:3)\n    at C:\\Users\\F_B\\Desktop\\Trusty\\frontend\\node_modules\\jsdom\\lib\\jsdom\\living\\xhr\\XMLHttpRequest-impl.js:752:13\n    at Axios.request (file:///C:/Users/F_B/Desktop/Trusty/frontend/node_modules/axios/lib/core/Axios.js:46:41)\n    at processTicksAndRejections (node:internal/process/task_queues:104:5)\n    at Object.getMe (C:/Users/F_B/Desktop/Trusty/frontend/src/services/auth.service.js:19:22)\n    at C:/Users/F_B/Desktop/Trusty/frontend/tests/services/authservices.test.js:112:1\n    at file:///C:/Users/F_B/Desktop/Trusty/frontend/node_modules/@vitest/runner/dist/chunk-artifact.js:1903:20"],"meta":{},"tags":[]},{"ancestorTitles":["auth.service.js — Tests d'intégration"],"fullName":"auth.service.js — Tests d'intégration 8 — login propage l'erreur si api.post échoue","status":"passed","title":"8 — login propage l'erreur si api.post échoue","duration":26.212399999999434,"failureMessages":[],"meta":{},"tags":[]},{"ancestorTitles":["auth.service.js — Tests d'intégration"],"fullName":"auth.service.js — Tests d'intégration 9 — register propage l'erreur si api.post échoue","status":"passed","title":"9 — register propage l'erreur si api.post échoue","duration":24.4345000000003,"failureMessages":[],"meta":{},"tags":[]},{"ancestorTitles":["auth.service.js — Tests d'intégration"],"fullName":"auth.service.js — Tests d'intégration 10 — forgotPassword propage l'erreur si api.post échoue","status":"passed","title":"10 — forgotPassword propage l'erreur si api.post échoue","duration":10.167300000000068,"failureMessages":[],"meta":{},"tags":[]}],"startTime":1779926900845,"endTime":1779926901203.1672,"status":"failed","message":"","name":"C:/Users/F_B/Desktop/Trusty/frontend/tests/services/authservices.test.js"},{"assertionResults":[{"ancestorTitles":["dashboardservices.js","fetchStats()"],"fullName":"dashboardservices.js fetchStats() retourne les données mock quand API_READY est false","status":"passed","title":"retourne les données mock quand API_READY est false","duration":6.655700000000252,"failureMessages":[],"meta":{},"tags":[]},{"ancestorTitles":["dashboardservices.js","fetchStats()"],"fullName":"dashboardservices.js fetchStats() retourne un objet avec les 4 clés attendues","status":"passed","title":"retourne un objet avec les 4 clés attendues","duration":2.901800000000094,"failureMessages":[],"meta":{},"tags":[]},{"ancestorTitles":["dashboardservices.js","fetchStats()"],"fullName":"dashboardservices.js fetchStats() retourne des valeurs numériques","status":"passed","title":"retourne des valeurs numériques","duration":1.4997999999995955,"failureMessages":[],"meta":{},"tags":[]},{"ancestorTitles":["dashboardservices.js","fetchStats()"],"fullName":"dashboardservices.js fetchStats() retourne les données mock en cas d'erreur API","status":"passed","title":"retourne les données mock en cas d'erreur API","duration":6.969100000000253,"failureMessages":[],"meta":{},"tags":[]},{"ancestorTitles":["dashboardservices.js","fetchProjects()"],"fullName":"dashboardservices.js fetchProjects() retourne un tableau de projets mock quand API_READY est false","status":"passed","title":"retourne un tableau de projets mock quand API_READY est false","duration":2.4292999999997846,"failureMessages":[],"meta":{},"tags":[]},{"ancestorTitles":["dashboardservices.js","fetchProjects()"],"fullName":"dashboardservices.js fetchProjects() chaque projet a les propriétés requises","status":"passed","title":"chaque projet a les propriétés requises","duration":2.4812999999999192,"failureMessages":[],"meta":{},"tags":[]},{"ancestorTitles":["dashboardservices.js","fetchProjects()"],"fullName":"dashboardservices.js fetchProjects() les statuts sont parmi les valeurs autorisées","status":"passed","title":"les statuts sont parmi les valeurs autorisées","duration":3.9424000000003616,"failureMessages":[],"meta":{},"tags":[]},{"ancestorTitles":["dashboardservices.js","fetchProjects()"],"fullName":"dashboardservices.js fetchProjects() les technologies sont des tableaux","status":"passed","title":"les technologies sont des tableaux","duration":1.081000000000131,"failureMessages":[],"meta":{},"tags":[]},{"ancestorTitles":["dashboardservices.js","fetchProjects()"],"fullName":"dashboardservices.js fetchProjects() retourne les données mock en cas d'erreur API","status":"passed","title":"retourne les données mock en cas d'erreur API","duration":1.6756999999997788,"failureMessages":[],"meta":{},"tags":[]},{"ancestorTitles":["dashboardservices.js","fetchRecos()"],"fullName":"dashboardservices.js fetchRecos() retourne un tableau de recommandations mock quand API_READY est false","status":"passed","title":"retourne un tableau de recommandations mock quand API_READY est false","duration":1.4717999999998028,"failureMessages":[],"meta":{},"tags":[]},{"ancestorTitles":["dashboardservices.js","fetchRecos()"],"fullName":"dashboardservices.js fetchRecos() chaque recommandation a un id et un message","status":"passed","title":"chaque recommandation a un id et un message","duration":0.6424000000001797,"failureMessages":[],"meta":{},"tags":[]},{"ancestorTitles":["dashboardservices.js","fetchRecos()"],"fullName":"dashboardservices.js fetchRecos() chaque recommandation a un auteur avec nom","status":"passed","title":"chaque recommandation a un auteur avec nom","duration":0.4978000000000975,"failureMessages":[],"meta":{},"tags":[]},{"ancestorTitles":["dashboardservices.js","fetchRecos()"],"fullName":"dashboardservices.js fetchRecos() retourne les données mock en cas d'erreur API","status":"passed","title":"retourne les données mock en cas d'erreur API","duration":0.5607999999997446,"failureMessages":[],"meta":{},"tags":[]},{"ancestorTitles":["dashboardservices.js","Cohérence des données mock"],"fullName":"dashboardservices.js Cohérence des données mock fetchStats retourne une crédibilité entre 0 et 100","status":"passed","title":"fetchStats retourne une crédibilité entre 0 et 100","duration":0.4126000000001113,"failureMessages":[],"meta":{},"tags":[]},{"ancestorTitles":["dashboardservices.js","Cohérence des données mock"],"fullName":"dashboardservices.js Cohérence des données mock fetchStats retourne des valeurs positives ou nulles","status":"passed","title":"fetchStats retourne des valeurs positives ou nulles","duration":0.3632999999999811,"failureMessages":[],"meta":{},"tags":[]},{"ancestorTitles":["dashboardservices.js","Cohérence des données mock"],"fullName":"dashboardservices.js Cohérence des données mock les 3 fonctions sont bien exportées et appelables","status":"passed","title":"les 3 fonctions sont bien exportées et appelables","duration":0.18760000000020227,"failureMessages":[],"meta":{},"tags":[]}],"startTime":1779926926012,"endTime":1779926926047.1875,"status":"passed","message":"","name":"C:/Users/F_B/Desktop/Trusty/frontend/tests/services/dashboardservices.test.js"},{"assertionResults":[{"ancestorTitles":["profileservices.js","getProfile()"],"fullName":"profileservices.js getProfile() retourne un objet { data }","status":"failed","title":"retourne un objet { data }","duration":15.960699999999633,"failureMessages":["TypeError: Cannot read properties of undefined (reading 'id_utilisateur')\n    at Module.getProfile (C:/Users/F_B/Desktop/Trusty/frontend/src/services/profileservices.js:74:22)\n    at processTicksAndRejections (node:internal/process/task_queues:104:5)\n    at C:/Users/F_B/Desktop/Trusty/frontend/tests/services/profileservices.test.js:30:7"],"meta":{},"tags":[]},{"ancestorTitles":["profileservices.js","getProfile()"],"fullName":"profileservices.js getProfile() data contient les champs utilisateur de base","status":"failed","title":"data contient les champs utilisateur de base","duration":2.6277000000000044,"failureMessages":["TypeError: Cannot read properties of undefined (reading 'id_utilisateur')\n    at Module.getProfile (C:/Users/F_B/Desktop/Trusty/frontend/src/services/profileservices.js:74:22)\n    at processTicksAndRejections (node:internal/process/task_queues:104:5)\n    at C:/Users/F_B/Desktop/Trusty/frontend/tests/services/profileservices.test.js:35:7"],"meta":{},"tags":[]},{"ancestorTitles":["profileservices.js","getProfile()"],"fullName":"profileservices.js getProfile() data.etudiant existe et est un objet","status":"failed","title":"data.etudiant existe et est un objet","duration":3.9570000000003347,"failureMessages":["TypeError: Cannot read properties of undefined (reading 'id_utilisateur')\n    at Module.getProfile (C:/Users/F_B/Desktop/Trusty/frontend/src/services/profileservices.js:74:22)\n    at processTicksAndRejections (node:internal/process/task_queues:104:5)\n    at C:/Users/F_B/Desktop/Trusty/frontend/tests/services/profileservices.test.js:44:7"],"meta":{},"tags":[]},{"ancestorTitles":["profileservices.js","getProfile()"],"fullName":"profileservices.js getProfile() data.etudiant.competences a 2 items avec Vue.js en premier","status":"failed","title":"data.etudiant.competences a 2 items avec Vue.js en premier","duration":2.288600000000315,"failureMessages":["TypeError: Cannot read properties of undefined (reading 'id_utilisateur')\n    at Module.getProfile (C:/Users/F_B/Desktop/Trusty/frontend/src/services/profileservices.js:74:22)\n    at processTicksAndRejections (node:internal/process/task_queues:104:5)\n    at C:/Users/F_B/Desktop/Trusty/frontend/tests/services/profileservices.test.js:49:7"],"meta":{},"tags":[]},{"ancestorTitles":["profileservices.js","getProfile()"],"fullName":"profileservices.js getProfile() data.etudiant.badges a 1 item","status":"failed","title":"data.etudiant.badges a 1 item","duration":1.4528000000000247,"failureMessages":["TypeError: Cannot read properties of undefined (reading 'id_utilisateur')\n    at Module.getProfile (C:/Users/F_B/Desktop/Trusty/frontend/src/services/profileservices.js:74:22)\n    at processTicksAndRejections (node:internal/process/task_queues:104:5)\n    at C:/Users/F_B/Desktop/Trusty/frontend/tests/services/profileservices.test.js:55:7"],"meta":{},"tags":[]},{"ancestorTitles":["profileservices.js","getProfile()"],"fullName":"profileservices.js getProfile() data.etudiant.participations_projets a 2 items","status":"failed","title":"data.etudiant.participations_projets a 2 items","duration":1.1609999999996035,"failureMessages":["TypeError: Cannot read properties of undefined (reading 'id_utilisateur')\n    at Module.getProfile (C:/Users/F_B/Desktop/Trusty/frontend/src/services/profileservices.js:74:22)\n    at processTicksAndRejections (node:internal/process/task_queues:104:5)\n    at C:/Users/F_B/Desktop/Trusty/frontend/tests/services/profileservices.test.js:61:7"],"meta":{},"tags":[]},{"ancestorTitles":["profileservices.js","getProfile()"],"fullName":"profileservices.js getProfile() data.etudiant.depots_github est un tableau","status":"failed","title":"data.etudiant.depots_github est un tableau","duration":1.246599999999944,"failureMessages":["TypeError: Cannot read properties of undefined (reading 'id_utilisateur')\n    at Module.getProfile (C:/Users/F_B/Desktop/Trusty/frontend/src/services/profileservices.js:74:22)\n    at processTicksAndRejections (node:internal/process/task_queues:104:5)\n    at C:/Users/F_B/Desktop/Trusty/frontend/tests/services/profileservices.test.js:67:7"],"meta":{},"tags":[]},{"ancestorTitles":["profileservices.js","getProfile()"],"fullName":"profileservices.js getProfile() retourne toujours une promesse résolue (jamais rejetée)","status":"failed","title":"retourne toujours une promesse résolue (jamais rejetée)","duration":11.022600000000239,"failureMessages":["Error: promise rejected \"TypeError: Cannot read properties of unde…\" instead of resolving\n    at _Assertion.__VITEST_RESOLVES__ (file:///C:/Users/F_B/Desktop/Trusty/frontend/node_modules/@vitest/expect/dist/index.js:1710:17)\n    at _Assertion.propertyGetter (file:///C:/Users/F_B/Desktop/Trusty/frontend/node_modules/chai/index.js:1570:27)\n    at Reflect.get (<anonymous>)\n    at Object.proxyGetter [as get] (file:///C:/Users/F_B/Desktop/Trusty/frontend/node_modules/chai/index.js:1659:22)\n    at C:/Users/F_B/Desktop/Trusty/frontend/tests/services/profileservices.test.js:72:7\n    at file:///C:/Users/F_B/Desktop/Trusty/frontend/node_modules/@vitest/runner/dist/chunk-artifact.js:302:11\n    at file:///C:/Users/F_B/Desktop/Trusty/frontend/node_modules/@vitest/runner/dist/chunk-artifact.js:1903:26\n    at file:///C:/Users/F_B/Desktop/Trusty/frontend/node_modules/@vitest/runner/dist/chunk-artifact.js:2326:20\n    at new Promise (<anonymous>)\n    at runWithCancel (file:///C:/Users/F_B/Desktop/Trusty/frontend/node_modules/@vitest/runner/dist/chunk-artifact.js:2323:10)"],"meta":{},"tags":[]},{"ancestorTitles":["profileservices.js","getProfile()"],"fullName":"profileservices.js getProfile() utilise les données API quand api.get réussit","status":"passed","title":"utilise les données API quand api.get réussit","duration":1.4688000000001011,"failureMessages":[],"meta":{},"tags":[]},{"ancestorTitles":["profileservices.js","saveProfile()"],"fullName":"profileservices.js saveProfile() retourne { data } même si l'API échoue","status":"failed","title":"retourne { data } même si l'API échoue","duration":1.22649999999976,"failureMessages":["TypeError: Cannot read properties of undefined (reading 'id_utilisateur')\n    at assembleUser (C:/Users/F_B/Desktop/Trusty/frontend/src/services/profileservices.js:49:24)\n    at Module.saveProfile (C:/Users/F_B/Desktop/Trusty/frontend/src/services/profileservices.js:152:18)\n    at processTicksAndRejections (node:internal/process/task_queues:104:5)\n    at C:/Users/F_B/Desktop/Trusty/frontend/tests/services/profileservices.test.js:100:7\n    at file:///C:/Users/F_B/Desktop/Trusty/frontend/node_modules/@vitest/runner/dist/chunk-artifact.js:1903:20"],"meta":{},"tags":[]},{"ancestorTitles":["profileservices.js","saveProfile()"],"fullName":"profileservices.js saveProfile() data contient id_utilisateur et etudiant","status":"failed","title":"data contient id_utilisateur et etudiant","duration":0.6926000000003114,"failureMessages":["TypeError: Cannot read properties of undefined (reading 'id_utilisateur')\n    at assembleUser (C:/Users/F_B/Desktop/Trusty/frontend/src/services/profileservices.js:49:24)\n    at Module.saveProfile (C:/Users/F_B/Desktop/Trusty/frontend/src/services/profileservices.js:152:18)\n    at processTicksAndRejections (node:internal/process/task_queues:104:5)\n    at C:/Users/F_B/Desktop/Trusty/frontend/tests/services/profileservices.test.js:105:7\n    at file:///C:/Users/F_B/Desktop/Trusty/frontend/node_modules/@vitest/runner/dist/chunk-artifact.js:1903:20"],"meta":{},"tags":[]},{"ancestorTitles":["profileservices.js","saveProfile()"],"fullName":"profileservices.js saveProfile() retourne toujours une promesse résolue","status":"failed","title":"retourne toujours une promesse résolue","duration":1.1402000000002772,"failureMessages":["Error: promise rejected \"TypeError: Cannot read properties of unde…\" instead of resolving\n    at _Assertion.__VITEST_RESOLVES__ (file:///C:/Users/F_B/Desktop/Trusty/frontend/node_modules/@vitest/expect/dist/index.js:1710:17)\n    at _Assertion.propertyGetter (file:///C:/Users/F_B/Desktop/Trusty/frontend/node_modules/chai/index.js:1570:27)\n    at Reflect.get (<anonymous>)\n    at Object.proxyGetter [as get] (file:///C:/Users/F_B/Desktop/Trusty/frontend/node_modules/chai/index.js:1659:22)\n    at C:/Users/F_B/Desktop/Trusty/frontend/tests/services/profileservices.test.js:113:7\n    at file:///C:/Users/F_B/Desktop/Trusty/frontend/node_modules/@vitest/runner/dist/chunk-artifact.js:302:11\n    at file:///C:/Users/F_B/Desktop/Trusty/frontend/node_modules/@vitest/runner/dist/chunk-artifact.js:1903:26\n    at file:///C:/Users/F_B/Desktop/Trusty/frontend/node_modules/@vitest/runner/dist/chunk-artifact.js:2326:20\n    at new Promise (<anonymous>)\n    at runWithCancel (file:///C:/Users/F_B/Desktop/Trusty/frontend/node_modules/@vitest/runner/dist/chunk-artifact.js:2323:10)"],"meta":{},"tags":[]},{"ancestorTitles":["profileservices.js","saveProfile()"],"fullName":"profileservices.js saveProfile() utilise les données API si PUT + GET réussissent","status":"passed","title":"utilise les données API si PUT + GET réussissent","duration":1.4972999999999956,"failureMessages":[],"meta":{},"tags":[]},{"ancestorTitles":["profileservices.js","addSkill()"],"fullName":"profileservices.js addSkill() retourne { data: { competence, niveau_maitrise } }","status":"passed","title":"retourne { data: { competence, niveau_maitrise } }","duration":1.305000000000291,"failureMessages":[],"meta":{},"tags":[]},{"ancestorTitles":["profileservices.js","addSkill()"],"fullName":"profileservices.js addSkill() appelle POST /competences avec le bon nom","status":"failed","title":"appelle POST /competences avec le bon nom","duration":9.640499999999975,"failureMessages":["AssertionError: expected \"vi.fn()\" to be called with arguments: [ '/competences', …(1) ]\u001b[90m\n\nReceived:\n\n\u001b[1m  1st vi.fn() call:\n\n\u001b[22m\u001b[2m  [\u001b[22m\n\u001b[32m-   \"/competences\",\u001b[90m\n\u001b[31m+   \"/competences/\",\u001b[90m\n\u001b[2m    {\u001b[22m\n\u001b[31m+     \"categorie\": \"Technique\",\u001b[90m\n\u001b[2m      \"nom\": \"Kubernetes\",\u001b[22m\n\u001b[2m      \"type\": \"TECHNIQUE\",\u001b[22m\n\u001b[2m    },\u001b[22m\n\u001b[2m  ]\u001b[22m\n\n\u001b[1m  2nd vi.fn() call:\n\n\u001b[22m\u001b[2m  [\u001b[22m\n\u001b[32m-   \"/competences\",\u001b[90m\n\u001b[31m+   \"/competences/etudiant/clx123456789abcdefghijk/comp-Kubernetes\",\u001b[90m\n\u001b[2m    {\u001b[22m\n\u001b[32m-     \"nom\": \"Kubernetes\",\u001b[90m\n\u001b[32m-     \"type\": \"TECHNIQUE\",\u001b[90m\n\u001b[31m+     \"niveau_maitrise\": \"DEBUTANT\",\u001b[90m\n\u001b[2m    },\u001b[22m\n\u001b[2m  ]\u001b[22m\n\u001b[39m\u001b[90m\n\nNumber of calls: \u001b[1m2\u001b[22m\n\u001b[39m\n    at Proxy.<anonymous> (file:///C:/Users/F_B/Desktop/Trusty/frontend/node_modules/@vitest/expect/dist/index.js:1487:10)\n    at Proxy.<anonymous> (file:///C:/Users/F_B/Desktop/Trusty/frontend/node_modules/@vitest/expect/dist/index.js:1156:15)\n    at Proxy.methodWrapper (file:///C:/Users/F_B/Desktop/Trusty/frontend/node_modules/chai/index.js:1700:25)\n    at C:/Users/F_B/Desktop/Trusty/frontend/tests/services/profileservices.test.js:161:7\n    at processTicksAndRejections (node:internal/process/task_queues:104:5)\n    at file:///C:/Users/F_B/Desktop/Trusty/frontend/node_modules/@vitest/runner/dist/chunk-artifact.js:1903:20"],"meta":{},"tags":[]},{"ancestorTitles":["profileservices.js","addSkill()"],"fullName":"profileservices.js addSkill() appelle POST /competences/etudiant/:id/:compId pour l'association","status":"passed","title":"appelle POST /competences/etudiant/:id/:compId pour l'association","duration":0.8303999999998268,"failureMessages":[],"meta":{},"tags":[]},{"ancestorTitles":["profileservices.js","addSkill()"],"fullName":"profileservices.js addSkill() utilise le niveau_maitrise fourni en paramètre","status":"passed","title":"utilise le niveau_maitrise fourni en paramètre","duration":0.36009999999987485,"failureMessages":[],"meta":{},"tags":[]},{"ancestorTitles":["profileservices.js","addSkill()"],"fullName":"profileservices.js addSkill() propage l'erreur si api.post échoue","status":"failed","title":"propage l'erreur si api.post échoue","duration":25.885800000000017,"failureMessages":["Error: expected [Function] to throw error including 'Network error' but got 'Cannot read properties of undefined (…'\n    at _Assertion.__VITEST_REJECTS__ (file:///C:/Users/F_B/Desktop/Trusty/frontend/node_modules/@vitest/expect/dist/index.js:1747:17)\n    at _Assertion.propertyGetter (file:///C:/Users/F_B/Desktop/Trusty/frontend/node_modules/chai/index.js:1570:27)\n    at Reflect.get (<anonymous>)\n    at Object.proxyGetter [as get] (file:///C:/Users/F_B/Desktop/Trusty/frontend/node_modules/chai/index.js:1659:22)\n    at C:/Users/F_B/Desktop/Trusty/frontend/tests/services/profileservices.test.js:184:7\n    at file:///C:/Users/F_B/Desktop/Trusty/frontend/node_modules/@vitest/runner/dist/chunk-artifact.js:302:11\n    at file:///C:/Users/F_B/Desktop/Trusty/frontend/node_modules/@vitest/runner/dist/chunk-artifact.js:1903:26\n    at file:///C:/Users/F_B/Desktop/Trusty/frontend/node_modules/@vitest/runner/dist/chunk-artifact.js:2326:20\n    at new Promise (<anonymous>)\n    at runWithCancel (file:///C:/Users/F_B/Desktop/Trusty/frontend/node_modules/@vitest/runner/dist/chunk-artifact.js:2323:10)"],"meta":{},"tags":[]},{"ancestorTitles":["profileservices.js","addSkill()"],"fullName":"profileservices.js addSkill() fonctionne avec des noms de compétences variés","status":"passed","title":"fonctionne avec des noms de compétences variés","duration":0.6419999999998254,"failureMessages":[],"meta":{},"tags":[]},{"ancestorTitles":["profileservices.js","Contrats d'interface"],"fullName":"profileservices.js Contrats d'interface getProfile — data contient tous les champs attendus","status":"failed","title":"getProfile — data contient tous les champs attendus","duration":1.0794999999998254,"failureMessages":["TypeError: Cannot read properties of undefined (reading 'id_utilisateur')\n    at Module.getProfile (C:/Users/F_B/Desktop/Trusty/frontend/src/services/profileservices.js:74:22)\n    at processTicksAndRejections (node:internal/process/task_queues:104:5)\n    at C:/Users/F_B/Desktop/Trusty/frontend/tests/services/profileservices.test.js:202:24"],"meta":{},"tags":[]},{"ancestorTitles":["profileservices.js","Contrats d'interface"],"fullName":"profileservices.js Contrats d'interface getProfile — data.etudiant contient les sous-collections","status":"failed","title":"getProfile — data.etudiant contient les sous-collections","duration":0.9769999999998618,"failureMessages":["TypeError: Cannot read properties of undefined (reading 'id_utilisateur')\n    at Module.getProfile (C:/Users/F_B/Desktop/Trusty/frontend/src/services/profileservices.js:74:22)\n    at processTicksAndRejections (node:internal/process/task_queues:104:5)\n    at C:/Users/F_B/Desktop/Trusty/frontend/tests/services/profileservices.test.js:208:24"],"meta":{},"tags":[]},{"ancestorTitles":["profileservices.js","Contrats d'interface"],"fullName":"profileservices.js Contrats d'interface saveProfile — data contient etudiant","status":"failed","title":"saveProfile — data contient etudiant","duration":0.5806000000002314,"failureMessages":["TypeError: Cannot read properties of undefined (reading 'id_utilisateur')\n    at assembleUser (C:/Users/F_B/Desktop/Trusty/frontend/src/services/profileservices.js:49:24)\n    at Module.saveProfile (C:/Users/F_B/Desktop/Trusty/frontend/src/services/profileservices.js:152:18)\n    at processTicksAndRejections (node:internal/process/task_queues:104:5)\n    at C:/Users/F_B/Desktop/Trusty/frontend/tests/services/profileservices.test.js:214:7\n    at file:///C:/Users/F_B/Desktop/Trusty/frontend/node_modules/@vitest/runner/dist/chunk-artifact.js:1903:20"],"meta":{},"tags":[]}],"startTime":1779926904610,"endTime":1779926904698.5806,"status":"failed","message":"","name":"C:/Users/F_B/Desktop/Trusty/frontend/tests/services/profileservices.test.js"},{"assertionResults":[{"ancestorTitles":["stageService.js — Tests Unitaires"],"fullName":"stageService.js — Tests Unitaires 1 — fetchStagesEtudiant appelle GET /stages/etudiant/:id","status":"passed","title":"1 — fetchStagesEtudiant appelle GET /stages/etudiant/:id","duration":7.227499999999964,"failureMessages":[],"meta":{},"tags":[]},{"ancestorTitles":["stageService.js — Tests Unitaires"],"fullName":"stageService.js — Tests Unitaires 2 — fetchStagesEtudiant retourne le tableau data.data","status":"passed","title":"2 — fetchStagesEtudiant retourne le tableau data.data","duration":2.1264000000001033,"failureMessages":[],"meta":{},"tags":[]},{"ancestorTitles":["stageService.js — Tests Unitaires"],"fullName":"stageService.js — Tests Unitaires 3 — fetchStagesEtudiant retourne [] si data.data absent","status":"passed","title":"3 — fetchStagesEtudiant retourne [] si data.data absent","duration":1.3640000000000327,"failureMessages":[],"meta":{},"tags":[]},{"ancestorTitles":["stageService.js — Tests Unitaires"],"fullName":"stageService.js — Tests Unitaires 4 — creerStage appelle POST /stages/etudiant/:id avec payload","status":"passed","title":"4 — creerStage appelle POST /stages/etudiant/:id avec payload","duration":2.2523000000001048,"failureMessages":[],"meta":{},"tags":[]},{"ancestorTitles":["stageService.js — Tests Unitaires"],"fullName":"stageService.js — Tests Unitaires 5 — creerStage retourne data.data si présent","status":"passed","title":"5 — creerStage retourne data.data si présent","duration":0.6532000000001972,"failureMessages":[],"meta":{},"tags":[]},{"ancestorTitles":["stageService.js — Tests Unitaires"],"fullName":"stageService.js — Tests Unitaires 6 — creerStage retourne data directement si data.data absent","status":"passed","title":"6 — creerStage retourne data directement si data.data absent","duration":0.45699999999987995,"failureMessages":[],"meta":{},"tags":[]},{"ancestorTitles":["stageService.js — Tests Unitaires"],"fullName":"stageService.js — Tests Unitaires 7 — modifierStage appelle PUT /stages/:id avec payload","status":"passed","title":"7 — modifierStage appelle PUT /stages/:id avec payload","duration":0.8225999999999658,"failureMessages":[],"meta":{},"tags":[]},{"ancestorTitles":["stageService.js — Tests Unitaires"],"fullName":"stageService.js — Tests Unitaires 8 — modifierStage retourne data.data si présent","status":"passed","title":"8 — modifierStage retourne data.data si présent","duration":0.46090000000003783,"failureMessages":[],"meta":{},"tags":[]},{"ancestorTitles":["stageService.js — Tests Unitaires"],"fullName":"stageService.js — Tests Unitaires 9 — supprimerStage appelle DELETE /stages/:id","status":"passed","title":"9 — supprimerStage appelle DELETE /stages/:id","duration":0.6269999999999527,"failureMessages":[],"meta":{},"tags":[]},{"ancestorTitles":["stageService.js — Tests Unitaires"],"fullName":"stageService.js — Tests Unitaires 10 — supprimerStage ne retourne rien (void)","status":"passed","title":"10 — supprimerStage ne retourne rien (void)","duration":0.6738000000000284,"failureMessages":[],"meta":{},"tags":[]},{"ancestorTitles":["stageService.js — Tests d'Intégration"],"fullName":"stageService.js — Tests d'Intégration 11 — créer puis récupérer : le stage créé apparaît dans la liste","status":"passed","title":"11 — créer puis récupérer : le stage créé apparaît dans la liste","duration":0.6509999999998399,"failureMessages":[],"meta":{},"tags":[]},{"ancestorTitles":["stageService.js — Tests d'Intégration"],"fullName":"stageService.js — Tests d'Intégration 12 — modifier puis supprimer : les deux appels API sont corrects","status":"passed","title":"12 — modifier puis supprimer : les deux appels API sont corrects","duration":0.7519999999999527,"failureMessages":[],"meta":{},"tags":[]},{"ancestorTitles":["stageService.js — Tests d'Intégration"],"fullName":"stageService.js — Tests d'Intégration 13 — fetchStagesEtudiant avec différents ids appelle les bons endpoints","status":"passed","title":"13 — fetchStagesEtudiant avec différents ids appelle les bons endpoints","duration":0.5597999999999956,"failureMessages":[],"meta":{},"tags":[]}],"startTime":1779926926411,"endTime":1779926926430.752,"status":"passed","message":"","name":"C:/Users/F_B/Desktop/Trusty/frontend/tests/services/stageservices.test.js"},{"assertionResults":[{"ancestorTitles":["adminStore","état initial"],"fullName":"adminStore état initial initialise tous les tableaux vides","status":"passed","title":"initialise tous les tableaux vides","duration":8.453599999999824,"failureMessages":[],"meta":{},"tags":[]},{"ancestorTitles":["adminStore","état initial"],"fullName":"adminStore état initial initialise les stats à zéro","status":"passed","title":"initialise les stats à zéro","duration":1.6835000000000946,"failureMessages":[],"meta":{},"tags":[]},{"ancestorTitles":["adminStore","état initial"],"fullName":"adminStore état initial initialise loading à false et error à null","status":"passed","title":"initialise loading à false et error à null","duration":1.247400000000198,"failureMessages":[],"meta":{},"tags":[]},{"ancestorTitles":["adminStore","fetchDashboardStats()"],"fullName":"adminStore fetchDashboardStats() met à jour stats avec la réponse API","status":"passed","title":"met à jour stats avec la réponse API","duration":6.116799999999785,"failureMessages":[],"meta":{},"tags":[]},{"ancestorTitles":["adminStore","fetchDashboardStats()"],"fullName":"adminStore fetchDashboardStats() passe loading à true pendant le chargement puis false après","status":"passed","title":"passe loading à true pendant le chargement puis false après","duration":1.2746999999999389,"failureMessages":[],"meta":{},"tags":[]},{"ancestorTitles":["adminStore","fetchDashboardStats()"],"fullName":"adminStore fetchDashboardStats() stocke le message d'erreur en cas d'échec API","status":"passed","title":"stocke le message d'erreur en cas d'échec API","duration":1.2116000000000895,"failureMessages":[],"meta":{},"tags":[]},{"ancestorTitles":["adminStore","fetchDashboardStats()"],"fullName":"adminStore fetchDashboardStats() utilise le message générique si pas de message d'erreur","status":"passed","title":"utilise le message générique si pas de message d'erreur","duration":0.897099999999682,"failureMessages":[],"meta":{},"tags":[]},{"ancestorTitles":["adminStore","fetchUsers()"],"fullName":"adminStore fetchUsers() remplit users avec la réponse API","status":"passed","title":"remplit users avec la réponse API","duration":1.6661999999996624,"failureMessages":[],"meta":{},"tags":[]},{"ancestorTitles":["adminStore","fetchUsers()"],"fullName":"adminStore fetchUsers() stocke l'erreur en cas d'échec","status":"passed","title":"stocke l'erreur en cas d'échec","duration":1.0002999999996973,"failureMessages":[],"meta":{},"tags":[]},{"ancestorTitles":["adminStore","createUser()"],"fullName":"adminStore createUser() envoie le bon payload au bon endpoint","status":"passed","title":"envoie le bon payload au bon endpoint","duration":4.558500000000095,"failureMessages":[],"meta":{},"tags":[]},{"ancestorTitles":["adminStore","createUser()"],"fullName":"adminStore createUser() n'inclut pas telephone si phone est vide","status":"passed","title":"n'inclut pas telephone si phone est vide","duration":3.51070000000027,"failureMessages":[],"meta":{},"tags":[]},{"ancestorTitles":["adminStore","createUser()"],"fullName":"adminStore createUser() retourne success: false avec le message en cas d'erreur","status":"passed","title":"retourne success: false avec le message en cas d'erreur","duration":0.822400000000016,"failureMessages":[],"meta":{},"tags":[]},{"ancestorTitles":["adminStore","createUser()"],"fullName":"adminStore createUser() appelle fetchUsers après une création réussie","status":"passed","title":"appelle fetchUsers après une création réussie","duration":0.8541000000000167,"failureMessages":[],"meta":{},"tags":[]},{"ancestorTitles":["adminStore","mapRoleToEnum (via createUser)"],"fullName":"adminStore mapRoleToEnum (via createUser) mappe \"Étudiant\" → \"ETUDIANT\"","status":"passed","title":"mappe \"Étudiant\" → \"ETUDIANT\"","duration":0.5574000000001433,"failureMessages":[],"meta":{},"tags":[]},{"ancestorTitles":["adminStore","mapRoleToEnum (via createUser)"],"fullName":"adminStore mapRoleToEnum (via createUser) mappe \"Professeur\" → \"PROFESSEUR\"","status":"passed","title":"mappe \"Professeur\" → \"PROFESSEUR\"","duration":0.4454000000000633,"failureMessages":[],"meta":{},"tags":[]},{"ancestorTitles":["adminStore","mapRoleToEnum (via createUser)"],"fullName":"adminStore mapRoleToEnum (via createUser) mappe \"Administrateur\" → \"ADMINISTRATEUR\"","status":"passed","title":"mappe \"Administrateur\" → \"ADMINISTRATEUR\"","duration":0.5012000000001535,"failureMessages":[],"meta":{},"tags":[]},{"ancestorTitles":["adminStore","mapRoleToEnum (via createUser)"],"fullName":"adminStore mapRoleToEnum (via createUser) mappe \"Professionnel\" → \"PROFESSIONNEL\"","status":"passed","title":"mappe \"Professionnel\" → \"PROFESSIONNEL\"","duration":0.46410000000014406,"failureMessages":[],"meta":{},"tags":[]},{"ancestorTitles":["adminStore","mapRoleToEnum (via createUser)"],"fullName":"adminStore mapRoleToEnum (via createUser) mappe \"Inconnu\" → \"ETUDIANT\"","status":"passed","title":"mappe \"Inconnu\" → \"ETUDIANT\"","duration":0.5607999999997446,"failureMessages":[],"meta":{},"tags":[]},{"ancestorTitles":["adminStore","deleteUser()"],"fullName":"adminStore deleteUser() supprime l'utilisateur de la liste locale","status":"passed","title":"supprime l'utilisateur de la liste locale","duration":1.2366000000001804,"failureMessages":[],"meta":{},"tags":[]},{"ancestorTitles":["adminStore","deleteUser()"],"fullName":"adminStore deleteUser() stocke l'erreur si la suppression échoue","status":"passed","title":"stocke l'erreur si la suppression échoue","duration":0.9441000000001623,"failureMessages":[],"meta":{},"tags":[]},{"ancestorTitles":["adminStore","fetchVerificationQueue()"],"fullName":"adminStore fetchVerificationQueue() remplit verificationQueue avec la réponse API","status":"passed","title":"remplit verificationQueue avec la réponse API","duration":0.622899999999845,"failureMessages":[],"meta":{},"tags":[]},{"ancestorTitles":["adminStore","certifyPortfolio()"],"fullName":"adminStore certifyPortfolio() retire l'item de la verificationQueue et retourne success: true","status":"passed","title":"retire l'item de la verificationQueue et retourne success: true","duration":0.7268999999996595,"failureMessages":[],"meta":{},"tags":[]},{"ancestorTitles":["adminStore","certifyPortfolio()"],"fullName":"adminStore certifyPortfolio() retourne success: false avec le message en cas d'erreur","status":"passed","title":"retourne success: false avec le message en cas d'erreur","duration":0.43000000000029104,"failureMessages":[],"meta":{},"tags":[]},{"ancestorTitles":["adminStore","requestCorrections()"],"fullName":"adminStore requestCorrections() envoie la note au bon endpoint et retourne success: true","status":"passed","title":"envoie la note au bon endpoint et retourne success: true","duration":0.5479000000000269,"failureMessages":[],"meta":{},"tags":[]},{"ancestorTitles":["adminStore","requestCorrections()"],"fullName":"adminStore requestCorrections() retourne success: false en cas d'erreur","status":"passed","title":"retourne success: false en cas d'erreur","duration":1.9416999999998552,"failureMessages":[],"meta":{},"tags":[]},{"ancestorTitles":["adminStore","fetchCertHistory()"],"fullName":"adminStore fetchCertHistory() remplit certHistory avec la réponse API","status":"passed","title":"remplit certHistory avec la réponse API","duration":1.4619000000002416,"failureMessages":[],"meta":{},"tags":[]},{"ancestorTitles":["adminStore","fetchPortfolios()"],"fullName":"adminStore fetchPortfolios() remplit portfolios avec la réponse API","status":"passed","title":"remplit portfolios avec la réponse API","duration":0.9389999999998508,"failureMessages":[],"meta":{},"tags":[]}],"startTime":1779926925777,"endTime":1779926925823.939,"status":"passed","message":"","name":"C:/Users/F_B/Desktop/Trusty/frontend/tests/stores/adminstore.test.js"},{"assertionResults":[{"ancestorTitles":["authStore — Tests Unitaires"],"fullName":"authStore — Tests Unitaires 1 — état initial : user null, loading false, error null","status":"passed","title":"1 — état initial : user null, loading false, error null","duration":8.427400000000034,"failureMessages":[],"meta":{},"tags":[]},{"ancestorTitles":["authStore — Tests Unitaires"],"fullName":"authStore — Tests Unitaires 2 — login : appelle authService.login avec email et password en objet","status":"failed","title":"2 — login : appelle authService.login avec email et password en objet","duration":21.715799999999945,"failureMessages":["AssertionError: expected \"vi.fn()\" to be called with arguments: [ { email: 'alice@test.com', …(1) } ]\u001b[90m\n\nReceived:\n\n\u001b[1m  1st vi.fn() call:\n\n\u001b[22m\u001b[2m  [\u001b[22m\n\u001b[2m    {\u001b[22m\n\u001b[2m      \"email\": \"alice@test.com\",\u001b[22m\n\u001b[2m      \"password\": \"1234\",\u001b[22m\n\u001b[31m+     \"remember\": false,\u001b[90m\n\u001b[2m    },\u001b[22m\n\u001b[2m  ]\u001b[22m\n\u001b[39m\u001b[90m\n\nNumber of calls: \u001b[1m1\u001b[22m\n\u001b[39m\n    at Proxy.<anonymous> (file:///C:/Users/F_B/Desktop/Trusty/frontend/node_modules/@vitest/expect/dist/index.js:1487:10)\n    at Proxy.<anonymous> (file:///C:/Users/F_B/Desktop/Trusty/frontend/node_modules/@vitest/expect/dist/index.js:1156:15)\n    at Proxy.methodWrapper (file:///C:/Users/F_B/Desktop/Trusty/frontend/node_modules/chai/index.js:1700:25)\n    at C:/Users/F_B/Desktop/Trusty/frontend/tests/stores/authstore.test.js:52:1\n    at processTicksAndRejections (node:internal/process/task_queues:104:5)\n    at file:///C:/Users/F_B/Desktop/Trusty/frontend/node_modules/@vitest/runner/dist/chunk-artifact.js:1903:20"],"meta":{},"tags":[]},{"ancestorTitles":["authStore — Tests Unitaires"],"fullName":"authStore — Tests Unitaires 3 — login : user mis à jour via fetchUser après succès","status":"passed","title":"3 — login : user mis à jour via fetchUser après succès","duration":1.6133999999997286,"failureMessages":[],"meta":{},"tags":[]},{"ancestorTitles":["authStore — Tests Unitaires"],"fullName":"authStore — Tests Unitaires 4 — login : retourne true après succès","status":"passed","title":"4 — login : retourne true après succès","duration":1.291700000000219,"failureMessages":[],"meta":{},"tags":[]},{"ancestorTitles":["authStore — Tests Unitaires"],"fullName":"authStore — Tests Unitaires 5 — login : loading passe à false après succès","status":"passed","title":"5 — login : loading passe à false après succès","duration":1.142699999999877,"failureMessages":[],"meta":{},"tags":[]},{"ancestorTitles":["authStore — Tests Unitaires"],"fullName":"authStore — Tests Unitaires 6 — login : error reste null après succès","status":"passed","title":"6 — login : error reste null après succès","duration":1.0102999999999156,"failureMessages":[],"meta":{},"tags":[]},{"ancestorTitles":["authStore — Tests Unitaires"],"fullName":"authStore — Tests Unitaires 7 — login : error set avec message du serveur si échec","status":"passed","title":"7 — login : error set avec message du serveur si échec","duration":0.9510000000000218,"failureMessages":[],"meta":{},"tags":[]},{"ancestorTitles":["authStore — Tests Unitaires"],"fullName":"authStore — Tests Unitaires 8 — login : error fallback générique si pas de message serveur","status":"passed","title":"8 — login : error fallback générique si pas de message serveur","duration":5.020400000000336,"failureMessages":[],"meta":{},"tags":[]},{"ancestorTitles":["authStore — Tests Unitaires"],"fullName":"authStore — Tests Unitaires 9 — login : retourne false après échec","status":"passed","title":"9 — login : retourne false après échec","duration":1.9742000000001099,"failureMessages":[],"meta":{},"tags":[]},{"ancestorTitles":["authStore — Tests Unitaires"],"fullName":"authStore — Tests Unitaires 10 — login : loading passe à false même après une erreur","status":"passed","title":"10 — login : loading passe à false même après une erreur","duration":1.4007999999998901,"failureMessages":[],"meta":{},"tags":[]},{"ancestorTitles":["authStore — Tests Unitaires"],"fullName":"authStore — Tests Unitaires 11 — login : user reste null après échec","status":"passed","title":"11 — login : user reste null après échec","duration":1.0976000000000568,"failureMessages":[],"meta":{},"tags":[]},{"ancestorTitles":["authStore — Tests Unitaires"],"fullName":"authStore — Tests Unitaires 12 — logout : appelle api.post /auth/logout","status":"passed","title":"12 — logout : appelle api.post /auth/logout","duration":0.9600999999997839,"failureMessages":[],"meta":{},"tags":[]},{"ancestorTitles":["authStore — Tests Unitaires"],"fullName":"authStore — Tests Unitaires 13 — logout : remet user à null","status":"passed","title":"13 — logout : remet user à null","duration":0.9951000000000931,"failureMessages":[],"meta":{},"tags":[]},{"ancestorTitles":["authStore — Tests Unitaires"],"fullName":"authStore — Tests Unitaires 14 — logout : ne plante pas si api.post échoue","status":"passed","title":"14 — logout : ne plante pas si api.post échoue","duration":2.4307000000003427,"failureMessages":[],"meta":{},"tags":[]},{"ancestorTitles":["authStore — Tests Unitaires"],"fullName":"authStore — Tests Unitaires 15 — fetchUser : met à jour user avec les données reçues","status":"passed","title":"15 — fetchUser : met à jour user avec les données reçues","duration":0.7668000000003303,"failureMessages":[],"meta":{},"tags":[]},{"ancestorTitles":["authStore — Tests Unitaires"],"fullName":"authStore — Tests Unitaires 16 — fetchUser : user mis à null si getMe échoue","status":"passed","title":"16 — fetchUser : user mis à null si getMe échoue","duration":0.9194999999999709,"failureMessages":[],"meta":{},"tags":[]},{"ancestorTitles":["authStore — Tests Unitaires"],"fullName":"authStore — Tests Unitaires 17 — fetchUser : ne rejette pas si getMe échoue","status":"passed","title":"17 — fetchUser : ne rejette pas si getMe échoue","duration":0.7040999999999258,"failureMessages":[],"meta":{},"tags":[]},{"ancestorTitles":["authStore — Tests d'Intégration"],"fullName":"authStore — Tests d'Intégration 18 — login puis logout : user réinitialisé à null","status":"passed","title":"18 — login puis logout : user réinitialisé à null","duration":1.6015000000002146,"failureMessages":[],"meta":{},"tags":[]},{"ancestorTitles":["authStore — Tests d'Intégration"],"fullName":"authStore — Tests d'Intégration 19 — login puis fetchUser : user mis à jour avec données complètes","status":"passed","title":"19 — login puis fetchUser : user mis à jour avec données complètes","duration":1.0773999999996704,"failureMessages":[],"meta":{},"tags":[]},{"ancestorTitles":["authStore — Tests d'Intégration"],"fullName":"authStore — Tests d'Intégration 20 — deux tentatives login : la deuxième écrase la première","status":"passed","title":"20 — deux tentatives login : la deuxième écrase la première","duration":0.46960000000035507,"failureMessages":[],"meta":{},"tags":[]},{"ancestorTitles":["authStore — Tests d'Intégration"],"fullName":"authStore — Tests d'Intégration 21 — échec login : error effacée au prochain essai réussi","status":"passed","title":"21 — échec login : error effacée au prochain essai réussi","duration":0.8337000000001353,"failureMessages":[],"meta":{},"tags":[]}],"startTime":1779926905122,"endTime":1779926905182.8337,"status":"failed","message":"","name":"C:/Users/F_B/Desktop/Trusty/frontend/tests/stores/authstore.test.js"},{"assertionResults":[{"ancestorTitles":["stageStore — Helpers (unitaires)"],"fullName":"stageStore — Helpers (unitaires) 1 — initiales retourne les 2 premières initiales en majuscule","status":"passed","title":"1 — initiales retourne les 2 premières initiales en majuscule","duration":3.2890000000002146,"failureMessages":[],"meta":{},"tags":[]},{"ancestorTitles":["stageStore — Helpers (unitaires)"],"fullName":"stageStore — Helpers (unitaires) 2 — initiales retourne \"?\" si la chaine est vide","status":"passed","title":"2 — initiales retourne \"?\" si la chaine est vide","duration":0.4371000000001004,"failureMessages":[],"meta":{},"tags":[]},{"ancestorTitles":["stageStore — Helpers (unitaires)"],"fullName":"stageStore — Helpers (unitaires) 3 — logoColor retourne une chaîne CSS gradient","status":"passed","title":"3 — logoColor retourne une chaîne CSS gradient","duration":0.5730999999996129,"failureMessages":[],"meta":{},"tags":[]},{"ancestorTitles":["stageStore — Helpers (unitaires)"],"fullName":"stageStore — Helpers (unitaires) 4 — avatarColor retourne une couleur hex","status":"passed","title":"4 — avatarColor retourne une couleur hex","duration":0.46869999999989886,"failureMessages":[],"meta":{},"tags":[]},{"ancestorTitles":["stageStore — Helpers (unitaires)"],"fullName":"stageStore — Helpers (unitaires) 5 — formatDate retourne \"—\" si la date est vide","status":"passed","title":"5 — formatDate retourne \"—\" si la date est vide","duration":0.3314999999997781,"failureMessages":[],"meta":{},"tags":[]},{"ancestorTitles":["stageStore — Helpers (unitaires)"],"fullName":"stageStore — Helpers (unitaires) 6 — formatDate retourne une date formatée en fr-FR","status":"passed","title":"6 — formatDate retourne une date formatée en fr-FR","duration":37.43309999999974,"failureMessages":[],"meta":{},"tags":[]},{"ancestorTitles":["stageStore — Helpers (unitaires)"],"fullName":"stageStore — Helpers (unitaires) 7 — badgeClass retourne badge--valide pour VALIDE","status":"passed","title":"7 — badgeClass retourne badge--valide pour VALIDE","duration":0.6001999999998588,"failureMessages":[],"meta":{},"tags":[]},{"ancestorTitles":["stageStore — Helpers (unitaires)"],"fullName":"stageStore — Helpers (unitaires) 8 — badgeClass retourne badge--attente pour EN_ATTENTE","status":"passed","title":"8 — badgeClass retourne badge--attente pour EN_ATTENTE","duration":0.3550999999997657,"failureMessages":[],"meta":{},"tags":[]},{"ancestorTitles":["stageStore — Helpers (unitaires)"],"fullName":"stageStore — Helpers (unitaires) 9 — badgeClass retourne badge--rejete pour REJETE","status":"passed","title":"9 — badgeClass retourne badge--rejete pour REJETE","duration":0.3681000000001404,"failureMessages":[],"meta":{},"tags":[]},{"ancestorTitles":["stageStore — Helpers (unitaires)"],"fullName":"stageStore — Helpers (unitaires) 10 — badgeClass retourne badge--cours pour statut inconnu","status":"passed","title":"10 — badgeClass retourne badge--cours pour statut inconnu","duration":0.333299999999781,"failureMessages":[],"meta":{},"tags":[]},{"ancestorTitles":["stageStore — Helpers (unitaires)"],"fullName":"stageStore — Helpers (unitaires) 11 — labelStatut retourne le label français correct","status":"passed","title":"11 — labelStatut retourne le label français correct","duration":0.39629999999988286,"failureMessages":[],"meta":{},"tags":[]},{"ancestorTitles":["stageStore — Helpers (unitaires)"],"fullName":"stageStore — Helpers (unitaires) 12 — labelStatut retourne le statut brut si inconnu","status":"passed","title":"12 — labelStatut retourne le statut brut si inconnu","duration":0.18209999999999127,"failureMessages":[],"meta":{},"tags":[]},{"ancestorTitles":["stageStore — Helpers (unitaires)"],"fullName":"stageStore — Helpers (unitaires) 13 — formDefault retourne un objet avec est_public à true","status":"passed","title":"13 — formDefault retourne un objet avec est_public à true","duration":0.32120000000031723,"failureMessages":[],"meta":{},"tags":[]},{"ancestorTitles":["stageStore — Tests Unitaires"],"fullName":"stageStore — Tests Unitaires 14 — état initial : stages vide, loading false, error null","status":"passed","title":"14 — état initial : stages vide, loading false, error null","duration":11.602199999999812,"failureMessages":[],"meta":{},"tags":[]},{"ancestorTitles":["stageStore — Tests Unitaires"],"fullName":"stageStore — Tests Unitaires 15 — stats initial : total 0, valides 0, enAttente 0","status":"passed","title":"15 — stats initial : total 0, valides 0, enAttente 0","duration":2.138500000000022,"failureMessages":[],"meta":{},"tags":[]},{"ancestorTitles":["stageStore — Tests Unitaires"],"fullName":"stageStore — Tests Unitaires 16 — chargerStages appelle fetchStagesEtudiant avec l'id user","status":"passed","title":"16 — chargerStages appelle fetchStagesEtudiant avec l'id user","duration":4.2710000000001855,"failureMessages":[],"meta":{},"tags":[]},{"ancestorTitles":["stageStore — Tests Unitaires"],"fullName":"stageStore — Tests Unitaires 17 — chargerStages met à jour stages après succès","status":"passed","title":"17 — chargerStages met à jour stages après succès","duration":3.7083999999999833,"failureMessages":[],"meta":{},"tags":[]},{"ancestorTitles":["stageStore — Tests Unitaires"],"fullName":"stageStore — Tests Unitaires 18 — chargerStages met error en cas d'échec API","status":"passed","title":"18 — chargerStages met error en cas d'échec API","duration":2.4575000000004366,"failureMessages":[],"meta":{},"tags":[]},{"ancestorTitles":["stageStore — Tests Unitaires"],"fullName":"stageStore — Tests Unitaires 19 — chargerStages ne fait rien si idEtudiant est null","status":"passed","title":"19 — chargerStages ne fait rien si idEtudiant est null","duration":1.3630000000002838,"failureMessages":[],"meta":{},"tags":[]},{"ancestorTitles":["stageStore — Tests Unitaires"],"fullName":"stageStore — Tests Unitaires 20 — stats.valides compte les stages VALIDE","status":"passed","title":"20 — stats.valides compte les stages VALIDE","duration":1.349999999999909,"failureMessages":[],"meta":{},"tags":[]},{"ancestorTitles":["stageStore — Tests Unitaires"],"fullName":"stageStore — Tests Unitaires 21 — openModal(create) ouvre le modal en mode create avec formulaire vide","status":"passed","title":"21 — openModal(create) ouvre le modal en mode create avec formulaire vide","duration":1.2102999999997337,"failureMessages":[],"meta":{},"tags":[]},{"ancestorTitles":["stageStore — Tests Unitaires"],"fullName":"stageStore — Tests Unitaires 22 — openModal(edit, stage) pré-remplit le formulaire avec les données du stage","status":"passed","title":"22 — openModal(edit, stage) pré-remplit le formulaire avec les données du stage","duration":1.6206999999999425,"failureMessages":[],"meta":{},"tags":[]},{"ancestorTitles":["stageStore — Tests Unitaires"],"fullName":"stageStore — Tests Unitaires 23 — sauvegarder en mode create appelle creerStage","status":"passed","title":"23 — sauvegarder en mode create appelle creerStage","duration":1.5258999999996377,"failureMessages":[],"meta":{},"tags":[]},{"ancestorTitles":["stageStore — Tests Unitaires"],"fullName":"stageStore — Tests Unitaires 24 — sauvegarder sans champs obligatoires affiche une erreur toast","status":"passed","title":"24 — sauvegarder sans champs obligatoires affiche une erreur toast","duration":0.8535999999999149,"failureMessages":[],"meta":{},"tags":[]},{"ancestorTitles":["stageStore — Tests Unitaires"],"fullName":"stageStore — Tests Unitaires 25 — sauvegarder en mode edit appelle modifierStage","status":"passed","title":"25 — sauvegarder en mode edit appelle modifierStage","duration":2.713100000000395,"failureMessages":[],"meta":{},"tags":[]},{"ancestorTitles":["stageStore — Tests Unitaires"],"fullName":"stageStore — Tests Unitaires 26 — filterStatut filtre les stages par statut","status":"passed","title":"26 — filterStatut filtre les stages par statut","duration":10.75570000000016,"failureMessages":[],"meta":{},"tags":[]},{"ancestorTitles":["stageStore — Tests Unitaires"],"fullName":"stageStore — Tests Unitaires 27 — filterSearch filtre les stages par nom d'entreprise","status":"passed","title":"27 — filterSearch filtre les stages par nom d'entreprise","duration":1.0727999999999156,"failureMessages":[],"meta":{},"tags":[]},{"ancestorTitles":["stageStore — Tests d'Intégration"],"fullName":"stageStore — Tests d'Intégration 28 — charger puis créer : le nouveau stage apparaît dans stages","status":"passed","title":"28 — charger puis créer : le nouveau stage apparaît dans stages","duration":1.5269000000002961,"failureMessages":[],"meta":{},"tags":[]},{"ancestorTitles":["stageStore — Tests d'Intégration"],"fullName":"stageStore — Tests d'Intégration 29 — charger puis modifier : le stage est mis à jour dans la liste","status":"passed","title":"29 — charger puis modifier : le stage est mis à jour dans la liste","duration":1.1564000000003034,"failureMessages":[],"meta":{},"tags":[]},{"ancestorTitles":["stageStore — Tests d'Intégration"],"fullName":"stageStore — Tests d'Intégration 30 — showToast : le toast disparaît après 3.2s","status":"passed","title":"30 — showToast : le toast disparaît après 3.2s","duration":15.94860000000017,"failureMessages":[],"meta":{},"tags":[]}],"startTime":1779926925054,"endTime":1779926925165.9485,"status":"passed","message":"","name":"C:/Users/F_B/Desktop/Trusty/frontend/tests/stores/stagestore.test.js"},{"assertionResults":[{"ancestorTitles":["Test environnement"],"fullName":"Test environnement should work","status":"passed","title":"should work","duration":5.3740999999999985,"failureMessages":[],"meta":{},"tags":[]}],"startTime":1779926928115,"endTime":1779926928120.374,"status":"passed","message":"","name":"C:/Users/F_B/Desktop/Trusty/frontend/tests/setup/basic.test.js"},{"assertionResults":[{"ancestorTitles":["AdminDashboard.vue","rendu de base"],"fullName":"AdminDashboard.vue rendu de base affiche le titre de la page","status":"passed","title":"affiche le titre de la page","duration":363.7892999999999,"failureMessages":[],"meta":{},"tags":[]},{"ancestorTitles":["AdminDashboard.vue","rendu de base"],"fullName":"AdminDashboard.vue rendu de base affiche le bouton \"Créer un utilisateur\"","status":"passed","title":"affiche le bouton \"Créer un utilisateur\"","duration":53.558500000000095,"failureMessages":[],"meta":{},"tags":[]},{"ancestorTitles":["AdminDashboard.vue","rendu de base"],"fullName":"AdminDashboard.vue rendu de base affiche 4 StatCards","status":"passed","title":"affiche 4 StatCards","duration":60.48790000000008,"failureMessages":[],"meta":{},"tags":[]},{"ancestorTitles":["AdminDashboard.vue","file de vérification"],"fullName":"AdminDashboard.vue file de vérification affiche les items de la file de vérification","status":"passed","title":"affiche les items de la file de vérification","duration":33.621799999999894,"failureMessages":[],"meta":{},"tags":[]},{"ancestorTitles":["AdminDashboard.vue","file de vérification"],"fullName":"AdminDashboard.vue file de vérification affiche le badge avec le nombre d'items en attente","status":"passed","title":"affiche le badge avec le nombre d'items en attente","duration":65.89609999999993,"failureMessages":[],"meta":{},"tags":[]},{"ancestorTitles":["AdminDashboard.vue","file de vérification"],"fullName":"AdminDashboard.vue file de vérification affiche \"Aucun élément en attente\" si la file est vide","status":"passed","title":"affiche \"Aucun élément en attente\" si la file est vide","duration":33.0597000000007,"failureMessages":[],"meta":{},"tags":[]},{"ancestorTitles":["AdminDashboard.vue","file de vérification"],"fullName":"AdminDashboard.vue file de vérification affiche \"…\" pendant le chargement","status":"passed","title":"affiche \"…\" pendant le chargement","duration":144.29320000000007,"failureMessages":[],"meta":{},"tags":[]},{"ancestorTitles":["AdminDashboard.vue","modal créer un utilisateur"],"fullName":"AdminDashboard.vue modal créer un utilisateur ouvre le modal au clic sur \"+ Créer un utilisateur\"","status":"passed","title":"ouvre le modal au clic sur \"+ Créer un utilisateur\"","duration":107.25870000000032,"failureMessages":[],"meta":{},"tags":[]},{"ancestorTitles":["AdminDashboard.vue","modal créer un utilisateur"],"fullName":"AdminDashboard.vue modal créer un utilisateur ouvre correctement le modal","status":"passed","title":"ouvre correctement le modal","duration":60.052999999999884,"failureMessages":[],"meta":{},"tags":[]},{"ancestorTitles":["AdminDashboard.vue","gestion des utilisateurs"],"fullName":"AdminDashboard.vue gestion des utilisateurs affiche la liste des utilisateurs","status":"passed","title":"affiche la liste des utilisateurs","duration":65.48649999999998,"failureMessages":[],"meta":{},"tags":[]},{"ancestorTitles":["AdminDashboard.vue","gestion des utilisateurs"],"fullName":"AdminDashboard.vue gestion des utilisateurs filtre les utilisateurs selon la recherche","status":"passed","title":"filtre les utilisateurs selon la recherche","duration":144.54349999999977,"failureMessages":[],"meta":{},"tags":[]},{"ancestorTitles":["AdminDashboard.vue","historique des certifications"],"fullName":"AdminDashboard.vue historique des certifications affiche les items de l'historique","status":"passed","title":"affiche les items de l'historique","duration":44.35499999999956,"failureMessages":[],"meta":{},"tags":[]},{"ancestorTitles":["AdminDashboard.vue","historique des certifications"],"fullName":"AdminDashboard.vue historique des certifications affiche \"Aucune certification récente\" si l'historique est vide","status":"passed","title":"affiche \"Aucune certification récente\" si l'historique est vide","duration":25.601800000000367,"failureMessages":[],"meta":{},"tags":[]},{"ancestorTitles":["AdminDashboard.vue","bannière d'erreur"],"fullName":"AdminDashboard.vue bannière d'erreur affiche la bannière si store.error est défini","status":"passed","title":"affiche la bannière si store.error est défini","duration":41.25370000000021,"failureMessages":[],"meta":{},"tags":[]},{"ancestorTitles":["AdminDashboard.vue","bannière d'erreur"],"fullName":"AdminDashboard.vue bannière d'erreur n'affiche pas la bannière si store.error est null","status":"passed","title":"n'affiche pas la bannière si store.error est null","duration":45.912100000000464,"failureMessages":[],"meta":{},"tags":[]},{"ancestorTitles":["AdminDashboard.vue","chargement initial"],"fullName":"AdminDashboard.vue chargement initial appelle les 4 actions du store au montage","status":"passed","title":"appelle les 4 actions du store au montage","duration":30.15229999999974,"failureMessages":[],"meta":{},"tags":[]}],"startTime":1779926913308,"endTime":1779926914631.1523,"status":"passed","message":"","name":"C:/Users/F_B/Desktop/Trusty/frontend/tests/views/admindashboardview.test.js"},{"assertionResults":[{"ancestorTitles":["AdminPortfolios.vue","rendu de base"],"fullName":"AdminPortfolios.vue rendu de base affiche le titre de la page","status":"passed","title":"affiche le titre de la page","duration":309.85170000000016,"failureMessages":[],"meta":{},"tags":[]},{"ancestorTitles":["AdminPortfolios.vue","rendu de base"],"fullName":"AdminPortfolios.vue rendu de base affiche les boutons Exporter et Vérification en masse","status":"passed","title":"affiche les boutons Exporter et Vérification en masse","duration":71.90249999999969,"failureMessages":[],"meta":{},"tags":[]},{"ancestorTitles":["AdminPortfolios.vue","rendu de base"],"fullName":"AdminPortfolios.vue rendu de base affiche les 4 StatCards","status":"passed","title":"affiche les 4 StatCards","duration":55.5006999999996,"failureMessages":[],"meta":{},"tags":[]},{"ancestorTitles":["AdminPortfolios.vue","rendu de base"],"fullName":"AdminPortfolios.vue rendu de base affiche la pagination","status":"passed","title":"affiche la pagination","duration":74.46179999999958,"failureMessages":[],"meta":{},"tags":[]},{"ancestorTitles":["AdminPortfolios.vue","tableau des portfolios"],"fullName":"AdminPortfolios.vue tableau des portfolios affiche les portfolios mock au rendu initial","status":"passed","title":"affiche les portfolios mock au rendu initial","duration":47.63889999999992,"failureMessages":[],"meta":{},"tags":[]},{"ancestorTitles":["AdminPortfolios.vue","tableau des portfolios"],"fullName":"AdminPortfolios.vue tableau des portfolios affiche les statuts des portfolios","status":"passed","title":"affiche les statuts des portfolios","duration":27.46520000000055,"failureMessages":[],"meta":{},"tags":[]},{"ancestorTitles":["AdminPortfolios.vue","tableau des portfolios"],"fullName":"AdminPortfolios.vue tableau des portfolios affiche \"Aucun portfolio trouvé\" si aucun résultat de recherche","status":"passed","title":"affiche \"Aucun portfolio trouvé\" si aucun résultat de recherche","duration":168.61839999999938,"failureMessages":[],"meta":{},"tags":[]},{"ancestorTitles":["AdminPortfolios.vue","recherche par étudiant"],"fullName":"AdminPortfolios.vue recherche par étudiant filtre par nom d'étudiant","status":"passed","title":"filtre par nom d'étudiant","duration":33.08190000000013,"failureMessages":[],"meta":{},"tags":[]},{"ancestorTitles":["AdminPortfolios.vue","recherche par étudiant"],"fullName":"AdminPortfolios.vue recherche par étudiant filtre par titre de portfolio","status":"passed","title":"filtre par titre de portfolio","duration":45.142399999999725,"failureMessages":[],"meta":{},"tags":[]},{"ancestorTitles":["AdminPortfolios.vue","filtre par statut"],"fullName":"AdminPortfolios.vue filtre par statut filtre les portfolios \"Certifié\"","status":"passed","title":"filtre les portfolios \"Certifié\"","duration":46.27049999999963,"failureMessages":[],"meta":{},"tags":[]},{"ancestorTitles":["AdminPortfolios.vue","filtre par statut"],"fullName":"AdminPortfolios.vue filtre par statut filtre les portfolios \"En attente\"","status":"passed","title":"filtre les portfolios \"En attente\"","duration":46.36859999999979,"failureMessages":[],"meta":{},"tags":[]},{"ancestorTitles":["AdminPortfolios.vue","tri"],"fullName":"AdminPortfolios.vue tri le tri \"Plus anciens\" inverse l'ordre de la liste","status":"passed","title":"le tri \"Plus anciens\" inverse l'ordre de la liste","duration":92.02149999999983,"failureMessages":[],"meta":{},"tags":[]},{"ancestorTitles":["Admin
[...]
icationView — Tests Unitaires 2 — affiche un contenu visible","status":"failed","title":"2 — affiche un contenu visible","duration":3.952400000000125,"failureMessages":["Error: [🍍]: \"getActivePinia()\" was called but there was no active Pinia. Are you trying to use a store before calling \"app.use(pinia)\"?\nSee https://pinia.vuejs.org/core-concepts/outside-component-usage.html for help.\nThis will fail in production.\n    at useStore (file:///C:/Users/F_B/Desktop/Trusty/frontend/node_modules/pinia/dist/pinia.mjs:1706:19)\n    at setup (C:/Users/F_B/Desktop/Trusty/frontend/src/views/Etudiant/Notification.vue:162:31)\n    at callWithErrorHandling (C:\\Users\\F_B\\Desktop\\Trusty\\frontend\\node_modules\\@vue\\runtime-core\\dist\\runtime-core.cjs.js:200:19)\n    at setupStatefulComponent (C:\\Users\\F_B\\Desktop\\Trusty\\frontend\\node_modules\\@vue\\runtime-core\\dist\\runtime-core.cjs.js:8078:25)\n    at setupComponent (C:\\Users\\F_B\\Desktop\\Trusty\\frontend\\node_modules\\@vue\\runtime-core\\dist\\runtime-core.cjs.js:8040:36)\n    at mountComponent (C:\\Users\\F_B\\Desktop\\Trusty\\frontend\\node_modules\\@vue\\runtime-core\\dist\\runtime-core.cjs.js:5963:7)\n    at processComponent (C:\\Users\\F_B\\Desktop\\Trusty\\frontend\\node_modules\\@vue\\runtime-core\\dist\\runtime-core.cjs.js:5929:9)\n    at patch (C:\\Users\\F_B\\Desktop\\Trusty\\frontend\\node_modules\\@vue\\runtime-core\\dist\\runtime-core.cjs.js:5439:11)\n    at ReactiveEffect.componentUpdateFn [as fn] (C:\\Users\\F_B\\Desktop\\Trusty\\frontend\\node_modules\\@vue\\runtime-core\\dist\\runtime-core.cjs.js:6077:11)\n    at ReactiveEffect.run (C:\\Users\\F_B\\Desktop\\Trusty\\frontend\\node_modules\\@vue\\reactivity\\dist\\reactivity.cjs.js:264:19)"],"meta":{},"tags":[]},{"ancestorTitles":["NotificationView — Tests Unitaires"],"fullName":"NotificationView — Tests Unitaires 3 — contient un élément racine div","status":"failed","title":"3 — contient un élément racine div","duration":3.3393999999998414,"failureMessages":["Error: [🍍]: \"getActivePinia()\" was called but there was no active Pinia. Are you trying to use a store before calling \"app.use(pinia)\"?\nSee https://pinia.vuejs.org/core-concepts/outside-component-usage.html for help.\nThis will fail in production.\n    at useStore (file:///C:/Users/F_B/Desktop/Trusty/frontend/node_modules/pinia/dist/pinia.mjs:1706:19)\n    at setup (C:/Users/F_B/Desktop/Trusty/frontend/src/views/Etudiant/Notification.vue:162:31)\n    at callWithErrorHandling (C:\\Users\\F_B\\Desktop\\Trusty\\frontend\\node_modules\\@vue\\runtime-core\\dist\\runtime-core.cjs.js:200:19)\n    at setupStatefulComponent (C:\\Users\\F_B\\Desktop\\Trusty\\frontend\\node_modules\\@vue\\runtime-core\\dist\\runtime-core.cjs.js:8078:25)\n    at setupComponent (C:\\Users\\F_B\\Desktop\\Trusty\\frontend\\node_modules\\@vue\\runtime-core\\dist\\runtime-core.cjs.js:8040:36)\n    at mountComponent (C:\\Users\\F_B\\Desktop\\Trusty\\frontend\\node_modules\\@vue\\runtime-core\\dist\\runtime-core.cjs.js:5963:7)\n    at processComponent (C:\\Users\\F_B\\Desktop\\Trusty\\frontend\\node_modules\\@vue\\runtime-core\\dist\\runtime-core.cjs.js:5929:9)\n    at patch (C:\\Users\\F_B\\Desktop\\Trusty\\frontend\\node_modules\\@vue\\runtime-core\\dist\\runtime-core.cjs.js:5439:11)\n    at ReactiveEffect.componentUpdateFn [as fn] (C:\\Users\\F_B\\Desktop\\Trusty\\frontend\\node_modules\\@vue\\runtime-core\\dist\\runtime-core.cjs.js:6077:11)\n    at ReactiveEffect.run (C:\\Users\\F_B\\Desktop\\Trusty\\frontend\\node_modules\\@vue\\reactivity\\dist\\reactivity.cjs.js:264:19)"],"meta":{},"tags":[]}],"startTime":1779926906500,"endTime":1779926906542.3394,"status":"failed","message":"","name":"C:/Users/F_B/Desktop/Trusty/frontend/tests/views/etudiant/notificationview.test.js"},{"assertionResults":[{"ancestorTitles":["PortfolioView — Tests Unitaires"],"fullName":"PortfolioView — Tests Unitaires 1 — se monte sans erreur","status":"passed","title":"1 — se monte sans erreur","duration":37.738000000000284,"failureMessages":[],"meta":{},"tags":[]},{"ancestorTitles":["PortfolioView — Tests Unitaires"],"fullName":"PortfolioView — Tests Unitaires 2 — affiche un contenu visible","status":"passed","title":"2 — affiche un contenu visible","duration":5.063799999999901,"failureMessages":[],"meta":{},"tags":[]},{"ancestorTitles":["PortfolioView — Tests Unitaires"],"fullName":"PortfolioView — Tests Unitaires 3 — contient un élément racine div","status":"passed","title":"3 — contient un élément racine div","duration":28.907800000000407,"failureMessages":[],"meta":{},"tags":[]}],"startTime":1779926925079,"endTime":1779926925150.9077,"status":"passed","message":"","name":"C:/Users/F_B/Desktop/Trusty/frontend/tests/views/etudiant/portfolioview.test.js"},{"assertionResults":[{"ancestorTitles":["ProjectListView — Tests Unitaires"],"fullName":"ProjectListView — Tests Unitaires 1 — se monte sans erreur","status":"failed","title":"1 — se monte sans erreur","duration":42.49120000000039,"failureMessages":["Error: [🍍]: \"getActivePinia()\" was called but there was no active Pinia. Are you trying to use a store before calling \"app.use(pinia)\"?\nSee https://pinia.vuejs.org/core-concepts/outside-component-usage.html for help.\nThis will fail in production.\n    at useStore (file:///C:/Users/F_B/Desktop/Trusty/frontend/node_modules/pinia/dist/pinia.mjs:1706:19)\n    at setup (C:/Users/F_B/Desktop/Trusty/frontend/src/views/Etudiant/ProjectList.vue:355:33)\n    at callWithErrorHandling (C:\\Users\\F_B\\Desktop\\Trusty\\frontend\\node_modules\\@vue\\runtime-core\\dist\\runtime-core.cjs.js:200:19)\n    at setupStatefulComponent (C:\\Users\\F_B\\Desktop\\Trusty\\frontend\\node_modules\\@vue\\runtime-core\\dist\\runtime-core.cjs.js:8078:25)\n    at setupComponent (C:\\Users\\F_B\\Desktop\\Trusty\\frontend\\node_modules\\@vue\\runtime-core\\dist\\runtime-core.cjs.js:8040:36)\n    at mountComponent (C:\\Users\\F_B\\Desktop\\Trusty\\frontend\\node_modules\\@vue\\runtime-core\\dist\\runtime-core.cjs.js:5963:7)\n    at processComponent (C:\\Users\\F_B\\Desktop\\Trusty\\frontend\\node_modules\\@vue\\runtime-core\\dist\\runtime-core.cjs.js:5929:9)\n    at patch (C:\\Users\\F_B\\Desktop\\Trusty\\frontend\\node_modules\\@vue\\runtime-core\\dist\\runtime-core.cjs.js:5439:11)\n    at ReactiveEffect.componentUpdateFn [as fn] (C:\\Users\\F_B\\Desktop\\Trusty\\frontend\\node_modules\\@vue\\runtime-core\\dist\\runtime-core.cjs.js:6077:11)\n    at ReactiveEffect.run (C:\\Users\\F_B\\Desktop\\Trusty\\frontend\\node_modules\\@vue\\reactivity\\dist\\reactivity.cjs.js:264:19)"],"meta":{},"tags":[]},{"ancestorTitles":["ProjectListView — Tests Unitaires"],"fullName":"ProjectListView — Tests Unitaires 2 — affiche un contenu visible","status":"failed","title":"2 — affiche un contenu visible","duration":6.110599999999977,"failureMessages":["Error: [🍍]: \"getActivePinia()\" was called but there was no active Pinia. Are you trying to use a store before calling \"app.use(pinia)\"?\nSee https://pinia.vuejs.org/core-concepts/outside-component-usage.html for help.\nThis will fail in production.\n    at useStore (file:///C:/Users/F_B/Desktop/Trusty/frontend/node_modules/pinia/dist/pinia.mjs:1706:19)\n    at setup (C:/Users/F_B/Desktop/Trusty/frontend/src/views/Etudiant/ProjectList.vue:355:33)\n    at callWithErrorHandling (C:\\Users\\F_B\\Desktop\\Trusty\\frontend\\node_modules\\@vue\\runtime-core\\dist\\runtime-core.cjs.js:200:19)\n    at setupStatefulComponent (C:\\Users\\F_B\\Desktop\\Trusty\\frontend\\node_modules\\@vue\\runtime-core\\dist\\runtime-core.cjs.js:8078:25)\n    at setupComponent (C:\\Users\\F_B\\Desktop\\Trusty\\frontend\\node_modules\\@vue\\runtime-core\\dist\\runtime-core.cjs.js:8040:36)\n    at mountComponent (C:\\Users\\F_B\\Desktop\\Trusty\\frontend\\node_modules\\@vue\\runtime-core\\dist\\runtime-core.cjs.js:5963:7)\n    at processComponent (C:\\Users\\F_B\\Desktop\\Trusty\\frontend\\node_modules\\@vue\\runtime-core\\dist\\runtime-core.cjs.js:5929:9)\n    at patch (C:\\Users\\F_B\\Desktop\\Trusty\\frontend\\node_modules\\@vue\\runtime-core\\dist\\runtime-core.cjs.js:5439:11)\n    at ReactiveEffect.componentUpdateFn [as fn] (C:\\Users\\F_B\\Desktop\\Trusty\\frontend\\node_modules\\@vue\\runtime-core\\dist\\runtime-core.cjs.js:6077:11)\n    at ReactiveEffect.run (C:\\Users\\F_B\\Desktop\\Trusty\\frontend\\node_modules\\@vue\\reactivity\\dist\\reactivity.cjs.js:264:19)"],"meta":{},"tags":[]},{"ancestorTitles":["ProjectListView — Tests Unitaires"],"fullName":"ProjectListView — Tests Unitaires 3 — contient un élément racine div","status":"failed","title":"3 — contient un élément racine div","duration":3.938999999999396,"failureMessages":["Error: [🍍]: \"getActivePinia()\" was called but there was no active Pinia. Are you trying to use a store before calling \"app.use(pinia)\"?\nSee https://pinia.vuejs.org/core-concepts/outside-component-usage.html for help.\nThis will fail in production.\n    at useStore (file:///C:/Users/F_B/Desktop/Trusty/frontend/node_modules/pinia/dist/pinia.mjs:1706:19)\n    at setup (C:/Users/F_B/Desktop/Trusty/frontend/src/views/Etudiant/ProjectList.vue:355:33)\n    at callWithErrorHandling (C:\\Users\\F_B\\Desktop\\Trusty\\frontend\\node_modules\\@vue\\runtime-core\\dist\\runtime-core.cjs.js:200:19)\n    at setupStatefulComponent (C:\\Users\\F_B\\Desktop\\Trusty\\frontend\\node_modules\\@vue\\runtime-core\\dist\\runtime-core.cjs.js:8078:25)\n    at setupComponent (C:\\Users\\F_B\\Desktop\\Trusty\\frontend\\node_modules\\@vue\\runtime-core\\dist\\runtime-core.cjs.js:8040:36)\n    at mountComponent (C:\\Users\\F_B\\Desktop\\Trusty\\frontend\\node_modules\\@vue\\runtime-core\\dist\\runtime-core.cjs.js:5963:7)\n    at processComponent (C:\\Users\\F_B\\Desktop\\Trusty\\frontend\\node_modules\\@vue\\runtime-core\\dist\\runtime-core.cjs.js:5929:9)\n    at patch (C:\\Users\\F_B\\Desktop\\Trusty\\frontend\\node_modules\\@vue\\runtime-core\\dist\\runtime-core.cjs.js:5439:11)\n    at ReactiveEffect.componentUpdateFn [as fn] (C:\\Users\\F_B\\Desktop\\Trusty\\frontend\\node_modules\\@vue\\runtime-core\\dist\\runtime-core.cjs.js:6077:11)\n    at ReactiveEffect.run (C:\\Users\\F_B\\Desktop\\Trusty\\frontend\\node_modules\\@vue\\reactivity\\dist\\reactivity.cjs.js:264:19)"],"meta":{},"tags":[]}],"startTime":1779926905495,"endTime":1779926905547.939,"status":"failed","message":"","name":"C:/Users/F_B/Desktop/Trusty/frontend/tests/views/etudiant/projectlistview.test.js"},{"assertionResults":[{"ancestorTitles":["RecommendationsView — Tests Unitaires"],"fullName":"RecommendationsView — Tests Unitaires 1 — se monte sans erreur","status":"failed","title":"1 — se monte sans erreur","duration":36.312299999999595,"failureMessages":["Error: [🍍]: \"getActivePinia()\" was called but there was no active Pinia. Are you trying to use a store before calling \"app.use(pinia)\"?\nSee https://pinia.vuejs.org/core-concepts/outside-component-usage.html for help.\nThis will fail in production.\n    at useStore (file:///C:/Users/F_B/Desktop/Trusty/frontend/node_modules/pinia/dist/pinia.mjs:1706:19)\n    at setup (C:/Users/F_B/Desktop/Trusty/frontend/src/views/Etudiant/Recommendations.vue:238:31)\n    at callWithErrorHandling (C:\\Users\\F_B\\Desktop\\Trusty\\frontend\\node_modules\\@vue\\runtime-core\\dist\\runtime-core.cjs.js:200:19)\n    at setupStatefulComponent (C:\\Users\\F_B\\Desktop\\Trusty\\frontend\\node_modules\\@vue\\runtime-core\\dist\\runtime-core.cjs.js:8078:25)\n    at setupComponent (C:\\Users\\F_B\\Desktop\\Trusty\\frontend\\node_modules\\@vue\\runtime-core\\dist\\runtime-core.cjs.js:8040:36)\n    at mountComponent (C:\\Users\\F_B\\Desktop\\Trusty\\frontend\\node_modules\\@vue\\runtime-core\\dist\\runtime-core.cjs.js:5963:7)\n    at processComponent (C:\\Users\\F_B\\Desktop\\Trusty\\frontend\\node_modules\\@vue\\runtime-core\\dist\\runtime-core.cjs.js:5929:9)\n    at patch (C:\\Users\\F_B\\Desktop\\Trusty\\frontend\\node_modules\\@vue\\runtime-core\\dist\\runtime-core.cjs.js:5439:11)\n    at ReactiveEffect.componentUpdateFn [as fn] (C:\\Users\\F_B\\Desktop\\Trusty\\frontend\\node_modules\\@vue\\runtime-core\\dist\\runtime-core.cjs.js:6077:11)\n    at ReactiveEffect.run (C:\\Users\\F_B\\Desktop\\Trusty\\frontend\\node_modules\\@vue\\reactivity\\dist\\reactivity.cjs.js:264:19)"],"meta":{},"tags":[]},{"ancestorTitles":["RecommendationsView — Tests Unitaires"],"fullName":"RecommendationsView — Tests Unitaires 2 — affiche un contenu visible","status":"failed","title":"2 — affiche un contenu visible","duration":6.6328999999996086,"failureMessages":["Error: [🍍]: \"getActivePinia()\" was called but there was no active Pinia. Are you trying to use a store before calling \"app.use(pinia)\"?\nSee https://pinia.vuejs.org/core-concepts/outside-component-usage.html for help.\nThis will fail in production.\n    at useStore (file:///C:/Users/F_B/Desktop/Trusty/frontend/node_modules/pinia/dist/pinia.mjs:1706:19)\n    at setup (C:/Users/F_B/Desktop/Trusty/frontend/src/views/Etudiant/Recommendations.vue:238:31)\n    at callWithErrorHandling (C:\\Users\\F_B\\Desktop\\Trusty\\frontend\\node_modules\\@vue\\runtime-core\\dist\\runtime-core.cjs.js:200:19)\n    at setupStatefulComponent (C:\\Users\\F_B\\Desktop\\Trusty\\frontend\\node_modules\\@vue\\runtime-core\\dist\\runtime-core.cjs.js:8078:25)\n    at setupComponent (C:\\Users\\F_B\\Desktop\\Trusty\\frontend\\node_modules\\@vue\\runtime-core\\dist\\runtime-core.cjs.js:8040:36)\n    at mountComponent (C:\\Users\\F_B\\Desktop\\Trusty\\frontend\\node_modules\\@vue\\runtime-core\\dist\\runtime-core.cjs.js:5963:7)\n    at processComponent (C:\\Users\\F_B\\Desktop\\Trusty\\frontend\\node_modules\\@vue\\runtime-core\\dist\\runtime-core.cjs.js:5929:9)\n    at patch (C:\\Users\\F_B\\Desktop\\Trusty\\frontend\\node_modules\\@vue\\runtime-core\\dist\\runtime-core.cjs.js:5439:11)\n    at ReactiveEffect.componentUpdateFn [as fn] (C:\\Users\\F_B\\Desktop\\Trusty\\frontend\\node_modules\\@vue\\runtime-core\\dist\\runtime-core.cjs.js:6077:11)\n    at ReactiveEffect.run (C:\\Users\\F_B\\Desktop\\Trusty\\frontend\\node_modules\\@vue\\reactivity\\dist\\reactivity.cjs.js:264:19)"],"meta":{},"tags":[]},{"ancestorTitles":["RecommendationsView — Tests Unitaires"],"fullName":"RecommendationsView — Tests Unitaires 3 — contient un élément racine div","status":"failed","title":"3 — contient un élément racine div","duration":3.5749000000005253,"failureMessages":["Error: [🍍]: \"getActivePinia()\" was called but there was no active Pinia. Are you trying to use a store before calling \"app.use(pinia)\"?\nSee https://pinia.vuejs.org/core-concepts/outside-component-usage.html for help.\nThis will fail in production.\n    at useStore (file:///C:/Users/F_B/Desktop/Trusty/frontend/node_modules/pinia/dist/pinia.mjs:1706:19)\n    at setup (C:/Users/F_B/Desktop/Trusty/frontend/src/views/Etudiant/Recommendations.vue:238:31)\n    at callWithErrorHandling (C:\\Users\\F_B\\Desktop\\Trusty\\frontend\\node_modules\\@vue\\runtime-core\\dist\\runtime-core.cjs.js:200:19)\n    at setupStatefulComponent (C:\\Users\\F_B\\Desktop\\Trusty\\frontend\\node_modules\\@vue\\runtime-core\\dist\\runtime-core.cjs.js:8078:25)\n    at setupComponent (C:\\Users\\F_B\\Desktop\\Trusty\\frontend\\node_modules\\@vue\\runtime-core\\dist\\runtime-core.cjs.js:8040:36)\n    at mountComponent (C:\\Users\\F_B\\Desktop\\Trusty\\frontend\\node_modules\\@vue\\runtime-core\\dist\\runtime-core.cjs.js:5963:7)\n    at processComponent (C:\\Users\\F_B\\Desktop\\Trusty\\frontend\\node_modules\\@vue\\runtime-core\\dist\\runtime-core.cjs.js:5929:9)\n    at patch (C:\\Users\\F_B\\Desktop\\Trusty\\frontend\\node_modules\\@vue\\runtime-core\\dist\\runtime-core.cjs.js:5439:11)\n    at ReactiveEffect.componentUpdateFn [as fn] (C:\\Users\\F_B\\Desktop\\Trusty\\frontend\\node_modules\\@vue\\runtime-core\\dist\\runtime-core.cjs.js:6077:11)\n    at ReactiveEffect.run (C:\\Users\\F_B\\Desktop\\Trusty\\frontend\\node_modules\\@vue\\reactivity\\dist\\reactivity.cjs.js:264:19)"],"meta":{},"tags":[]}],"startTime":1779926906474,"endTime":1779926906521.575,"status":"failed","message":"","name":"C:/Users/F_B/Desktop/Trusty/frontend/tests/views/etudiant/recommendationsview.test.js"},{"assertionResults":[{"ancestorTitles":["StageList.vue (view) — Tests Unitaires"],"fullName":"StageList.vue (view) — Tests Unitaires 1 — affiche le titre \"Gestion des Stages\"","status":"passed","title":"1 — affiche le titre \"Gestion des Stages\"","duration":107.02169999999978,"failureMessages":[],"meta":{},"tags":[]},{"ancestorTitles":["StageList.vue (view) — Tests Unitaires"],"fullName":"StageList.vue (view) — Tests Unitaires 2 — affiche le sous-titre descriptif","status":"passed","title":"2 — affiche le sous-titre descriptif","duration":7.974299999999857,"failureMessages":[],"meta":{},"tags":[]},{"ancestorTitles":["StageList.vue (view) — Tests Unitaires"],"fullName":"StageList.vue (view) — Tests Unitaires 3 — affiche le bouton \"Nouveau stage\"","status":"passed","title":"3 — affiche le bouton \"Nouveau stage\"","duration":6.9408000000003085,"failureMessages":[],"meta":{},"tags":[]},{"ancestorTitles":["StageList.vue (view) — Tests Unitaires"],"fullName":"StageList.vue (view) — Tests Unitaires 4 — monte le composant StageStats","status":"passed","title":"4 — monte le composant StageStats","duration":17.28399999999965,"failureMessages":[],"meta":{},"tags":[]},{"ancestorTitles":["StageList.vue (view) — Tests Unitaires"],"fullName":"StageList.vue (view) — Tests Unitaires 5 — monte le composant StageTable","status":"passed","title":"5 — monte le composant StageTable","duration":9.304799999999886,"failureMessages":[],"meta":{},"tags":[]},{"ancestorTitles":["StageList.vue (view) — Tests Unitaires"],"fullName":"StageList.vue (view) — Tests Unitaires 6 — monte le composant StageModal","status":"passed","title":"6 — monte le composant StageModal","duration":9.748599999999897,"failureMessages":[],"meta":{},"tags":[]},{"ancestorTitles":["StageList.vue (view) — Tests Unitaires"],"fullName":"StageList.vue (view) — Tests Unitaires 7 — monte le composant StageBottomGrid","status":"passed","title":"7 — monte le composant StageBottomGrid","duration":5.86640000000034,"failureMessages":[],"meta":{},"tags":[]},{"ancestorTitles":["StageList.vue (view) — Tests Unitaires"],"fullName":"StageList.vue (view) — Tests Unitaires 8 — clic \"Nouveau stage\" appelle store.openModal(\"create\")","status":"passed","title":"8 — clic \"Nouveau stage\" appelle store.openModal(\"create\")","duration":15.044399999999769,"failureMessages":[],"meta":{},"tags":[]},{"ancestorTitles":["StageList.vue (view) — Tests Unitaires"],"fullName":"StageList.vue (view) — Tests Unitaires 9 — affiche le toast si store.toast.show est true","status":"passed","title":"9 — affiche le toast si store.toast.show est true","duration":10.036000000000058,"failureMessages":[],"meta":{},"tags":[]},{"ancestorTitles":["StageList.vue (view) — Tests Unitaires"],"fullName":"StageList.vue (view) — Tests Unitaires 10 — n'affiche pas le toast si store.toast.show est false","status":"passed","title":"10 — n'affiche pas le toast si store.toast.show est false","duration":5.324099999999817,"failureMessages":[],"meta":{},"tags":[]},{"ancestorTitles":["StageList.vue (view) — Tests d'Intégration"],"fullName":"StageList.vue (view) — Tests d'Intégration 11 — appelle store.init() au montage","status":"passed","title":"11 — appelle store.init() au montage","duration":7.000999999999749,"failureMessages":[],"meta":{},"tags":[]},{"ancestorTitles":["StageList.vue (view) — Tests d'Intégration"],"fullName":"StageList.vue (view) — Tests d'Intégration 12 — passe store.stats à StageStats","status":"passed","title":"12 — passe store.stats à StageStats","duration":5.869599999999991,"failureMessages":[],"meta":{},"tags":[]}],"startTime":1779926921336,"endTime":1779926921544.8696,"status":"passed","message":"","name":"C:/Users/F_B/Desktop/Trusty/frontend/tests/views/etudiant/stagelistview.test.js"}]}