{"numTotalTestSuites":559,"numPassedTestSuites":528,"numFailedTestSuites":31,"numPendingTestSuites":0,"numTotalTests":1793,"numPassedTests":1717,"numFailedTests":76,"numPendingTests":0,"numTodoTests":0,"snapshot":{"added":0,"failure":false,"filesAdded":0,"filesRemoved":0,"filesRemovedList":[],"filesUnmatched":0,"filesUpdated":0,"matched":0,"total":0,"unchecked":0,"uncheckedKeysByFile":[],"unmatched":0,"updated":0,"didUpdate":false},"startTime":1781990777258,"success":false,"testResults":[{"assertionResults":[{"ancestorTitles":["activitesStore + activitesService — Tests d'intégration"],"fullName":"activitesStore + activitesService — Tests d'intégration 1 — fetchActivites : store → service → api.get /activites/etudiant/:id → activités chargées","status":"passed","title":"1 — fetchActivites : store → service → api.get /activites/etudiant/:id → activités chargées","duration":16.642300000000432,"failureMessages":[],"meta":{},"tags":[]},{"ancestorTitles":["activitesStore + activitesService — Tests d'intégration"],"fullName":"activitesStore + activitesService — Tests d'intégration 2 — fetchActivites avec liste vide : activites reste [] ou données démo","status":"passed","title":"2 — fetchActivites avec liste vide : activites reste [] ou données démo","duration":2.5340000000005602,"failureMessages":[],"meta":{},"tags":[]},{"ancestorTitles":["activitesStore + activitesService — Tests d'intégration"],"fullName":"activitesStore + activitesService — Tests d'intégration 3 — fetchActivites échoue : erreur stockée, données démo affichées","status":"passed","title":"3 — fetchActivites échoue : erreur stockée, données démo affichées","duration":1.886700000000019,"failureMessages":[],"meta":{},"tags":[]},{"ancestorTitles":["activitesStore + activitesService — Tests d'intégration"],"fullName":"activitesStore + activitesService — Tests d'intégration 4 — addActivite : store → service → api.post → activité ajoutée en tête de liste","status":"passed","title":"4 — addActivite : store → service → api.post → activité ajoutée en tête de liste","duration":3.796499999999469,"failureMessages":[],"meta":{},"tags":[]},{"ancestorTitles":["activitesStore + activitesService — Tests d'intégration"],"fullName":"activitesStore + activitesService — Tests d'intégration 5 — addActivite échoue : erreur stockée, liste inchangée","status":"passed","title":"5 — addActivite échoue : erreur stockée, liste inchangée","duration":1.8674000000000888,"failureMessages":[],"meta":{},"tags":[]},{"ancestorTitles":["activitesStore + activitesService — Tests d'intégration"],"fullName":"activitesStore + activitesService — Tests d'intégration 6 — getter filteredActivites : filtre par type_activite","status":"passed","title":"6 — getter filteredActivites : filtre par type_activite","duration":4.279999999999745,"failureMessages":[],"meta":{},"tags":[]},{"ancestorTitles":["activitesStore + activitesService — Tests d'intégration"],"fullName":"activitesStore + activitesService — Tests d'intégration 7 — getters stats : totalActivites, validees, enAttente, avecAttestation","status":"passed","title":"7 — getters stats : totalActivites, validees, enAttente, avecAttestation","duration":1.8325999999997293,"failureMessages":[],"meta":{},"tags":[]},{"ancestorTitles":["activitesStore + activitesService — Tests d'intégration"],"fullName":"activitesStore + activitesService — Tests d'intégration 8 — workflow : fetch → ajouter → filtrer → stats cohérentes","status":"passed","title":"8 — workflow : fetch → ajouter → filtrer → stats cohérentes","duration":1.6468999999997322,"failureMessages":[],"meta":{},"tags":[]}],"startTime":1781990882414,"endTime":1781990882449.647,"status":"passed","message":"","name":"C:/Users/youne/Desktop/Trusty/frontend/tests/integration/activites.integration.test.js"},{"assertionResults":[{"ancestorTitles":["adminStore + adminApi — Tests d'intégration"],"fullName":"adminStore + adminApi — Tests d'intégration 1 — fetchDashboardStats : store → api.get /etudiants/ecole + /professeurs/ecole → stats calculées","status":"passed","title":"1 — fetchDashboardStats : store → api.get /etudiants/ecole + /professeurs/ecole → stats calculées","duration":16.903000000000247,"failureMessages":[],"meta":{},"tags":[]},{"ancestorTitles":["adminStore + adminApi — Tests d'intégration"],"fullName":"adminStore + adminApi — Tests d'intégration 2 — fetchDashboardStats échoue : erreur stockée dans store.error","status":"passed","title":"2 — fetchDashboardStats échoue : erreur stockée dans store.error","duration":2.6908999999996013,"failureMessages":[],"meta":{},"tags":[]},{"ancestorTitles":["adminStore + adminApi — Tests d'intégration"],"fullName":"adminStore + adminApi — Tests d'intégration 3 — fetchUsers : store → api.get /etudiants/ecole + /professeurs/ecole → users mis à jour","status":"passed","title":"3 — fetchUsers : store → api.get /etudiants/ecole + /professeurs/ecole → users mis à jour","duration":4.231800000000476,"failureMessages":[],"meta":{},"tags":[]},{"ancestorTitles":["adminStore + adminApi — Tests d'intégration"],"fullName":"adminStore + adminApi — Tests d'intégration 4 — fetchUsers avec liste vide : users = []","status":"passed","title":"4 — fetchUsers avec liste vide : users = []","duration":3.0392000000001644,"failureMessages":[],"meta":{},"tags":[]},{"ancestorTitles":["adminStore + adminApi — Tests d'intégration"],"fullName":"adminStore + adminApi — Tests d'intégration 5 — fetchUsers échoue : erreur propagée dans store.error","status":"passed","title":"5 — fetchUsers échoue : erreur propagée dans store.error","duration":1.7731000000003405,"failureMessages":[],"meta":{},"tags":[]},{"ancestorTitles":["adminStore + adminApi — Tests d'intégration"],"fullName":"adminStore + adminApi — Tests d'intégration 6 — fetchVerificationQueue : store → api.get /activites/a-valider","status":"passed","title":"6 — fetchVerificationQueue : store → api.get /activites/a-valider","duration":2.3109000000004016,"failureMessages":[],"meta":{},"tags":[]},{"ancestorTitles":["adminStore + adminApi — Tests d'intégration"],"fullName":"adminStore + adminApi — Tests d'intégration 7 — validateEntity (ACTIVITE, VALIDE) : store → api.post → retiré de la queue","status":"passed","title":"7 — validateEntity (ACTIVITE, VALIDE) : store → api.post → retiré de la queue","duration":4.08640000000014,"failureMessages":[],"meta":{},"tags":[]},{"ancestorTitles":["adminStore + adminApi — Tests d'intégration"],"fullName":"adminStore + adminApi — Tests d'intégration 8 — validateEntity échoue : retourne success=false avec message","status":"passed","title":"8 — validateEntity échoue : retourne success=false avec message","duration":2.0938999999998487,"failureMessages":[],"meta":{},"tags":[]},{"ancestorTitles":["adminStore + adminApi — Tests d'intégration"],"fullName":"adminStore + adminApi — Tests d'intégration 9 — fetchCertHistory : store → api.get /historique-actions/ → appel correct","status":"passed","title":"9 — fetchCertHistory : store → api.get /historique-actions/ → appel correct","duration":2,"failureMessages":[],"meta":{},"tags":[]},{"ancestorTitles":["adminStore + adminApi — Tests d'intégration"],"fullName":"adminStore + adminApi — Tests d'intégration 10 — workflow : fetchUsers puis deleteUser → liste cohérente","status":"passed","title":"10 — workflow : fetchUsers puis deleteUser → liste cohérente","duration":3.55199999999968,"failureMessages":[],"meta":{},"tags":[]}],"startTime":1781990877926,"endTime":1781990877969.552,"status":"passed","message":"","name":"C:/Users/youne/Desktop/Trusty/frontend/tests/integration/admin.integration.test.js"},{"assertionResults":[{"ancestorTitles":["authStore + authService — Tests d'intégration"],"fullName":"authStore + authService — Tests d'intégration 1 — login réussi : store → service → api.post /auth/login → api.get /auth/me → user mis à jour","status":"passed","title":"1 — login réussi : store → service → api.post /auth/login → api.get /auth/me → user mis à jour","duration":19.651499999999942,"failureMessages":[],"meta":{},"tags":[]},{"ancestorTitles":["authStore + authService — Tests d'intégration"],"fullName":"authStore + authService — Tests d'intégration 2 — login échoue : erreur générique stockée dans le store","status":"passed","title":"2 — login échoue : erreur générique stockée dans le store","duration":10.792300000000068,"failureMessages":[],"meta":{},"tags":[]},{"ancestorTitles":["authStore + authService — Tests d'intégration"],"fullName":"authStore + authService — Tests d'intégration 3 — login échoue sans message serveur : message générique","status":"passed","title":"3 — login échoue sans message serveur : message générique","duration":1.7956999999996697,"failureMessages":[],"meta":{},"tags":[]},{"ancestorTitles":["authStore + authService — Tests d'intégration"],"fullName":"authStore + authService — Tests d'intégration 4 — login puis logout : store → service → api.post /auth/logout → user null","status":"passed","title":"4 — login puis logout : store → service → api.post /auth/logout → user null","duration":1.854099999999562,"failureMessages":[],"meta":{},"tags":[]},{"ancestorTitles":["authStore + authService — Tests d'intégration"],"fullName":"authStore + authService — Tests d'intégration 5 — logout silencieux si api.post échoue : user null quand même","status":"passed","title":"5 — logout silencieux si api.post échoue : user null quand même","duration":1.9471000000003187,"failureMessages":[],"meta":{},"tags":[]},{"ancestorTitles":["authStore + authService — Tests d'intégration"],"fullName":"authStore + authService — Tests d'intégration 6 — fetchUser : store → service.getMe → api.get /auth/me → user mis à jour","status":"passed","title":"6 — fetchUser : store → service.getMe → api.get /auth/me → user mis à jour","duration":1.2852999999995518,"failureMessages":[],"meta":{},"tags":[]},{"ancestorTitles":["authStore + authService — Tests d'intégration"],"fullName":"authStore + authService — Tests d'intégration 7 — fetchUser échoue : user reste null, pas d'erreur levée","status":"passed","title":"7 — fetchUser échoue : user reste null, pas d'erreur levée","duration":0.8657999999995809,"failureMessages":[],"meta":{},"tags":[]},{"ancestorTitles":["authStore + authService — Tests d'intégration"],"fullName":"authStore + authService — Tests d'intégration 8 — register : store → service.register → api.post /auth/register","status":"passed","title":"8 — register : store → service.register → api.post /auth/register","duration":2.4997000000003027,"failureMessages":[],"meta":{},"tags":[]},{"ancestorTitles":["authStore + authService — Tests d'intégration"],"fullName":"authStore + authService — Tests d'intégration 9 — register échoue : message générique stocké dans le store","status":"passed","title":"9 — register échoue : message générique stocké dans le store","duration":2.026600000000144,"failureMessages":[],"meta":{},"tags":[]},{"ancestorTitles":["authStore + authService — Tests d'intégration"],"fullName":"authStore + authService — Tests d'intégration 10 — échec login puis succès : error effacée, user mis à jour","status":"passed","title":"10 — échec login puis succès : error effacée, user mis à jour","duration":2.3251000000000204,"failureMessages":[],"meta":{},"tags":[]}],"startTime":1781990877381,"endTime":1781990877426.3252,"status":"passed","message":"","name":"C:/Users/youne/Desktop/Trusty/frontend/tests/integration/auth.integration.test.js"},{"assertionResults":[{"ancestorTitles":["dashboardServices — fetchStats"],"fullName":"dashboardServices — fetchStats 1 — retourne les stats depuis l'API si la réponse n'est pas vide","status":"failed","title":"1 — retourne les stats depuis l'API si la réponse n'est pas vide","duration":20.085800000000745,"failureMessages":["AssertionError: expected +0 to be 3 // Object.is equality\n    at C:/Users/youne/Desktop/Trusty/frontend/tests/integration/dashboard.integration.test.js:36:36\n    at processTicksAndRejections (node:internal/process/task_queues:104:5)\n    at file:///C:/Users/youne/Desktop/Trusty/frontend/node_modules/@vitest/runner/dist/chunk-artifact.js:1903:20"],"meta":{},"tags":[]},{"ancestorTitles":["dashboardServices — fetchStats"],"fullName":"dashboardServices — fetchStats 2 — retourne les stats démo si la réponse est vide","status":"passed","title":"2 — retourne les stats démo si la réponse est vide","duration":0.9917000000004919,"failureMessages":[],"meta":{},"tags":[]},{"ancestorTitles":["dashboardServices — fetchStats"],"fullName":"dashboardServices — fetchStats 3 — retourne les stats démo si l'API échoue","status":"passed","title":"3 — retourne les stats démo si l'API échoue","duration":3.828500000000531,"failureMessages":[],"meta":{},"tags":[]},{"ancestorTitles":["dashboardServices — fetchProjects"],"fullName":"dashboardServices — fetchProjects 4 — retourne les projets normalisés depuis l'API","status":"passed","title":"4 — retourne les projets normalisés depuis l'API","duration":0.9668000000001484,"failureMessages":[],"meta":{},"tags":[]},{"ancestorTitles":["dashboardServices — fetchProjects"],"fullName":"dashboardServices — fetchProjects 5 — retourne un tableau vide si aucun projet","status":"passed","title":"5 — retourne un tableau vide si aucun projet","duration":1.471599999999853,"failureMessages":[],"meta":{},"tags":[]},{"ancestorTitles":["dashboardServices — fetchProjects"],"fullName":"dashboardServices — fetchProjects 6 — retourne les données démo si l'API échoue","status":"passed","title":"6 — retourne les données démo si l'API échoue","duration":1.3800000000001091,"failureMessages":[],"meta":{},"tags":[]},{"ancestorTitles":["dashboardServices — fetchRecos"],"fullName":"dashboardServices — fetchRecos 7 — retourne les recommandations normalisées","status":"passed","title":"7 — retourne les recommandations normalisées","duration":0.9405000000006112,"failureMessages":[],"meta":{},"tags":[]},{"ancestorTitles":["dashboardServices — fetchRecos"],"fullName":"dashboardServices — fetchRecos 8 — retourne tableau vide ou données démo si l'API échoue","status":"passed","title":"8 — retourne tableau vide ou données démo si l'API échoue","duration":1.6146000000007916,"failureMessages":[],"meta":{},"tags":[]},{"ancestorTitles":["getAuteurLabel"],"fullName":"getAuteurLabel 9 — PROFESSEUR : retourne specialite · departement","status":"passed","title":"9 — PROFESSEUR : retourne specialite · departement","duration":0.6161000000001877,"failureMessages":[],"meta":{},"tags":[]},{"ancestorTitles":["getAuteurLabel"],"fullName":"getAuteurLabel 10 — PROFESSIONNEL : retourne poste · entreprise","status":"passed","title":"10 — PROFESSIONNEL : retourne poste · entreprise","duration":0.5486999999993714,"failureMessages":[],"meta":{},"tags":[]},{"ancestorTitles":["getAuteurLabel"],"fullName":"getAuteurLabel 11 — ETUDIANT : retourne filiere · Année X","status":"passed","title":"11 — ETUDIANT : retourne filiere · Année X","duration":0.3301000000001295,"failureMessages":[],"meta":{},"tags":[]},{"ancestorTitles":["getAuteurLabel"],"fullName":"getAuteurLabel 12 — auteur null/undefined : retourne chaîne vide","status":"passed","title":"12 — auteur null/undefined : retourne chaîne vide","duration":0.8750999999992928,"failureMessages":[],"meta":{},"tags":[]},{"ancestorTitles":["getAuteurLabel"],"fullName":"getAuteurLabel 13 — champs imbriqués professeur.specialite : correctement extraits","status":"passed","title":"13 — champs imbriqués professeur.specialite : correctement extraits","duration":0.3555999999998676,"failureMessages":[],"meta":{},"tags":[]}],"startTime":1781990782042,"endTime":1781990782076.875,"status":"failed","message":"","name":"C:/Users/youne/Desktop/Trusty/frontend/tests/integration/dashboard.integration.test.js"},{"assertionResults":[{"ancestorTitles":["professionalStore + professionalservices — Tests d'intégration"],"fullName":"professionalStore + professionalservices — Tests d'intégration 1 — chargerCandidats : store → service → api.get /stages → candidats dédupliqués et normalisés","status":"passed","title":"1 — chargerCandidats : store → service → api.get /stages → candidats dédupliqués et normalisés","duration":17.694800000000214,"failureMessages":[],"meta":{},"tags":[]},{"ancestorTitles":["professionalStore + professionalservices — Tests d'intégration"],"fullName":"professionalStore + professionalservices — Tests d'intégration 2 — chargerCandidats avec liste vide : candidats = []","status":"passed","title":"2 — chargerCandidats avec liste vide : candidats = []","duration":2.2992000000003827,"failureMessages":[],"meta":{},"tags":[]},{"ancestorTitles":["professionalStore + professionalservices — Tests d'intégration"],"fullName":"professionalStore + professionalservices — Tests d'intégration 3 — chargerCandidats échoue : erreur stockée dans store.erreur","status":"passed","title":"3 — chargerCandidats échoue : erreur stockée dans store.erreur","duration":2.0125000000007276,"failureMessages":[],"meta":{},"tags":[]},{"ancestorTitles":["professionalStore + professionalservices — Tests d'intégration"],"fullName":"professionalStore + professionalservices — Tests d'intégration 4 — chargerNotifications : store → service → api.get /notifications → notifs normalisées","status":"passed","title":"4 — chargerNotifications : store → service → api.get /notifications → notifs normalisées","duration":45.586599999999635,"failureMessages":[],"meta":{},"tags":[]},{"ancestorTitles":["professionalStore + professionalservices — Tests d'intégration"],"fullName":"professionalStore + professionalservices — Tests d'intégration 5 — envoyerRecommandation : store → service → api.post /recommandations → ajoutée localement","status":"passed","title":"5 — envoyerRecommandation : store → service → api.post /recommandations → ajoutée localement","duration":5.133600000000115,"failureMessages":[],"meta":{},"tags":[]},{"ancestorTitles":["professionalStore + professionalservices — Tests d'intégration"],"fullName":"professionalStore + professionalservices — Tests d'intégration 6 — workflow : charger candidats + notifs, puis envoyer une reco","status":"passed","title":"6 — workflow : charger candidats + notifs, puis envoyer une reco","duration":4.016999999999825,"failureMessages":[],"meta":{},"tags":[]}],"startTime":1781990868393,"endTime":1781990868470.017,"status":"passed","message":"","name":"C:/Users/youne/Desktop/Trusty/frontend/tests/integration/professional.integration.test.js"},{"assertionResults":[{"ancestorTitles":["professorStore + professorservices — Tests d'intégration"],"fullName":"professorStore + professorservices — Tests d'intégration 1 — chargerProjets : store → service → api.get /projets/a-valider → projets normalisés","status":"passed","title":"1 — chargerProjets : store → service → api.get /projets/a-valider → projets normalisés","duration":18.15269999999964,"failureMessages":[],"meta":{},"tags":[]},{"ancestorTitles":["professorStore + professorservices — Tests d'intégration"],"fullName":"professorStore + professorservices — Tests d'intégration 2 — chargerProjets échoue : erreur stockée dans store.erreur","status":"passed","title":"2 — chargerProjets échoue : erreur stockée dans store.erreur","duration":2.4148000000004686,"failureMessages":[],"meta":{},"tags":[]},{"ancestorTitles":["professorStore + professorservices — Tests d'intégration"],"fullName":"professorStore + professorservices — Tests d'intégration 3 — chargerStages : store → service → api.get /stages/a-valider → stages normalisés","status":"passed","title":"3 — chargerStages : store → service → api.get /stages/a-valider → stages normalisés","duration":45.11170000000038,"failureMessages":[],"meta":{},"tags":[]},{"ancestorTitles":["professorStore + professorservices — Tests d'intégration"],"fullName":"professorStore + professorservices — Tests d'intégration 4 — validerProjet (VALIDE) : store → service → api.post /projets/:id/valider → statut mis à jour localement","status":"passed","title":"4 — validerProjet (VALIDE) : store → service → api.post /projets/:id/valider → statut mis à jour localement","duration":4.255099999999402,"failureMessages":[],"meta":{},"tags":[]},{"ancestorTitles":["professorStore + professorservices — Tests d'intégration"],"fullName":"professorStore + professorservices — Tests d'intégration 5 — validerProjet (REJETE) : statut et label mis à jour en rejet","status":"passed","title":"5 — validerProjet (REJETE) : statut et label mis à jour en rejet","duration":2.0012000000006083,"failureMessages":[],"meta":{},"tags":[]},{"ancestorTitles":["professorStore + professorservices — Tests d'intégration"],"fullName":"professorStore + professorservices — Tests d'intégration 6 — validerStage (VALIDE) : store → service → api.post /stages/:id/valider → statut mis à jour","status":"passed","title":"6 — validerStage (VALIDE) : store → service → api.post /stages/:id/valider → statut mis à jour","duration":2.601900000000569,"failureMessages":[],"meta":{},"tags":[]},{"ancestorTitles":["professorStore + professorservices — Tests d'intégration"],"fullName":"professorStore + professorservices — Tests d'intégration 7 — chargerNotifications : store → service → api.get /notifications → normalisées","status":"passed","title":"7 — chargerNotifications : store → service → api.get /notifications → normalisées","duration":5.189800000000105,"failureMessages":[],"meta":{},"tags":[]},{"ancestorTitles":["professorStore + professorservices — Tests d'intégration"],"fullName":"professorStore + professorservices — Tests d'intégration 8 — getters computed depuis données api réelles","status":"passed","title":"8 — getters computed depuis données api réelles","duration":2.781099999999242,"failureMessages":[],"meta":{},"tags":[]},{"ancestorTitles":["professorStore + professorservices — Tests d'intégration"],"fullName":"professorStore + professorservices — Tests d'intégration 9 — workflow : charger projets + stages, puis valider un projet","status":"passed","title":"9 — workflow : charger projets + stages, puis valider un projet","duration":3.275900000000547,"failureMessages":[],"meta":{},"tags":[]}],"startTime":1781990864635,"endTime":1781990864721.276,"status":"passed","message":"","name":"C:/Users/youne/Desktop/Trusty/frontend/tests/integration/professor.integration.test.js"},{"assertionResults":[{"ancestorTitles":["projetStore + projetService — Tests d'intégration"],"fullName":"projetStore + projetService — Tests d'intégration 1 — fetchProjets : store → service → api.get /projets/ → projets mis à jour","status":"passed","title":"1 — fetchProjets : store → service → api.get /projets/ → projets mis à jour","duration":24.198999999999614,"failureMessages":[],"meta":{},"tags":[]},{"ancestorTitles":["projetStore + projetService — Tests d'intégration"],"fullName":"projetStore + projetService — Tests d'intégration 2 — fetchProjets avec liste vide : projets = []","status":"passed","title":"2 — fetchProjets avec liste vide : projets = []","duration":1.3468000000002576,"failureMessages":[],"meta":{},"tags":[]},{"ancestorTitles":["projetStore + projetService — Tests d'intégration"],"fullName":"projetStore + projetService — Tests d'intégration 3 — fetchProjets échoue : erreur propagée dans store.error","status":"passed","title":"3 — fetchProjets échoue : erreur propagée dans store.error","duration":1.8070999999999913,"failureMessages":[],"meta":{},"tags":[]},{"ancestorTitles":["projetStore + projetService — Tests d'intégration"],"fullName":"projetStore + projetService — Tests d'intégration 4 — createProjet : store → service → api.post /projets/ → projet ajouté en tête de liste","status":"passed","title":"4 — createProjet : store → service → api.post /projets/ → projet ajouté en tête de liste","duration":5.425500000000284,"failureMessages":[],"meta":{},"tags":[]},{"ancestorTitles":["projetStore + projetService — Tests d'intégration"],"fullName":"projetStore + projetService — Tests d'intégration 5 — updateProjet : store → service → api.put /projets/:id → projet mis à jour dans la liste","status":"passed","title":"5 — updateProjet : store → service → api.put /projets/:id → projet mis à jour dans la liste","duration":2.328700000000026,"failureMessages":[],"meta":{},"tags":[]},{"ancestorTitles":["projetStore + projetService — Tests d'intégration"],"fullName":"projetStore + projetService — Tests d'intégration 6 — deleteProjet : store → service → api.delete /projets/:id → retiré de la liste","status":"passed","title":"6 — deleteProjet : store → service → api.delete /projets/:id → retiré de la liste","duration":1.897399999999834,"failureMessages":[],"meta":{},"tags":[]},{"ancestorTitles":["projetStore + projetService — Tests d'intégration"],"fullName":"projetStore + projetService — Tests d'intégration 7 — stats computed depuis données api réelles","status":"passed","title":"7 — stats computed depuis données api réelles","duration":2.1638999999995576,"failureMessages":[],"meta":{},"tags":[]},{"ancestorTitles":["projetStore + projetService — Tests d'intégration"],"fullName":"projetStore + projetService — Tests d'intégration 8 — workflow : charger → créer → supprimer → liste cohérente","status":"passed","title":"8 — workflow : charger → créer → supprimer → liste cohérente","duration":2.269499999999425,"failureMessages":[],"meta":{},"tags":[]}],"startTime":1781990882065,"endTime":1781990882106.2695,"status":"passed","message":"","name":"C:/Users/youne/Desktop/Trusty/frontend/tests/integration/projet.integration.test.js"},{"assertionResults":[{"ancestorTitles":["stageStore + stageService — Tests d'intégration"],"fullName":"stageStore + stageService — Tests d'intégration 1 — chargerStages : store → service → api.get /stages/etudiant/:id → stages mis à jour","status":"passed","title":"1 — chargerStages : store → service → api.get /stages/etudiant/:id → stages mis à jour","duration":18.407799999999952,"failureMessages":[],"meta":{},"tags":[]},{"ancestorTitles":["stageStore + stageService — Tests d'intégration"],"fullName":"stageStore + stageService — Tests d'intégration 2 — chargerStages avec liste vide : stages = []","status":"passed","title":"2 — chargerStages avec liste vide : stages = []","duration":2.2905000000000655,"failureMessages":[],"meta":{},"tags":[]},{"ancestorTitles":["stageStore + stageService — Tests d'intégration"],"fullName":"stageStore + stageService — Tests d'intégration 3 — chargerStages échoue : erreur propagée dans store.error","status":"passed","title":"3 — chargerStages échoue : erreur propagée dans store.error","duration":2.7155000000002474,"failureMessages":[],"meta":{},"tags":[]},{"ancestorTitles":["stageStore + stageService — Tests d'intégration"],"fullName":"stageStore + stageService — Tests d'intégration 4 — chargerStages sans user : api.get non appelé","status":"passed","title":"4 — chargerStages sans user : api.get non appelé","duration":2.239300000000185,"failureMessages":[],"meta":{},"tags":[]},{"ancestorTitles":["stageStore + stageService — Tests d'intégration"],"fullName":"stageStore + stageService — Tests d'intégration 5 — sauvegarder (create) : store → service → api.post /stages/etudiant/:id → stage ajouté","status":"passed","title":"5 — sauvegarder (create) : store → service → api.post /stages/etudiant/:id → stage ajouté","duration":7.722899999999754,"failureMessages":[],"meta":{},"tags":[]},{"ancestorTitles":["stageStore + stageService — Tests d'intégration"],"fullName":"stageStore + stageService — Tests d'intégration 6 — sauvegarder (create) sans champs obligatoires : api.post non appelé","status":"passed","title":"6 — sauvegarder (create) sans champs obligatoires : api.post non appelé","duration":1.7775999999994383,"failureMessages":[],"meta":{},"tags":[]},{"ancestorTitles":["stageStore + stageService — Tests d'intégration"],"fullName":"stageStore + stageService — Tests d'intégration 7 — sauvegarder (edit) : store → service → api.put /stages/:id → stage mis à jour","status":"passed","title":"7 — sauvegarder (edit) : store → service → api.put /stages/:id → stage mis à jour","duration":3.458499999999731,"failureMessages":[],"meta":{},"tags":[]},{"ancestorTitles":["stageStore + stageService — Tests d'intégration"],"fullName":"stageStore + stageService — Tests d'intégration 8 — stats après chargement : computed correct depuis données api réelles","status":"passed","title":"8 — stats après chargement : computed correct depuis données api réelles","duration":3.2218000000002576,"failureMessages":[],"meta":{},"tags":[]},{"ancestorTitles":["stageStore + stageService — Tests d'intégration"],"fullName":"stageStore + stageService — Tests d'intégration 9 — workflow complet : charger, créer, puis lire la liste mise à jour","status":"passed","title":"9 — workflow complet : charger, créer, puis lire la liste mise à jour","duration":4.2984000000005835,"failureMessages":[],"meta":{},"tags":[]}],"startTime":1781990878925,"endTime":1781990878971.2983,"status":"passed","message":"","name":"C:/Users/youne/Desktop/Trusty/frontend/tests/integration/stage.integration.test.js"},{"assertionResults":[{"ancestorTitles":["activitesService.getActivitesByEtudiant()"],"fullName":"activitesService.getActivitesByEtudiant() appelle GET /activites/etudiant/:id","status":"passed","title":"appelle GET /activites/etudiant/:id","duration":6.903299999999945,"failureMessages":[],"meta":{},"tags":[]},{"ancestorTitles":["activitesService.getActivitesByEtudiant()"],"fullName":"activitesService.getActivitesByEtudiant() retourne les données de la réponse","status":"passed","title":"retourne les données de la réponse","duration":0.912199999999757,"failureMessages":[],"meta":{},"tags":[]},{"ancestorTitles":["activitesService.createActivite()"],"fullName":"activitesService.createActivite() appelle POST /activites/etudiant/:id avec les données","status":"passed","title":"appelle POST /activites/etudiant/:id avec les données","duration":1.4293000000002394,"failureMessages":[],"meta":{},"tags":[]},{"ancestorTitles":["activitesService.updateActivite()"],"fullName":"activitesService.updateActivite() appelle PUT /activites/:id avec les données","status":"passed","title":"appelle PUT /activites/:id avec les données","duration":0.88149999999996,"failureMessages":[],"meta":{},"tags":[]},{"ancestorTitles":["activitesService.deleteActivite()"],"fullName":"activitesService.deleteActivite() appelle DELETE /activites/:id","status":"passed","title":"appelle DELETE /activites/:id","duration":0.7078999999998814,"failureMessages":[],"meta":{},"tags":[]},{"ancestorTitles":["activitesService.uploadAttestation()"],"fullName":"activitesService.uploadAttestation() appelle POST /activites/:id/attestation avec FormData","status":"passed","title":"appelle POST /activites/:id/attestation avec FormData","duration":4.343499999999949,"failureMessages":[],"meta":{},"tags":[]},{"ancestorTitles":["activitesService.deleteAttestation()"],"fullName":"activitesService.deleteAttestation() appelle DELETE /activites/:id/attestation","status":"passed","title":"appelle DELETE /activites/:id/attestation","duration":0.6820999999999913,"failureMessages":[],"meta":{},"tags":[]}],"startTime":1781990886150,"endTime":1781990886167.6821,"status":"passed","message":"","name":"C:/Users/youne/Desktop/Trusty/frontend/tests/services/activitesservice.test.js"},{"assertionResults":[{"ancestorTitles":["auth.service.js — Tests Unitaires"],"fullName":"auth.service.js — Tests Unitaires 1 — login appelle POST /auth/login avec credentials","status":"passed","title":"1 — login appelle POST /auth/login avec credentials","duration":7.958300000000236,"failureMessages":[],"meta":{},"tags":[]},{"ancestorTitles":["auth.service.js — Tests Unitaires"],"fullName":"auth.service.js — Tests Unitaires 2 — login retourne response.data","status":"passed","title":"2 — login retourne response.data","duration":1.176300000000083,"failureMessages":[],"meta":{},"tags":[]},{"ancestorTitles":["auth.service.js — Tests Unitaires"],"fullName":"auth.service.js — Tests Unitaires 3 — login propage l'erreur si api.post échoue","status":"passed","title":"3 — login propage l'erreur si api.post échoue","duration":3.613499999999931,"failureMessages":[],"meta":{},"tags":[]},{"ancestorTitles":["auth.service.js — Tests Unitaires"],"fullName":"auth.service.js — Tests Unitaires 4 — register appelle POST /auth/register avec userData","status":"passed","title":"4 — register appelle POST /auth/register avec userData","duration":1.2983000000003813,"failureMessages":[],"meta":{},"tags":[]},{"ancestorTitles":["auth.service.js — Tests Unitaires"],"fullName":"auth.service.js — Tests Unitaires 5 — register retourne response.data","status":"passed","title":"5 — register retourne response.data","duration":0.7074999999999818,"failureMessages":[],"meta":{},"tags":[]},{"ancestorTitles":["auth.service.js — Tests Unitaires"],"fullName":"auth.service.js — Tests Unitaires 6 — register propage l'erreur si api.post échoue","status":"passed","title":"6 — register propage l'erreur si api.post échoue","duration":0.8054999999999382,"failureMessages":[],"meta":{},"tags":[]},{"ancestorTitles":["auth.service.js — Tests Unitaires"],"fullName":"auth.service.js — Tests Unitaires 7 — getMe appelle GET /auth/me","status":"passed","title":"7 — getMe appelle GET /auth/me","duration":0.6378999999997177,"failureMessages":[],"meta":{},"tags":[]},{"ancestorTitles":["auth.service.js — Tests Unitaires"],"fullName":"auth.service.js — Tests Unitaires 8 — getMe retourne response.data (l'objet complet de réponse)","status":"passed","title":"8 — getMe retourne response.data (l'objet complet de réponse)","duration":0.5338000000001557,"failureMessages":[],"meta":{},"tags":[]},{"ancestorTitles":["auth.service.js — Tests Unitaires"],"fullName":"auth.service.js — Tests Unitaires 9 — forgotPassword appelle POST /auth/forgot-password avec email","status":"passed","title":"9 — forgotPassword appelle POST /auth/forgot-password avec email","duration":0.7777000000000953,"failureMessages":[],"meta":{},"tags":[]},{"ancestorTitles":["auth.service.js — Tests Unitaires"],"fullName":"auth.service.js — Tests Unitaires 10 — forgotPassword retourne response.data","status":"passed","title":"10 — forgotPassword retourne response.data","duration":0.6263000000003558,"failureMessages":[],"meta":{},"tags":[]},{"ancestorTitles":["auth.service.js — Tests Unitaires"],"fullName":"auth.service.js — Tests Unitaires 11 — forgotPassword propage l'erreur si api.post échoue","status":"passed","title":"11 — forgotPassword propage l'erreur si api.post échoue","duration":0.7784999999998945,"failureMessages":[],"meta":{},"tags":[]},{"ancestorTitles":["auth.service.js — Tests Unitaires"],"fullName":"auth.service.js — Tests Unitaires 12 — resetPassword appelle POST /auth/reset-password avec token et nouveau mot de passe","status":"passed","title":"12 — resetPassword appelle POST /auth/reset-password avec token et nouveau mot de passe","duration":0.6565000000000509,"failureMessages":[],"meta":{},"tags":[]},{"ancestorTitles":["auth.service.js — Tests Unitaires"],"fullName":"auth.service.js — Tests Unitaires 13 — resetPassword retourne response.data","status":"passed","title":"13 — resetPassword retourne response.data","duration":0.32849999999962165,"failureMessages":[],"meta":{},"tags":[]}],"startTime":1781990882186,"endTime":1781990882206.6565,"status":"passed","message":"","name":"C:/Users/youne/Desktop/Trusty/frontend/tests/services/authservices.test.js"},{"assertionResults":[{"ancestorTitles":["getCompetence()"],"fullName":"getCompetence() appelle GET /competences","status":"passed","title":"appelle GET /competences","duration":6.559799999999996,"failureMessages":[],"meta":{},"tags":[]},{"ancestorTitles":["getCompetence()"],"fullName":"getCompetence() retourne data.data","status":"passed","title":"retourne data.data","duration":0.8826999999996588,"failureMessages":[],"meta":{},"tags":[]},{"ancestorTitles":["getCompetenceByStudentId()"],"fullName":"getCompetenceByStudentId() appelle GET /competences/etudiant/:id","status":"passed","title":"appelle GET /competences/etudiant/:id","duration":0.7638000000001739,"failureMessages":[],"meta":{},"tags":[]},{"ancestorTitles":["addCompetence()"],"fullName":"addCompetence() appelle POST /competences","status":"passed","title":"appelle POST /competences","duration":1.5978000000000065,"failureMessages":[],"meta":{},"tags":[]},{"ancestorTitles":["addSkillToStudent()"],"fullName":"addSkillToStudent() appelle POST /competences/etudiant/:id/:compId avec niveau DEBUTANT par défaut","status":"passed","title":"appelle POST /competences/etudiant/:id/:compId avec niveau DEBUTANT par défaut","duration":0.9834999999998217,"failureMessages":[],"meta":{},"tags":[]},{"ancestorTitles":["addSkillToStudent()"],"fullName":"addSkillToStudent() convertit le niveau 2 en INTERMEDIAIRE","status":"passed","title":"convertit le niveau 2 en INTERMEDIAIRE","duration":0.6741000000001804,"failureMessages":[],"meta":{},"tags":[]},{"ancestorTitles":["addSkillToStudent()"],"fullName":"addSkillToStudent() convertit le niveau 3 en AVANCE","status":"passed","title":"convertit le niveau 3 en AVANCE","duration":0.5398000000000138,"failureMessages":[],"meta":{},"tags":[]},{"ancestorTitles":["removeSkillFromStudent()"],"fullName":"removeSkillFromStudent() appelle DELETE /competences/etudiant/:id/:compId","status":"passed","title":"appelle DELETE /competences/etudiant/:id/:compId","duration":0.5459999999998217,"failureMessages":[],"meta":{},"tags":[]}],"startTime":1781990886484,"endTime":1781990886497.546,"status":"passed","message":"","name":"C:/Users/youne/Desktop/Trusty/frontend/tests/services/competenceservice.test.js"},{"assertionResults":[{"ancestorTitles":["dashboardservices.js — Tests Unitaires","fetchStats()"],"fullName":"dashboardservices.js — Tests Unitaires fetchStats() retourne les stats depuis l'API","status":"failed","title":"retourne les stats depuis l'API","duration":25.157799999999952,"failureMessages":["AssertionError: expected { projetsCertifies: +0, …(3) } to match object { projetsCertifies: +0, …(3) }\n    at Proxy.<anonymous> (file:///C:/Users/youne/Desktop/Trusty/frontend/node_modules/@vitest/expect/dist/index.js:1283:10)\n    at Proxy.<anonymous> (file:///C:/Users/youne/Desktop/Trusty/frontend/node_modules/@vitest/expect/dist/index.js:1156:15)\n    at Proxy.methodWrapper (file:///C:/Users/youne/Desktop/Trusty/frontend/node_modules/chai/index.js:1700:25)\n    at C:/Users/youne/Desktop/Trusty/frontend/tests/services/dashboardservices.test.js:45:22\n    at processTicksAndRejections (node:internal/process/task_queues:104:5)\n    at file:///C:/Users/youne/Desktop/Trusty/frontend/node_modules/@vitest/runner/dist/chunk-artifact.js:1903:20"],"meta":{},"tags":[]},{"ancestorTitles":["dashboardservices.js — Tests Unitaires","fetchStats()"],"fullName":"dashboardservices.js — Tests Unitaires fetchStats() retourne un objet avec les 4 clés attendues","status":"passed","title":"retourne un objet avec les 4 clés attendues","duration":4.644600000000537,"failureMessages":[],"meta":{},"tags":[]},{"ancestorTitles":["dashboardservices.js — Tests Unitaires","fetchStats()"],"fullName":"dashboardservices.js — Tests Unitaires fetchStats() retourne des valeurs numériques","status":"passed","title":"retourne des valeurs numériques","duration":2.047899999999572,"failureMessages":[],"meta":{},"tags":[]},{"ancestorTitles":["dashboardservices.js — Tests Unitaires","fetchStats()"],"fullName":"dashboardservices.js — Tests Unitaires fetchStats() retourne des zéros en cas d'erreur API","status":"passed","title":"retourne des zéros en cas d'erreur API","duration":1.8757000000005064,"failureMessages":[],"meta":{},"tags":[]},{"ancestorTitles":["dashboardservices.js — Tests Unitaires","fetchProjects()"],"fullName":"dashboardservices.js — Tests Unitaires fetchProjects() retourne les projets depuis l'API","status":"failed","title":"retourne les projets depuis l'API","duration":4.494399999999587,"failureMessages":["AssertionError: expected [ { id: 'p1', …(11) }, …(1) ] to have a length of +0 but got 2\n    at Proxy.<anonymous> (file:///C:/Users/youne/Desktop/Trusty/frontend/node_modules/@vitest/expect/dist/index.js:1389:20)\n    at Proxy.<anonymous> (file:///C:/Users/youne/Desktop/Trusty/frontend/node_modules/@vitest/expect/dist/index.js:1156:15)\n    at Proxy.methodWrapper (file:///C:/Users/youne/Desktop/Trusty/frontend/node_modules/chai/index.js:1700:25)\n    at C:/Users/youne/Desktop/Trusty/frontend/tests/services/dashboardservices.test.js:83:22\n    at processTicksAndRejections (node:internal/process/task_queues:104:5)\n    at file:///C:/Users/youne/Desktop/Trusty/frontend/node_modules/@vitest/runner/dist/chunk-artifact.js:1903:20"],"meta":{},"tags":[]},{"ancestorTitles":["dashboardservices.js — Tests Unitaires","fetchProjects()"],"fullName":"dashboardservices.js — Tests Unitaires fetchProjects() chaque projet a les propriétés requises","status":"passed","title":"chaque projet a les propriétés requises","duration":0.9942000000000917,"failureMessages":[],"meta":{},"tags":[]},{"ancestorTitles":["dashboardservices.js — Tests Unitaires","fetchProjects()"],"fullName":"dashboardservices.js — Tests Unitaires fetchProjects() les statuts sont parmi les valeurs autorisées","status":"passed","title":"les statuts sont parmi les valeurs autorisées","duration":1.1328999999996086,"failureMessages":[],"meta":{},"tags":[]},{"ancestorTitles":["dashboardservices.js — Tests Unitaires","fetchProjects()"],"fullName":"dashboardservices.js — Tests Unitaires fetchProjects() les technologies sont des tableaux","status":"passed","title":"les technologies sont des tableaux","duration":0.46119999999973516,"failureMessages":[],"meta":{},"tags":[]},{"ancestorTitles":["dashboardservices.js — Tests Unitaires","fetchProjects()"],"fullName":"dashboardservices.js — Tests Unitaires fetchProjects() retourne un tableau vide en cas d'erreur API","status":"passed","title":"retourne un tableau vide en cas d'erreur API","duration":1.5280000000002474,"failureMessages":[],"meta":{},"tags":[]},{"ancestorTitles":["dashboardservices.js — Tests Unitaires","fetchRecos()"],"fullName":"dashboardservices.js — Tests Unitaires fetchRecos() retourne les recommandations depuis l'API","status":"failed","title":"retourne les recommandations depuis l'API","duration":2.454399999999623,"failureMessages":["AssertionError: expected [ …(2) ] to have a length of +0 but got 2\n    at Proxy.<anonymous> (file:///C:/Users/youne/Desktop/Trusty/frontend/node_modules/@vitest/expect/dist/index.js:1389:20)\n    at Proxy.<anonymous> (file:///C:/Users/youne/Desktop/Trusty/frontend/node_modules/@vitest/expect/dist/index.js:1156:15)\n    at Proxy.methodWrapper (file:///C:/Users/youne/Desktop/Trusty/frontend/node_modules/chai/index.js:1700:25)\n    at C:/Users/youne/Desktop/Trusty/frontend/tests/services/dashboardservices.test.js:138:22\n    at processTicksAndRejections (node:internal/process/task_queues:104:5)\n    at file:///C:/Users/youne/Desktop/Trusty/frontend/node_modules/@vitest/runner/dist/chunk-artifact.js:1903:20"],"meta":{},"tags":[]},{"ancestorTitles":["dashboardservices.js — Tests Unitaires","fetchRecos()"],"fullName":"dashboardservices.js — Tests Unitaires fetchRecos() chaque recommandation a un id et un message","status":"passed","title":"chaque recommandation a un id et un message","duration":0.6161999999994805,"failureMessages":[],"meta":{},"tags":[]},{"ancestorTitles":["dashboardservices.js — Tests Unitaires","fetchRecos()"],"fullName":"dashboardservices.js — Tests Unitaires fetchRecos() chaque recommandation a un auteur avec nom","status":"passed","title":"chaque recommandation a un auteur avec nom","duration":0.47229999999944994,"failureMessages":[],"meta":{},"tags":[]},{"ancestorTitles":["dashboardservices.js — Tests Unitaires","fetchRecos()"],"fullName":"dashboardservices.js — Tests Unitaires fetchRecos() retourne un tableau vide en cas d'erreur API","status":"passed","title":"retourne un tableau vide en cas d'erreur API","duration":1.6192000000000917,"failureMessages":[],"meta":{},"tags":[]},{"ancestorTitles":["dashboardservices.js — Tests Unitaires","Cohérence des données mock"],"fullName":"dashboardservices.js — Tests Unitaires Cohérence des données mock fetchStats retourne une crédibilité entre 0 et 100","status":"passed","title":"fetchStats retourne une crédibilité entre 0 et 100","duration":1.296700000000783,"failureMessages":[],"meta":{},"tags":[]},{"ancestorTitles":["dashboardservices.js — Tests Unitaires","Cohérence des données mock"],"fullName":"dashboardservices.js — Tests Unitaires Cohérence des données mock fetchStats retourne des valeurs positives ou nulles","status":"passed","title":"fetchStats retourne des valeurs positives ou nulles","duration":1.589799999999741,"failureMessages":[],"meta":{},"tags":[]},{"ancestorTitles":["dashboardservices.js — Tests Unitaires","Cohérence des données mock"],"fullName":"dashboardservices.js — Tests Unitaires Cohérence des données mock les 3 fonctions sont bien exportées et appelables","status":"passed","title":"les 3 fonctions sont bien exportées et appelables","duration":0.475800000000163,"failureMessages":[],"meta":{},"tags":[]}],"startTime":1781990782037,"endTime":1781990782089.4758,"status":"failed","message":"","name":"C:/Users/youne/Desktop/Trusty/frontend/tests/services/dashboardservices.test.js"},{"assertionResults":[{"ancestorTitles":["portfolioComments"],"fullName":"portfolioComments maps the API author, content and date","status":"passed","title":"maps the API author, content and date","duration":6.330500000000029,"failureMessages":[],"meta":{},"tags":[]},{"ancestorTitles":["portfolioComments"],"fullName":"portfolioComments loads comments from the existing public endpoint","status":"passed","title":"loads comments from the existing public endpoint","duration":2.0286000000000968,"failureMessages":[],"meta":{},"tags":[]},{"ancestorTitles":["portfolioComments"],"fullName":"portfolioComments creates a profile comment with the existing endpoint","status":"passed","title":"creates a profile comment with the existing endpoint","duration":0.9546000000000276,"failureMessages":[],"meta":{},"tags":[]}],"startTime":1781990887055,"endTime":1781990887063.9546,"status":"passed","message":"","name":"C:/Users/youne/Desktop/Trusty/frontend/tests/services/portfolioComments.test.js"},{"assertionResults":[{"ancestorTitles":["getProfessionalProfile()"],"fullName":"getProfessionalProfile() appelle GET /auth/me","status":"passed","title":"appelle GET /auth/me","duration":7.559499999999844,"failureMessages":[],"meta":{},"tags":[]},{"ancestorTitles":["updateProfessionalProfile()"],"fullName":"updateProfessionalProfile() appelle PUT /auth/me avec les données","status":"passed","title":"appelle PUT /auth/me avec les données","duration":1.8989999999998872,"failureMessages":[],"meta":{},"tags":[]},{"ancestorTitles":["getProfessionalNotifications()"],"fullName":"getProfessionalNotifications() appelle GET /notifications/","status":"passed","title":"appelle GET /notifications/","duration":0.7988999999997759,"failureMessages":[],"meta":{},"tags":[]},{"ancestorTitles":["getProfessionalNotifications()"],"fullName":"getProfessionalNotifications() retourne un tableau de notifications mappées","status":"passed","title":"retourne un tableau de notifications mappées","duration":3.162399999999707,"failureMessages":[],"meta":{},"tags":[]},{"ancestorTitles":["markProfessionalNotificationAsRead()"],"fullName":"markProfessionalNotificationAsRead() appelle PUT /notifications/:id/lire","status":"passed","title":"appelle PUT /notifications/:id/lire","duration":0.7860000000000582,"failureMessages":[],"meta":{},"tags":[]},{"ancestorTitles":["createProfessionalRecommendation()"],"fullName":"createProfessionalRecommendation() appelle POST /recommandations/","status":"passed","title":"appelle POST /recommandations/","duration":1.1556000000000495,"failureMessages":[],"meta":{},"tags":[]},{"ancestorTitles":["getProfessionalInternships()"],"fullName":"getProfessionalInternships() appelle GET /stages/","status":"passed","title":"appelle GET /stages/","duration":0.6421000000000276,"failureMessages":[],"meta":{},"tags":[]},{"ancestorTitles":["getProfessionalProjects()"],"fullName":"getProfessionalProjects() appelle GET /projets/","status":"passed","title":"appelle GET /projets/","duration":0.5397000000002663,"failureMessages":[],"meta":{},"tags":[]}],"startTime":1781990886201,"endTime":1781990886219.5398,"status":"passed","message":"","name":"C:/Users/youne/Desktop/Trusty/frontend/tests/services/professionalapi.test.js"},{"assertionResults":[{"ancestorTitles":["professionalServices — fetchCandidats"],"fullName":"professionalServices — fetchCandidats retourne des étudiants uniques depuis les stages","status":"passed","title":"retourne des étudiants uniques depuis les stages","duration":8.719199999999546,"failureMessages":[],"meta":{},"tags":[]},{"ancestorTitles":["professionalServices — fetchCandidats"],"fullName":"professionalServices — fetchCandidats retourne un tableau vide si data.data est vide","status":"passed","title":"retourne un tableau vide si data.data est vide","duration":1.0843999999997322,"failureMessages":[],"meta":{},"tags":[]},{"ancestorTitles":["professionalServices — fetchCandidats"],"fullName":"professionalServices — fetchCandidats ignore les entrées sans etudiant valide","status":"passed","title":"ignore les entrées sans etudiant valide","duration":0.8294999999998254,"failureMessages":[],"meta":{},"tags":[]},{"ancestorTitles":["professionalServices — envoyerRecommandation"],"fullName":"professionalServices — envoyerRecommandation appelle POST /recommandations avec les bons paramètres","status":"passed","title":"appelle POST /recommandations avec les bons paramètres","duration":2.162000000000262,"failureMessages":[],"meta":{},"tags":[]},{"ancestorTitles":["professionalServices — envoyerRecommandation"],"fullName":"professionalServices — envoyerRecommandation retourne data.data de la réponse","status":"passed","title":"retourne data.data de la réponse","duration":0.680699999999888,"failureMessages":[],"meta":{},"tags":[]},{"ancestorTitles":["professionalServices — fetchNotifications"],"fullName":"professionalServices — fetchNotifications retourne les notifications","status":"passed","title":"retourne les notifications","duration":1.2295999999996639,"failureMessages":[],"meta":{},"tags":[]},{"ancestorTitles":["professionalServices — fetchNotifications"],"fullName":"professionalServices — fetchNotifications retourne un tableau vide si data.data absent","status":"passed","title":"retourne un tableau vide si data.data absent","duration":0.5878999999995358,"failureMessages":[],"meta":{},"tags":[]},{"ancestorTitles":["professionalServices — marquerNotificationLue"],"fullName":"professionalServices — marquerNotificationLue appelle PUT /notifications/:id/lire","status":"passed","title":"appelle PUT /notifications/:id/lire","duration":0.6042000000006738,"failureMessages":[],"meta":{},"tags":[]}],"startTime":1781990883435,"endTime":1781990883451.6042,"status":"passed","message":"","name":"C:/Users/youne/Desktop/Trusty/frontend/tests/services/professionalservices.test.js"},{"assertionResults":[{"ancestorTitles":["getProfessorNotifications()"],"fullName":"getProfessorNotifications() appelle GET /notifications/","status":"passed","title":"appelle GET /notifications/","duration":6.3034999999999854,"failureMessages":[],"meta":{},"tags":[]},{"ancestorTitles":["getProfessorNotifications()"],"fullName":"getProfessorNotifications() retourne un tableau de notifications mappées","status":"passed","title":"retourne un tableau de notifications mappées","duration":3.98279999999977,"failureMessages":[],"meta":{},"tags":[]},{"ancestorTitles":["markProfessorNotificationAsRead()"],"fullName":"markProfessorNotificationAsRead() appelle PUT /notifications/:id/lire","status":"passed","title":"appelle PUT /notifications/:id/lire","duration":0.7100999999997839,"failureMessages":[],"meta":{},"tags":[]},{"ancestorTitles":["approveProfessorValidation()"],"fullName":"approveProfessorValidation() appelle POST /projets/:id/valider avec VALIDE","status":"passed","title":"appelle POST /projets/:id/valider avec VALIDE","duration":0.63799999999992,"failureMessages":[],"meta":{},"tags":[]},{"ancestorTitles":["approveProfessorValidation()"],"fullName":"approveProfessorValidation() appelle POST /stages/:id/valider pour un stage","status":"passed","title":"appelle POST /stages/:id/valider pour un stage","duration":0.4317999999998392,"failureMessages":[],"meta":{},"tags":[]},{"ancestorTitles":["requestProfessorChanges()"],"fullName":"requestProfessorChanges() appelle POST /projets/:id/valider avec REJETE","status":"passed","title":"appelle POST /projets/:id/valider avec REJETE","duration":0.5408999999999651,"failureMessages":[],"meta":{},"tags":[]},{"ancestorTitles":["getProfessorValidations()"],"fullName":"getProfessorValidations() retourne les stats EN_ATTENTE et VALIDE","status":"passed","title":"retourne les stats EN_ATTENTE et VALIDE","duration":1.0410999999999149,"failureMessages":[],"meta":{},"tags":[]}],"startTime":1781990886717,"endTime":1781990886732.041,"status":"passed","message":"","name":"C:/Users/youne/Desktop/Trusty/frontend/tests/services/professorapi.test.js"},{"assertionResults":[{"ancestorTitles":["professorServices — fetchProjetsAValider"],"fullName":"professorServices — fetchProjetsAValider retourne les projets à valider","status":"passed","title":"retourne les projets à valider","duration":9.623099999999795,"failureMessages":[],"meta":{},"tags":[]},{"ancestorTitles":["professorServices — fetchProjetsAValider"],"fullName":"professorServices — fetchProjetsAValider retourne un tableau vide si data vide","status":"passed","title":"retourne un tableau vide si data vide","duration":1.0015000000003056,"failureMessages":[],"meta":{},"tags":[]},{"ancestorTitles":["professorServices — validerProjet"],"fullName":"professorServices — validerProjet valide un projet avec VALIDE","status":"passed","title":"valide un projet avec VALIDE","duration":2.153599999999642,"failureMessages":[],"meta":{},"tags":[]},{"ancestorTitles":["professorServices — validerProjet"],"fullName":"professorServices — validerProjet valide avec REJETE","status":"passed","title":"valide avec REJETE","duration":3.380899999999201,"failureMessages":[],"meta":{},"tags":[]},{"ancestorTitles":["professorServices — validerProjet"],"fullName":"professorServices — validerProjet passe un commentaire vide par défaut","status":"passed","title":"passe un commentaire vide par défaut","duration":1.0156000000006316,"failureMessages":[],"meta":{},"tags":[]},{"ancestorTitles":["professorServices — fetchStagesAValider"],"fullName":"professorServices — fetchStagesAValider retourne les stages à valider","status":"passed","title":"retourne les stages à valider","duration":1.1165000000000873,"failureMessages":[],"meta":{},"tags":[]},{"ancestorTitles":["professorServices — validerStage"],"fullName":"professorServices — validerStage valide un stage avec les bons paramètres","status":"passed","title":"valide un stage avec les bons paramètres","duration":0.9387000000006083,"failureMessages":[],"meta":{},"tags":[]},{"ancestorTitles":["professorServices — validerStage"],"fullName":"professorServices — validerStage passe un commentaire vide par défaut","status":"passed","title":"passe un commentaire vide par défaut","duration":0.7853999999997541,"failureMessages":[],"meta":{},"tags":[]},{"ancestorTitles":["professorServices — fetchNotifications"],"fullName":"professorServices — fetchNotifications retourne les notifications","status":"passed","title":"retourne les notifications","duration":0.7430999999996857,"failureMessages":[],"meta":{},"tags":[]},{"ancestorTitles":["professorServices — fetchNotifications"],"fullName":"professorServices — fetchNotifications retourne tableau vide si data absent","status":"passed","title":"retourne tableau vide si data absent","duration":0.7206999999998516,"failureMessages":[],"meta":{},"tags":[]},{"ancestorTitles":["professorServices — marquerNotificationLue"],"fullName":"professorServices — marquerNotificationLue appelle PUT /notifications/:id/lire","status":"passed","title":"appelle PUT /notifications/:id/lire","duration":0.5790999999999258,"failureMessages":[],"meta":{},"tags":[]}],"startTime":1781990882927,"endTime":1781990882950.579,"status":"passed","message":"","name":"C:/Users/youne/Desktop/Trusty/frontend/tests/services/professorservices.test.js"},{"assertionResults":[{"ancestorTitles":["profileservices.js — Tests Unitaires","getProfile()"],"fullName":"profileservices.js — Tests Unitaires getProfile() retourne un objet { data }","status":"passed","title":"retourne un objet { data }","duration":5.960900000000038,"failureMessages":[],"meta":{},"tags":[]},{"ancestorTitles":["profileservices.js — Tests Unitaires","getProfile()"],"fullName":"profileservices.js — Tests Unitaires getProfile() data contient les champs utilisateur de base","status":"passed","title":"data contient les champs utilisateur de base","duration":1.4777000000003682,"failureMessages":[],"meta":{},"tags":[]},{"ancestorTitles":["profileservices.js — Tests Unitaires","getProfile()"],"fullName":"profileservices.js — Tests Unitaires getProfile() data.etudiant existe et est un objet","status":"passed","title":"data.etudiant existe et est un objet","duration":0.8356999999996333,"failureMessages":[],"meta":{},"tags":[]},{"ancestorTitles":["profileservices.js — Tests Unitaires","getProfile()"],"fullName":"profileservices.js — Tests Unitaires getProfile() data.etudiant.competences a 2 items avec Vue.js en premier","status":"passed","title":"data.etudiant.competences a 2 items avec Vue.js en premier","duration":2.5590999999994892,"failureMessages":[],"meta":{},"tags":[]},{"ancestorTitles":["profileservices.js — Tests Unitaires","getProfile()"],"fullName":"profileservices.js — Tests Unitaires getProfile() data.etudiant.badges a 1 item","status":"passed","title":"data.etudiant.badges a 1 item","duration":0.9365999999999985,"failureMessages":[],"meta":{},"tags":[]},{"ancestorTitles":["profileservices.js — Tests Unitaires","getProfile()"],"fullName":"profileservices.js — Tests Unitaires getProfile() data.etudiant.participations_projets a 2 items","status":"passed","title":"data.etudiant.participations_projets a 2 items","duration":0.7349000000003798,"failureMessages":[],"meta":{},"tags":[]},{"ancestorTitles":["profileservices.js — Tests Unitaires","getProfile()"],"fullName":"profileservices.js — Tests Unitaires getProfile() data.etudiant.depots_github est un tableau","status":"passed","title":"data.etudiant.depots_github est un tableau","duration":0.533900000000358,"failureMessages":[],"meta":{},"tags":[]},{"ancestorTitles":["profileservices.js — Tests Unitaires","getProfile()"],"fullName":"profileservices.js — Tests Unitaires getProfile() appelle api.get /auth/me en premier","status":"passed","title":"appelle api.get /auth/me en premier","duration":2.352100000000064,"failureMessages":[],"meta":{},"tags":[]},{"ancestorTitles":["profileservices.js — Tests Unitaires","getProfile()"],"fullName":"profileservices.js — Tests Unitaires getProfile() propage l'erreur si api.get /auth/me échoue","status":"passed","title":"propage l'erreur si api.get /auth/me échoue","duration":15.397399999999834,"failureMessages":[],"meta":{},"tags":[]},{"ancestorTitles":["profileservices.js — Tests Unitaires","saveProfile()"],"fullName":"profileservices.js — Tests Unitaires saveProfile() retourne { data } après sauvegarde réussie","status":"passed","title":"retourne { data } après sauvegarde réussie","duration":1.7265000000006694,"failureMessages":[],"meta":{},"tags":[]},{"ancestorTitles":["profileservices.js — Tests Unitaires","saveProfile()"],"fullName":"profileservices.js — Tests Unitaires saveProfile() data contient id_utilisateur et etudiant","status":"passed","title":"data contient id_utilisateur et etudiant","duration":0.8119000000006054,"failureMessages":[],"meta":{},"tags":[]},{"ancestorTitles":["profileservices.js — Tests Unitaires","saveProfile()"],"fullName":"profileservices.js — Tests Unitaires saveProfile() appelle api.put /etudiants/:id avec les champs étudiant","status":"passed","title":"appelle api.put /etudiants/:id avec les champs étudiant","duration":3.3924999999999272,"failureMessages":[],"meta":{},"tags":[]},{"ancestorTitles":["profileservices.js — Tests Unitaires","addSkill()"],"fullName":"profileservices.js — Tests Unitaires addSkill() retourne { data: { competence, niveau_maitrise } }","status":"passed","title":"retourne { data: { competence, niveau_maitrise } }","duration":1.3939000000000306,"failureMessages":[],"meta":{},"tags":[]},{"ancestorTitles":["profileservices.js — Tests Unitaires","addSkill()"],"fullName":"profileservices.js — Tests Unitaires addSkill() réutilise la compétence si elle existe déjà dans le catalogue","status":"passed","title":"réutilise la compétence si elle existe déjà dans le catalogue","duration":0.666599999999562,"failureMessages":[],"meta":{},"tags":[]},{"ancestorTitles":["profileservices.js — Tests Unitaires","addSkill()"],"fullName":"profileservices.js — Tests Unitaires addSkill() appelle POST /competences/ si compétence absente du catalogue","status":"passed","title":"appelle POST /competences/ si compétence absente du catalogue","duration":1.1131999999997788,"failureMessages":[],"meta":{},"tags":[]},{"ancestorTitles":["profileservices.js — Tests Unitaires","addSkill()"],"fullName":"profileservices.js — Tests Unitaires addSkill() appelle POST /competences/etudiant/:id/:compId pour l'association","status":"passed","title":"appelle POST /competences/etudiant/:id/:compId pour l'association","duration":1.4650000000001455,"failureMessages":[],"meta":{},"tags":[]},{"ancestorTitles":["profileservices.js — Tests Unitaires","addSkill()"],"fullName":"profileservices.js — Tests Unitaires addSkill() utilise le niveau_maitrise fourni en paramètre","status":"passed","title":"utilise le niveau_maitrise fourni en paramètre","duration":0.46150000000034197,"failureMessages":[],"meta":{},"tags":[]},{"ancestorTitles":["profileservices.js — Tests Unitaires","addSkill()"],"fullName":"profileservices.js — Tests Unitaires addSkill() propage l'erreur si l'association échoue","status":"passed","title":"propage l'erreur si l'association échoue","duration":0.6732999999994718,"failureMessages":[],"meta":{},"tags":[]},{"ancestorTitles":["profileservices.js — Tests Unitaires","Contrats d'interface"],"fullName":"profileservices.js — Tests Unitaires Contrats d'interface getProfile — data contient tous les champs attendus","status":"passed","title":"getProfile — data contient tous les champs attendus","duration":0.6790000000000873,"failureMessages":[],"meta":{},"tags":[]},{"ancestorTitles":["profileservices.js — Tests Unitaires","Contrats d'interface"],"fullName":"profileservices.js — Tests Unitaires Contrats d'interface getProfile — data.etudiant contient les sous-collections","status":"passed","title":"getProfile — data.etudiant contient les sous-collections","duration":0.4756999999999607,"failureMessages":[],"meta":{},"tags":[]}],"startTime":1781990877639,"endTime":1781990877684.4756,"status":"passed","message":"","name":"C:/Users/youne/Desktop/Trusty/frontend/tests/services/profileservices.test.js"},{"assertionResults":[{"ancestorTitles":["projetService — getAll"],"fullName":"projetService — getAll retourne la liste des projets","status":"passed","title":"retourne la liste des projets","duration":8.90309999999954,"failureMessages":[],"meta":{},"tags":[]},{"ancestorTitles":["projetService — getAll"],"fullName":"projetService — getAll retourne un tableau vide si data.data n'est pas un tableau","status":"passed","title":"retourne un tableau vide si data.data n'est pas un tableau","duration":0.9791999999997643,"failureMessages":[],"meta":{},"tags":[]},{"ancestorTitles":["projetService — create"],"fullName":"projetService — create crée un projet et le retourne","status":"passed","title":"crée un projet et le retourne","duration":1.5948000000007596,"failureMessages":[],"meta":{},"tags":[]},{"ancestorTitles":["projetService — create"],"fullName":"projetService — create retourne null si data.data absent","status":"passed","title":"retourne null si data.data absent","duration":0.6647000000002663,"failureMessages":[],"meta":{},"tags":[]},{"ancestorTitles":["projetService — update"],"fullName":"projetService — update met à jour le projet","status":"passed","title":"met à jour le projet","duration":0.9980999999997948,"failureMessages":[],"meta":{},"tags":[]},{"ancestorTitles":["projetService — update"],"fullName":"projetService — update retourne null si data.data absent","status":"passed","title":"retourne null si data.data absent","duration":0.481300000000374,"failureMessages":[],"meta":{},"tags":[]},{"ancestorTitles":["projetService — remove"],"fullName":"projetService — remove supprime le projet","status":"passed","title":"supprime le projet","duration":0.5606999999999971,"failureMessages":[],"meta":{},"tags":[]}],"startTime":1781990884455,"endTime":1781990884470.5608,"status":"passed","message":"","name":"C:/Users/youne/Desktop/Trusty/frontend/tests/services/projetservice.test.js"},{"assertionResults":[{"ancestorTitles":["stageService.js — Tests Unitaires"],"fullName":"stageService.js — Tests Unitaires 1 — fetchStagesEtudiant appelle GET /stages/etudiant/:id","status":"passed","title":"1 — fetchStagesEtudiant appelle GET /stages/etudiant/:id","duration":7.189199999999801,"failureMessages":[],"meta":{},"tags":[]},{"ancestorTitles":["stageService.js — Tests Unitaires"],"fullName":"stageService.js — Tests Unitaires 2 — fetchStagesEtudiant retourne data.data","status":"passed","title":"2 — fetchStagesEtudiant retourne data.data","duration":1.342899999999645,"failureMessages":[],"meta":{},"tags":[]},{"ancestorTitles":["stageService.js — Tests Unitaires"],"fullName":"stageService.js — Tests Unitaires 3 — fetchStagesEtudiant retourne [] si data.data absent","status":"passed","title":"3 — fetchStagesEtudiant retourne [] si data.data absent","duration":0.6945999999998094,"failureMessages":[],"meta":{},"tags":[]},{"ancestorTitles":["stageService.js — Tests Unitaires"],"fullName":"stageService.js — Tests Unitaires 4 — fetchStagesEtudiant utilise bien l'id dans l'URL","status":"passed","title":"4 — fetchStagesEtudiant utilise bien l'id dans l'URL","duration":0.7811999999998989,"failureMessages":[],"meta":{},"tags":[]},{"ancestorTitles":["stageService.js — Tests Unitaires"],"fullName":"stageService.js — Tests Unitaires 5 — creerStage appelle POST /stages/etudiant/:id avec payload","status":"passed","title":"5 — creerStage appelle POST /stages/etudiant/:id avec payload","duration":1.8045999999999367,"failureMessages":[],"meta":{},"tags":[]},{"ancestorTitles":["stageService.js — Tests Unitaires"],"fullName":"stageService.js — Tests Unitaires 6 — creerStage retourne data.data si présent","status":"passed","title":"6 — creerStage retourne data.data si présent","duration":0.6673000000000684,"failureMessages":[],"meta":{},"tags":[]},{"ancestorTitles":["stageService.js — Tests Unitaires"],"fullName":"stageService.js — Tests Unitaires 7 — creerStage retourne data directement si data.data absent","status":"passed","title":"7 — creerStage retourne data directement si data.data absent","duration":0.5484999999998763,"failureMessages":[],"meta":{},"tags":[]},{"ancestorTitles":["stageService.js — Tests Unitaires"],"fullName":"stageService.js — Tests Unitaires 8 — modifierStage appelle PUT /stages/:id avec payload","status":"passed","title":"8 — modifierStage appelle PUT /stages/:id avec payload","duration":0.7294000000001688,"failureMessages":[],"meta":{},"tags":[]},{"ancestorTitles":["stageService.js — Tests Unitaires"],"fullName":"stageService.js — Tests Unitaires 9 — modifierStage retourne data.data si présent","status":"passed","title":"9 — modifierStage retourne data.data si présent","duration":1.8355999999998858,"failureMessages":[],"meta":{},"tags":[]},{"ancestorTitles":["stageService.js — Tests Unitaires"],"fullName":"stageService.js — Tests Unitaires 10 — modifierStage retourne data directement si data.data absent","status":"passed","title":"10 — modifierStage retourne data directement si data.data absent","duration":1.1802999999999884,"failureMessages":[],"meta":{},"tags":[]},{"ancestorTitles":["stageService.js — Tests Unitaires"],"fullName":"stageService.js — Tests Unitaires 11 — supprimerStage appelle DELETE /stages/:id","status":"passed","title":"11 — supprimerStage appelle DELETE /stages/:id","duration":0.5752999999999702,"failureMessages":[],"meta":{},"tags":[]},{"ancestorTitles":["stageService.js — Tests Unitaires"],"fullName":"stageService.js — Tests Unitaires 12 — supprimerStage ne retourne rien (void)","status":"passed","title":"12 — supprimerStage ne retourne rien (void)","duration":0.36380000000008295,"failureMessages":[],"meta":{},"tags":[]}],"startTime":1781990886186,"endTime":1781990886204.3638,"status":"passed","message":"","name":"C:/Users/youne/Desktop/Trusty/frontend/tests/services/stageservices.test.js"},{"assertionResults":[{"ancestorTitles":["studentNotificationService"],"fullName":"studentNotificationService reloads and sorts notifications from the existing API","status":"passed","title":"reloads and sorts notifications from the existing API","duration":3.5878999999999905,"failureMessages":[],"meta":{},"tags":[]},{"ancestorTitles":["studentNotificationService"],"fullName":"studentNotificationService marks a notification as read with the existing endpoint","status":"passed","title":"marks a notification as read with the existing endpoint","duration":0.474699999999757,"failureMessages":[],"meta":{},"tags":[]},{"ancestorTitles":["studentNotificationService"],"fullName":"studentNotificationService uses an existing portfolio slug directly","status":"passed","title":"uses an existing portfolio slug directly","duration":0.6583999999998014,"failureMessages":[],"meta":{},"tags":[]},{"ancestorTitles":["studentNotificationService"],"fullName":"studentNotificationService resolves a legacy profile link through the current student portfolios","status":"passed","title":"resolves a legacy profile link through the current student portfolios","duration":0.4438000000000102,"failureMessages":[],"meta":{},"tags":[]}],"startTime":1781990887605,"endTime":1781990887610.6584,"status":"passed","message":"","name":"C:/Users/youne/Desktop/Trusty/frontend/tests/services/studentNotificationService.test.js"},{"assertionResults":[{"ancestorTitles":["Router — Tests Unitaires"],"fullName":"Router — Tests Unitaires 1 — le router a exactement 3 routes","status":"passed","title":"1 — le router a exactement 3 routes","duration":8.454399999999623,"failureMessages":[],"meta":{},"tags":[]},{"ancestorTitles":["Router — Tests Unitaires"],"fullName":"Router — Tests Unitaires 2 — la route '/' a le nom 'home'","status":"passed","title":"2 — la route '/' a le nom 'home'","duration":0.8361000000004424,"failureMessages":[],"meta":{},"tags":[]},{"ancestorTitles":["Router — Tests Unitaires"],"fullName":"Router — Tests Unitaires 3 — la route '/about' a le nom 'about'","status":"passed","title":"3 — la route '/about' a le nom 'about'","duration":0.5309000000006563,"failureMessages":[],"meta":{},"tags":[]},{"ancestorTitles":["Router — Tests Unitaires"],"fullName":"Router — Tests Unitaires 4 — la route '/login' a le nom 'login'","status":"passed","title":"4 — la route '/login' a le nom 'login'","duration":0.367300000000796,"failureMessages":[],"meta":{},"tags":[]},{"ancestorTitles":["Router — Tests Unitaires"],"fullName":"Router — Tests Unitaires 5 — AboutView utilise le lazy loading (component est une fonction)","status":"passed","title":"5 — AboutView utilise le lazy loading (component est une fonction)","duration":0.3239999999996144,"failureMessages":[],"meta":{},"tags":[]},{"ancestorTitles":["Router — Tests Unitaires"],"fullName":"Router — Tests Unitaires 6 — push({ name: 'login' }) navigue vers '/login'","status":"passed","title":"6 — push({ name: 'login' }) navigue vers '/login'","duration":24.383300000000418,"failureMessages":[],"meta":{},"tags":[]},{"ancestorTitles":["Router — Tests Unitaires"],"fullName":"Router — Tests Unitaires 7 — une route inconnue retourne un tableau matched vide","status":"passed","title":"7 — une route inconnue retourne un tableau matched vide","duration":4.61620000000039,"failureMessages":[],"meta":{},"tags":[]},{"ancestorTitles":["Router — Tests d'Intégration"],"fullName":"Router — Tests d'Intégration 8 — \"/\" affiche HomeView","status":"passed","title":"8 — \"/\" affiche HomeView","duration":82.76909999999953,"failureMessages":[],"meta":{},"tags":[]},{"ancestorTitles":["Router — Tests d'Intégration"],"fullName":"Router — Tests d'Intégration 9 — \"/login\" affiche LoginView","status":"passed","title":"9 — \"/login\" affiche LoginView","duration":10.700700000000325,"failureMessages":[],"meta":{},"tags":[]},{"ancestorTitles":["Router — Tests d'Intégration"],"fullName":"Router — Tests d'Intégration 10 — \"/about\" affiche AboutView (lazy loading)","status":"passed","title":"10 — \"/about\" affiche AboutView (lazy loading)","duration":9.823699999999917,"failureMessages":[],"meta":{},"tags":[]}],"startTime":1781990845653,"endTime":1781990845797.8237,"status":"passed","message":"","name":"C:/Users/youne/Desktop/Trusty/frontend/tests/router/router.test.js"},{"assertionResults":[{"ancestorTitles":["Test environnement"],"fullName":"Test environnement should work","status":"passed","title":"should work","duration":1.8483000000001084,"failureMessages":[],"meta":{},"tags":[]}],"startTime":1781990888846,"endTime":1781990888847.8484,"status":"passed","message":"","name":"C:/Users/youne/Desktop/Trusty/frontend/tests/setup/basic.test.js"},{"assertionResults":[{"ancestorTitles":["activitesStore — état initial"],"fullName":"activitesStore — état initial initialise activites à []","status":"passed","title":"initialise activites à []","duration":11.393799999999828,"failureMessages":[],"meta":{},"tags":[]},{"ancestorTitles":["activitesStore — état initial"],"fullName":"activitesStore — état initial initialise activeFilter à \"Toutes\"","status":"passed","title":"initialise activeFilter à \"Toutes\"","duration":1.6790000000000873,"failureMessages":[],"meta":{},"tags":[]},{"ancestorTitles":["activitesStore — état initial"],"fullName":"activitesStore — état initial initialise loading à false","status":"passed","title":"initialise loading à false","duration":1.069800000000214,"failureMessages":[],"meta":{},"tags":[]},{"ancestorTitles":["activitesStore — getters"],"fullName":"activitesStore — getters totalActivites retourne le nombre d'activités","status":"passed","title":"totalActivites retourne le nombre d'activités","duration":2.852199999999357,"failureMessages":[],"meta":{},"tags":[]},{"ancestorTitles":["activitesStore — getters"],"fullName":"activitesStore — getters validees retourne le nombre de VALIDEE","status":"passed","title":"validees retourne le nombre de VALIDEE","duration":1.9462000000003172,"failureMessages":[],"meta":{},"tags":[]},{"ancestorTitles":["activitesStore — getters"],"fullName":"activitesStore — getters enAttente retourne le nombre de EN_ATTENTE","status":"passed","title":"enAttente retourne le nombre de EN_ATTENTE","duration":1.3324000000002343,"failureMessages":[],"meta":{},"tags":[]},{"ancestorTitles":["activitesStore — getters"],"fullName":"activitesStore — getters avecAttestation retourne le nombre avec attestation","status":"passed","title":"avecAttestation retourne le nombre avec attestation","duration":1.305199999999786,"failureMessages":[],"meta":{},"tags":[]},{"ancestorTitles":["activitesStore — getters"],"fullName":"activitesStore — getters filteredActivites filtre par type","status":"passed","title":"filteredActivites filtre par type","duration":3.2714999999998327,"failureMessages":[],"meta":{},"tags":[]},{"ancestorTitles":["activitesStore — getters"],"fullName":"activitesStore — getters filteredActivites retourne tout si filtre = \"Toutes\"","status":"passed","title":"filteredActivites retourne tout si filtre = \"Toutes\"","duration":1.556999999999789,"failureMessages":[],"meta":{},"tags":[]},{"ancestorTitles":["activitesStore — actions"],"fullName":"activitesStore — actions fetchActivites charge les activités","status":"passed","title":"fetchActivites charge les activités","duration":1.626100000000406,"failureMessages":[],"meta":{},"tags":[]},{"ancestorTitles":["activitesStore — actions"],"fullName":"activitesStore — actions addActivite ajoute une activité en tête de liste","status":"passed","title":"addActivite ajoute une activité en tête de liste","duration":2.013500000000022,"failureMessages":[],"meta":{},"tags":[]},{"ancestorTitles":["activitesStore — actions"],"fullName":"activitesStore — actions removeActivite retire l'activité de la liste","status":"passed","title":"removeActivite retire l'activité de la liste","duration":1.5329000000001543,"failureMessages":[],"meta":{},"tags":[]},{"ancestorTitles":["activitesStore — actions"],"fullName":"activitesStore — actions setFilter met à jour activeFilter","status":"passed","title":"setFilter met à jour activeFilter","duration":0.8389999999999418,"failureMessages":[],"meta":{},"tags":[]},{"ancestorTitles":["activitesStore — actions"],"fullName":"activitesStore — actions uploadAttestation appelle le service et re-fetches les activités","status":"passed","title":"uploadAttestation appelle le service et re-fetches les activités","duration":2.3317000000006374,"failureMessages":[],"meta":{},"tags":[]}],"startTime":1781990879930,"endTime":1781990879966.3318,"status":"passed","message":"","name":"C:/Users/youne/Desktop/Trusty/frontend/tests/stores/activitesstore.test.js"},{"assertionResults":[{"ancestorTitles":["adminStore — Tests Unitaires","état initial"],"fullName":"adminStore — Tests Unitaires état initial initialise tous les tableaux vides","status":"passed","title":"initialise tous les tableaux vides","duration":13.822699999999713,"failureMessages":[],"meta":{},"tags":[]},{"ancestorTitles":["adminStore — Tests Unitaires","état initial"],"fullName":"adminStore — Tests Unitaires état initial initialise les stats à zéro","status":"passed","title":"initialise les stats à zéro","duration":2.534700000000157,"failureMessages":[],"meta":{},"tags":[]},{"ancestorTitles":["adminStore — Tests Unitaires","état initial"],"fullName":"adminStore — Tests Unitaires état initial initialise loading à false et error à null","status":"passed","title":"initialise loading à false et error à null","duration":2.063299999999799,"failureMessages":[],"meta":{},"tags":[]},{"ancestorTitles":["adminStore — Tests Unitaires","fetchDashboardStats()"],"fullName":"adminStore — Tests Unitaires fetchDashboardStats() calcule les stats depuis la liste des utilisateurs","status":"passed","title":"calcule les stats depuis la liste des utilisateurs","duration":5.773000000000138,"failureMessages":[],"meta":{},"tags":[]},{"ancestorTitles":["adminStore — Tests Unitaires","fetchDashboardStats()"],"fullName":"adminStore — Tests Unitaires fetchDashboardStats() passe loading à true pendant le chargement puis false après","status":"passed","title":"passe loading à true pendant le chargement puis false après","duration":1.9278999999996813,"failureMessages":[],"meta":{},"tags":[]},{"ancestorTitles":["adminStore — Tests Unitaires","fetchDashboardStats()"],"fullName":"adminStore — Tests Unitaires fetchDashboardStats() stocke le message d'erreur en cas d'échec API","status":"passed","title":"stocke le message d'erreur en cas d'échec API","duration":1.825699999999415,"failureMessages":[],"meta":{},"tags":[]},{"ancestorTitles":["adminStore — Tests Unitaires","fetchDashboardStats()"],"fullName":"adminStore — Tests Unitaires fetchDashboardStats() refuse si l'utilisateur n'est pas admin","status":"passed","title":"refuse si l'utilisateur n'est pas admin","duration":2.149899999999434,"failureMessages":[],"meta":{},"tags
[...]
sionalprofileview.test.js"},{"assertionResults":[{"ancestorTitles":["ProfessionalProjects.vue — rendu"],"fullName":"ProfessionalProjects.vue — rendu se monte sans erreur","status":"passed","title":"se monte sans erreur","duration":166.72959999999966,"failureMessages":[],"meta":{},"tags":[]},{"ancestorTitles":["ProfessionalProjects.vue — rendu"],"fullName":"ProfessionalProjects.vue — rendu affiche un contenu lié aux projets","status":"passed","title":"affiche un contenu lié aux projets","duration":15.514500000000226,"failureMessages":[],"meta":{},"tags":[]}],"startTime":1781990845167,"endTime":1781990845349.5144,"status":"passed","message":"","name":"C:/Users/youne/Desktop/Trusty/frontend/tests/views/professional/professionalprojectsview.test.js"},{"assertionResults":[{"ancestorTitles":["ProfessionalRecommandations.vue — rendu"],"fullName":"ProfessionalRecommandations.vue — rendu se monte sans erreur","status":"passed","title":"se monte sans erreur","duration":147.52310000000034,"failureMessages":[],"meta":{},"tags":[]},{"ancestorTitles":["ProfessionalRecommandations.vue — rendu"],"fullName":"ProfessionalRecommandations.vue — rendu affiche un contenu lié aux recommandations","status":"passed","title":"affiche un contenu lié aux recommandations","duration":17.988000000000284,"failureMessages":[],"meta":{},"tags":[]}],"startTime":1781990840860,"endTime":1781990841025.988,"status":"passed","message":"","name":"C:/Users/youne/Desktop/Trusty/frontend/tests/views/professional/professionalrecommandationsview.test.js"},{"assertionResults":[{"ancestorTitles":["ProfessionalRecommendations.vue — rendu"],"fullName":"ProfessionalRecommendations.vue — rendu se monte sans erreur","status":"passed","title":"se monte sans erreur","duration":63.10689999999977,"failureMessages":[],"meta":{},"tags":[]},{"ancestorTitles":["ProfessionalRecommendations.vue — rendu"],"fullName":"ProfessionalRecommendations.vue — rendu affiche un contenu lié aux recommandations","status":"passed","title":"affiche un contenu lié aux recommandations","duration":15.135999999999513,"failureMessages":[],"meta":{},"tags":[]}],"startTime":1781990873238,"endTime":1781990873317.136,"status":"passed","message":"","name":"C:/Users/youne/Desktop/Trusty/frontend/tests/views/professional/professionalrecommendationsview.test.js"},{"assertionResults":[{"ancestorTitles":["ProfessionalStudents.vue — rendu"],"fullName":"ProfessionalStudents.vue — rendu se monte sans erreur","status":"passed","title":"se monte sans erreur","duration":67.86480000000029,"failureMessages":[],"meta":{},"tags":[]},{"ancestorTitles":["ProfessionalStudents.vue — rendu"],"fullName":"ProfessionalStudents.vue — rendu affiche un contenu lié aux étudiants","status":"passed","title":"affiche un contenu lié aux étudiants","duration":9.22860000000037,"failureMessages":[],"meta":{},"tags":[]}],"startTime":1781990869027,"endTime":1781990869104.2285,"status":"passed","message":"","name":"C:/Users/youne/Desktop/Trusty/frontend/tests/views/professional/professionalstudentsview.test.js"},{"assertionResults":[{"ancestorTitles":["ProfessionalView — Tests Unitaires"],"fullName":"ProfessionalView — Tests Unitaires 1 — se monte sans erreur","status":"passed","title":"1 — se monte sans erreur","duration":148.46079999999984,"failureMessages":[],"meta":{},"tags":[]},{"ancestorTitles":["ProfessionalView — Tests Unitaires"],"fullName":"ProfessionalView — Tests Unitaires 2 — affiche le titre \"Dashboard\"","status":"passed","title":"2 — affiche le titre \"Dashboard\"","duration":20.428499999999985,"failureMessages":[],"meta":{},"tags":[]},{"ancestorTitles":["ProfessionalView — Tests Unitaires"],"fullName":"ProfessionalView — Tests Unitaires 3 — affiche les stats","status":"passed","title":"3 — affiche les stats","duration":49.9307000000008,"failureMessages":[],"meta":{},"tags":[]},{"ancestorTitles":["ProfessionalView — Tests Unitaires"],"fullName":"ProfessionalView — Tests Unitaires 4 — affiche la section \"Recommandation rapide\"","status":"passed","title":"4 — affiche la section \"Recommandation rapide\"","duration":22.708999999999833,"failureMessages":[],"meta":{},"tags":[]},{"ancestorTitles":["ProfessionalView — Tests Unitaires"],"fullName":"ProfessionalView — Tests Unitaires 5 — affiche \"Actions récentes\" ou timeline","status":"passed","title":"5 — affiche \"Actions récentes\" ou timeline","duration":18.50550000000021,"failureMessages":[],"meta":{},"tags":[]},{"ancestorTitles":["ProfessionalView — Tests Unitaires"],"fullName":"ProfessionalView — Tests Unitaires 6 — affiche \"Notifications récentes\"","status":"passed","title":"6 — affiche \"Notifications récentes\"","duration":14.267899999999827,"failureMessages":[],"meta":{},"tags":[]},{"ancestorTitles":["ProfessionalView — Tests Unitaires"],"fullName":"ProfessionalView — Tests Unitaires 7 — affiche le formulaire de recommandation","status":"passed","title":"7 — affiche le formulaire de recommandation","duration":28.883700000000317,"failureMessages":[],"meta":{},"tags":[]},{"ancestorTitles":["ProfessionalView — Tests Unitaires"],"fullName":"ProfessionalView — Tests Unitaires 8 — le champ de message de recommandation existe","status":"passed","title":"8 — le champ de message de recommandation existe","duration":25.70889999999963,"failureMessages":[],"meta":{},"tags":[]},{"ancestorTitles":["ProfessionalView — Tests Unitaires"],"fullName":"ProfessionalView — Tests Unitaires 9 — le bouton Envoyer de recommandation est présent","status":"passed","title":"9 — le bouton Envoyer de recommandation est présent","duration":13.830799999999726,"failureMessages":[],"meta":{},"tags":[]},{"ancestorTitles":["ProfessionalView — Tests Unitaires"],"fullName":"ProfessionalView — Tests Unitaires 10 — est désactivé si les champs sont vides","status":"passed","title":"10 — est désactivé si les champs sont vides","duration":19.607700000000477,"failureMessages":[],"meta":{},"tags":[]},{"ancestorTitles":["ProfessionalView — Tests Unitaires"],"fullName":"ProfessionalView — Tests Unitaires 11 — appelle les APIs au montage","status":"passed","title":"11 — appelle les APIs au montage","duration":12.910600000000159,"failureMessages":[],"meta":{},"tags":[]},{"ancestorTitles":["ProfessionalView — Tests Unitaires"],"fullName":"ProfessionalView — Tests Unitaires 12 — affiche les notifications après chargement","status":"passed","title":"12 — affiche les notifications après chargement","duration":21.524000000000342,"failureMessages":[],"meta":{},"tags":[]},{"ancestorTitles":["ProfessionalView — Scénarios"],"fullName":"ProfessionalView — Scénarios 13 — reste stable si des APIs échouent (Promise.allSettled gère les rejets)","status":"passed","title":"13 — reste stable si des APIs échouent (Promise.allSettled gère les rejets)","duration":14.96810000000005,"failureMessages":[],"meta":{},"tags":[]},{"ancestorTitles":["ProfessionalView — Scénarios"],"fullName":"ProfessionalView — Scénarios 14 — affiche \"Aucune action récente\" si aucune action","status":"passed","title":"14 — affiche \"Aucune action récente\" si aucune action","duration":10.787999999999556,"failureMessages":[],"meta":{},"tags":[]},{"ancestorTitles":["ProfessionalView — Scénarios"],"fullName":"ProfessionalView — Scénarios 15 — affiche \"Aucune notification\" si liste vide","status":"passed","title":"15 — affiche \"Aucune notification\" si liste vide","duration":10.357500000000073,"failureMessages":[],"meta":{},"tags":[]},{"ancestorTitles":["ProfessionalView — Scénarios"],"fullName":"ProfessionalView — Scénarios 16 — les stats s'initialisent à 0","status":"passed","title":"16 — les stats s'initialisent à 0","duration":14.091400000000249,"failureMessages":[],"meta":{},"tags":[]}],"startTime":1781990798374,"endTime":1781990798825.0913,"status":"passed","message":"","name":"C:/Users/youne/Desktop/Trusty/frontend/tests/views/professional/professionalview.test.js"},{"assertionResults":[{"ancestorTitles":["ProfessorView.vue — rendu initial"],"fullName":"ProfessorView.vue — rendu initial affiche le titre de la page","status":"passed","title":"affiche le titre de la page","duration":98.2491,"failureMessages":[],"meta":{},"tags":[]},{"ancestorTitles":["ProfessorView.vue — rendu initial"],"fullName":"ProfessorView.vue — rendu initial affiche le sous-titre de la page","status":"passed","title":"affiche le sous-titre de la page","duration":23.02310000000034,"failureMessages":[],"meta":{},"tags":[]},{"ancestorTitles":["ProfessorView.vue — rendu initial"],"fullName":"ProfessorView.vue — rendu initial se monte sans erreur","status":"passed","title":"se monte sans erreur","duration":24.475900000000365,"failureMessages":[],"meta":{},"tags":[]},{"ancestorTitles":["ProfessorView.vue — données chargées"],"fullName":"ProfessorView.vue — données chargées appelle store.init() au montage","status":"passed","title":"appelle store.init() au montage","duration":18.897500000000036,"failureMessages":[],"meta":{},"tags":[]},{"ancestorTitles":["ProfessorView.vue — données chargées"],"fullName":"ProfessorView.vue — données chargées initialise le store avec les données","status":"passed","title":"initialise le store avec les données","duration":31.991899999999987,"failureMessages":[],"meta":{},"tags":[]},{"ancestorTitles":["ProfessorView.vue — données chargées"],"fullName":"ProfessorView.vue — données chargées store sans projets : projets est vide","status":"passed","title":"store sans projets : projets est vide","duration":20.88969999999972,"failureMessages":[],"meta":{},"tags":[]},{"ancestorTitles":["ProfessorView.vue — recherche étudiants"],"fullName":"ProfessorView.vue — recherche étudiants store retourne les étudiants mockés","status":"passed","title":"store retourne les étudiants mockés","duration":78.78209999999945,"failureMessages":[],"meta":{},"tags":[]},{"ancestorTitles":["ProfessorView.vue — recherche étudiants"],"fullName":"ProfessorView.vue — recherche étudiants store retourne les projets mockés","status":"passed","title":"store retourne les projets mockés","duration":32.50839999999971,"failureMessages":[],"meta":{},"tags":[]}],"startTime":1781990819406,"endTime":1781990819736.5083,"status":"passed","message":"","name":"C:/Users/youne/Desktop/Trusty/frontend/tests/views/professor/professordashboardview.test.js"},{"assertionResults":[{"ancestorTitles":["ProfessorHistorique.vue — rendu"],"fullName":"ProfessorHistorique.vue — rendu se monte sans erreur","status":"passed","title":"se monte sans erreur","duration":148.4326000000001,"failureMessages":[],"meta":{},"tags":[]},{"ancestorTitles":["ProfessorHistorique.vue — rendu"],"fullName":"ProfessorHistorique.vue — rendu affiche un contenu lié à l'historique","status":"passed","title":"affiche un contenu lié à l'historique","duration":16.55500000000029,"failureMessages":[],"meta":{},"tags":[]}],"startTime":1781990860091,"endTime":1781990860256.555,"status":"passed","message":"","name":"C:/Users/youne/Desktop/Trusty/frontend/tests/views/professor/professorhistoriqueview.test.js"},{"assertionResults":[{"ancestorTitles":["ProfessorMessages.vue — rendu"],"fullName":"ProfessorMessages.vue — rendu se monte sans erreur","status":"passed","title":"se monte sans erreur","duration":149.40740000000005,"failureMessages":[],"meta":{},"tags":[]},{"ancestorTitles":["ProfessorMessages.vue — rendu"],"fullName":"ProfessorMessages.vue — rendu affiche un contenu lié aux messages","status":"passed","title":"affiche un contenu lié aux messages","duration":31.481300000000374,"failureMessages":[],"meta":{},"tags":[]}],"startTime":1781990854690,"endTime":1781990854871.4812,"status":"passed","message":"","name":"C:/Users/youne/Desktop/Trusty/frontend/tests/views/professor/professormessagesview.test.js"},{"assertionResults":[{"ancestorTitles":["ProfessorNotifications.vue — rendu"],"fullName":"ProfessorNotifications.vue — rendu se monte sans erreur","status":"passed","title":"se monte sans erreur","duration":44.996399999999994,"failureMessages":[],"meta":{},"tags":[]},{"ancestorTitles":["ProfessorNotifications.vue — rendu"],"fullName":"ProfessorNotifications.vue — rendu affiche un contenu lié aux notifications","status":"passed","title":"affiche un contenu lié aux notifications","duration":8.358100000000377,"failureMessages":[],"meta":{},"tags":[]}],"startTime":1781990874205,"endTime":1781990874258.3582,"status":"passed","message":"","name":"C:/Users/youne/Desktop/Trusty/frontend/tests/views/professor/professornotificationsview.test.js"},{"assertionResults":[{"ancestorTitles":["ProfessorPortfolios.vue — rendu"],"fullName":"ProfessorPortfolios.vue — rendu se monte sans erreur","status":"passed","title":"se monte sans erreur","duration":77.86080000000038,"failureMessages":[],"meta":{},"tags":[]},{"ancestorTitles":["ProfessorPortfolios.vue — rendu"],"fullName":"ProfessorPortfolios.vue — rendu affiche un contenu lié aux portfolios","status":"passed","title":"affiche un contenu lié aux portfolios","duration":13.228100000000268,"failureMessages":[],"meta":{},"tags":[]}],"startTime":1781990860774,"endTime":1781990860865.228,"status":"passed","message":"","name":"C:/Users/youne/Desktop/Trusty/frontend/tests/views/professor/professorportfoliosview.test.js"},{"assertionResults":[{"ancestorTitles":["ProfessorProfile.vue — rendu"],"fullName":"ProfessorProfile.vue — rendu se monte sans erreur","status":"passed","title":"se monte sans erreur","duration":59.051800000000185,"failureMessages":[],"meta":{},"tags":[]},{"ancestorTitles":["ProfessorProfile.vue — rendu"],"fullName":"ProfessorProfile.vue — rendu affiche un contenu lié au profil","status":"passed","title":"affiche un contenu lié au profil","duration":10.806800000000294,"failureMessages":[],"meta":{},"tags":[]}],"startTime":1781990872672,"endTime":1781990872741.807,"status":"passed","message":"","name":"C:/Users/youne/Desktop/Trusty/frontend/tests/views/professor/professorprofileview.test.js"},{"assertionResults":[{"ancestorTitles":["ProfessorRecommendations.vue — rendu"],"fullName":"ProfessorRecommendations.vue — rendu se monte sans erreur","status":"passed","title":"se monte sans erreur","duration":135.3778000000002,"failureMessages":[],"meta":{},"tags":[]},{"ancestorTitles":["ProfessorRecommendations.vue — rendu"],"fullName":"ProfessorRecommendations.vue — rendu affiche un contenu lié aux recommandations","status":"passed","title":"affiche un contenu lié aux recommandations","duration":15.683800000000701,"failureMessages":[],"meta":{},"tags":[]}],"startTime":1781990855324,"endTime":1781990855474.6838,"status":"passed","message":"","name":"C:/Users/youne/Desktop/Trusty/frontend/tests/views/professor/professorrecommendationsview.test.js"},{"assertionResults":[{"ancestorTitles":["ProfessorValidations.vue — rendu"],"fullName":"ProfessorValidations.vue — rendu se monte sans erreur","status":"passed","title":"se monte sans erreur","duration":162.47800000000007,"failureMessages":[],"meta":{},"tags":[]},{"ancestorTitles":["ProfessorValidations.vue — rendu"],"fullName":"ProfessorValidations.vue — rendu affiche un contenu lié aux validations","status":"passed","title":"affiche un contenu lié aux validations","duration":21.600400000000263,"failureMessages":[],"meta":{},"tags":[]}],"startTime":1781990835668,"endTime":1781990835852.6003,"status":"passed","message":"","name":"C:/Users/youne/Desktop/Trusty/frontend/tests/views/professor/professorvalidationsview.test.js"},{"assertionResults":[{"ancestorTitles":["ProfessorView — Tests Unitaires"],"fullName":"ProfessorView — Tests Unitaires 1 — se monte sans erreur","status":"passed","title":"1 — se monte sans erreur","duration":167.97440000000006,"failureMessages":[],"meta":{},"tags":[]},{"ancestorTitles":["ProfessorView — Tests Unitaires"],"fullName":"ProfessorView — Tests Unitaires 2 — affiche le titre \"Éléments à valider\"","status":"passed","title":"2 — affiche le titre \"Éléments à valider\"","duration":32.684799999999996,"failureMessages":[],"meta":{},"tags":[]},{"ancestorTitles":["ProfessorView — Tests Unitaires"],"fullName":"ProfessorView — Tests Unitaires 3 — affiche le logo Trusty dans la sidebar","status":"passed","title":"3 — affiche le logo Trusty dans la sidebar","duration":44.68950000000041,"failureMessages":[],"meta":{},"tags":[]},{"ancestorTitles":["ProfessorView — Tests Unitaires"],"fullName":"ProfessorView — Tests Unitaires 4 — affiche 4 cartes de statistiques","status":"passed","title":"4 — affiche 4 cartes de statistiques","duration":40.50430000000051,"failureMessages":[],"meta":{},"tags":[]},{"ancestorTitles":["ProfessorView — Tests Unitaires"],"fullName":"ProfessorView — Tests Unitaires 5 — affiche les tabs (Projets, Stages, Activités)","status":"passed","title":"5 — affiche les tabs (Projets, Stages, Activités)","duration":23.000500000000102,"failureMessages":[],"meta":{},"tags":[]},{"ancestorTitles":["ProfessorView — Tests Unitaires"],"fullName":"ProfessorView — Tests Unitaires 6 — affiche la liste des projets à valider","status":"passed","title":"6 — affiche la liste des projets à valider","duration":26.27640000000065,"failureMessages":[],"meta":{},"tags":[]},{"ancestorTitles":["ProfessorView — Tests Unitaires"],"fullName":"ProfessorView — Tests Unitaires 7 — affiche la section \"Mes étudiants\"","status":"passed","title":"7 — affiche la section \"Mes étudiants\"","duration":14.875900000000001,"failureMessages":[],"meta":{},"tags":[]},{"ancestorTitles":["ProfessorView — Tests Unitaires"],"fullName":"ProfessorView — Tests Unitaires 8 — affiche la section \"Stages supervisés\"","status":"passed","title":"8 — affiche la section \"Stages supervisés\"","duration":14.13589999999931,"failureMessages":[],"meta":{},"tags":[]},{"ancestorTitles":["ProfessorView — Tests Unitaires"],"fullName":"ProfessorView — Tests Unitaires 9 — affiche la section \"Activité récente\" ou notifications","status":"passed","title":"9 — affiche la section \"Activité récente\" ou notifications","duration":21.003499999999804,"failureMessages":[],"meta":{},"tags":[]},{"ancestorTitles":["ProfessorView — Tests Unitaires"],"fullName":"ProfessorView — Tests Unitaires 10 — affiche des projets en attente avec le bouton \"Valider\"","status":"passed","title":"10 — affiche des projets en attente avec le bouton \"Valider\"","duration":20.899000000000342,"failureMessages":[],"meta":{},"tags":[]},{"ancestorTitles":["ProfessorView — Tests d'Intégration"],"fullName":"ProfessorView — Tests d'Intégration 11 — clic \"Valider\" change le statut du projet en \"Validé\"","status":"passed","title":"11 — clic \"Valider\" change le statut du projet en \"Validé\"","duration":24.522399999999834,"failureMessages":[],"meta":{},"tags":[]},{"ancestorTitles":["ProfessorView — Tests d'Intégration"],"fullName":"ProfessorView — Tests d'Intégration 12 — après validation, le store.validerProjet est appelé","status":"passed","title":"12 — après validation, le store.validerProjet est appelé","duration":18.608100000000377,"failureMessages":[],"meta":{},"tags":[]},{"ancestorTitles":["ProfessorView — Tests d'Intégration"],"fullName":"ProfessorView — Tests d'Intégration 13 — onglet actif par défaut est \"Projets\"","status":"passed","title":"13 — onglet actif par défaut est \"Projets\"","duration":18.786799999999857,"failureMessages":[],"meta":{},"tags":[]},{"ancestorTitles":["ProfessorView — Tests d'Intégration"],"fullName":"ProfessorView — Tests d'Intégration 14 — clic sur un onglet différent le rend actif","status":"passed","title":"14 — clic sur un onglet différent le rend actif","duration":23.722999999999956,"failureMessages":[],"meta":{},"tags":[]},{"ancestorTitles":["ProfessorView — Tests d'Intégration"],"fullName":"ProfessorView — Tests d'Intégration 15 — affiche les étudiants dans la liste","status":"passed","title":"15 — affiche les étudiants dans la liste","duration":19.35819999999967,"failureMessages":[],"meta":{},"tags":[]}],"startTime":1781990790664,"endTime":1781990791177.3582,"status":"passed","message":"","name":"C:/Users/youne/Desktop/Trusty/frontend/tests/views/professor/professorview.test.js"}]}